#
# There is insufficient memory for the Java Runtime Environment to continue.
# Native memory allocation (mmap) failed to map 121634816 bytes for G1 virtual space
# Possible reasons:
#   The system is out of physical RAM or swap space
#   The process is running with CompressedOops enabled, and the Java Heap may be blocking the growth of the native heap
# Possible solutions:
#   Reduce memory load on the system
#   Increase physical memory or swap space
#   Check if swap backing store is full
#   Decrease Java heap size (-Xmx/-Xms)
#   Decrease number of Java threads
#   Decrease Java thread stack sizes (-Xss)
#   Set larger code cache with -XX:ReservedCodeCacheSize=
#   JVM is running with Unscaled Compressed Oops mode in which the Java heap is
#     placed in the first 4GB address space. The Java Heap base address is the
#     maximum limit for the native heap growth. Please use -XX:HeapBaseMinAddress
#     to set the Java Heap base and to place the Java Heap above 4GB virtual address.
# This output file may be truncated or incomplete.
#
#  Out of Memory Error (os_windows.cpp:3548), pid=11712, tid=5356
#
# JRE version: Java(TM) SE Runtime Environment (17.0.12+8) (build 17.0.12+8-LTS-286)
# Java VM: Java HotSpot(TM) 64-Bit Server VM (17.0.12+8-LTS-286, mixed mode, sharing, tiered, compressed oops, compressed class ptrs, g1 gc, windows-amd64)
# No core dump will be written. Minidumps are not enabled by default on client versions of Windows
#

---------------  S U M M A R Y ------------

Command Line: -javaagent:C:\Program Files\JetBrains\IntelliJ IDEA Community Edition 2024.2.3\lib\idea_rt.jar=62165:C:\Program Files\JetBrains\IntelliJ IDEA Community Edition 2024.2.3\bin -Dfile.encoding=UTF-8 Main

Host: Intel(R) Core(TM) i5-6300U CPU @ 2.40GHz, 4 cores, 7G,  Windows 10 , 64 bit Build 19041 (10.0.19041.4842)
Time: Mon Sep 30 22:13:11 2024 Pakistan Standard Time elapsed time: 9.424005 seconds (0d 0h 0m 9s)

---------------  T H R E A D  ---------------

Current thread (0x000001d97ca6f9b0):  VMThread "VM Thread" [stack: 0x000000d23f700000,0x000000d23f800000] [id=5356]

Stack: [0x000000d23f700000,0x000000d23f800000]
Native frames: (J=compiled Java code, j=interpreted, Vv=VM code, C=native code)
V  [jvm.dll+0x67a04a]
V  [jvm.dll+0x7da4ed]
V  [jvm.dll+0x7dbe33]
V  [jvm.dll+0x7dc4a3]
V  [jvm.dll+0x24508f]
V  [jvm.dll+0x677089]
V  [jvm.dll+0x66bd32]
V  [jvm.dll+0x301fa6]
V  [jvm.dll+0x309546]
V  [jvm.dll+0x359d2e]
V  [jvm.dll+0x359f5f]
V  [jvm.dll+0x2d9078]
V  [jvm.dll+0x2d74ad]
V  [jvm.dll+0x2d6afc]
V  [jvm.dll+0x31a981]
V  [jvm.dll+0x7e0d9b]
V  [jvm.dll+0x7e1ad4]
V  [jvm.dll+0x7e1fed]
V  [jvm.dll+0x7e23c4]
V  [jvm.dll+0x7e2490]
V  [jvm.dll+0x78abea]
V  [jvm.dll+0x678f35]
C  [ucrtbase.dll+0x21bb2]
C  [KERNEL32.DLL+0x17374]
C  [ntdll.dll+0x4cc91]

VM_Operation (0x000000d240efdc08): G1TryInitiateConcMark, mode: safepoint, requested by thread 0x000001d97e1c9d90


---------------  P R O C E S S  ---------------

Threads class SMR info:
_java_thread_list=0x000001d97ea3c190, length=20, elements={
0x000001d97ca75930, 0x000001d97ca76ee0, 0x000001d97ca87880, 0x000001d97ca89260,
0x000001d97ca8bb40, 0x000001d97ca8c410, 0x000001d97ca8d0c0, 0x000001d97ca8ea30,
0x000001d97ca92290, 0x000001d97ca5db50, 0x000001d97cd51bc0, 0x000001d97cd520a0,
0x000001d97cf486b0, 0x000001d97cf1e6f0, 0x000001d97cfb2180, 0x000001d97e66aa60,
0x000001d97e1cacc0, 0x000001d97e1c9d90, 0x000001d97e1ca2a0, 0x000001d97e1cb6e0
}

Java Threads: ( => current thread )
  0x000001d97ca75930 JavaThread "Reference Handler" daemon [_thread_blocked, id=10792, stack(0x000000d23f800000,0x000000d23f900000)]
  0x000001d97ca76ee0 JavaThread "Finalizer" daemon [_thread_blocked, id=5460, stack(0x000000d23f900000,0x000000d23fa00000)]
  0x000001d97ca87880 JavaThread "Signal Dispatcher" daemon [_thread_blocked, id=1848, stack(0x000000d23fa00000,0x000000d23fb00000)]
  0x000001d97ca89260 JavaThread "Attach Listener" daemon [_thread_blocked, id=8228, stack(0x000000d23fb00000,0x000000d23fc00000)]
  0x000001d97ca8bb40 JavaThread "Service Thread" daemon [_thread_blocked, id=9524, stack(0x000000d23fc00000,0x000000d23fd00000)]
  0x000001d97ca8c410 JavaThread "Monitor Deflation Thread" daemon [_thread_blocked, id=12476, stack(0x000000d23fd00000,0x000000d23fe00000)]
  0x000001d97ca8d0c0 JavaThread "C2 CompilerThread0" daemon [_thread_blocked, id=13108, stack(0x000000d23fe00000,0x000000d23ff00000)]
  0x000001d97ca8ea30 JavaThread "C1 CompilerThread0" daemon [_thread_blocked, id=7344, stack(0x000000d23ff00000,0x000000d240000000)]
  0x000001d97ca92290 JavaThread "Sweeper thread" daemon [_thread_blocked, id=12200, stack(0x000000d240000000,0x000000d240100000)]
  0x000001d97ca5db50 JavaThread "Common-Cleaner" daemon [_thread_blocked, id=2448, stack(0x000000d240100000,0x000000d240200000)]
  0x000001d97cd51bc0 JavaThread "Monitor Ctrl-Break" daemon [_thread_in_native, id=3744, stack(0x000000d240200000,0x000000d240300000)]
  0x000001d97cd520a0 JavaThread "Notification Thread" daemon [_thread_blocked, id=13300, stack(0x000000d240300000,0x000000d240400000)]
  0x000001d97cf486b0 JavaThread "Java2D Disposer" daemon [_thread_blocked, id=11248, stack(0x000000d240600000,0x000000d240700000)]
  0x000001d97cf1e6f0 JavaThread "AWT-Windows" daemon [_thread_blocked, id=7840, stack(0x000000d240800000,0x000000d240900000)]
  0x000001d97cfb2180 JavaThread "Image Fetcher 0" daemon [_thread_blocked, id=5592, stack(0x000000d240900000,0x000000d240a00000)]
  0x000001d97e66aa60 JavaThread "Image Fetcher 1" daemon [_thread_blocked, id=14920, stack(0x000000d240700000,0x000000d240800000)]
  0x000001d97e1cacc0 JavaThread "AWT-Shutdown" [_thread_blocked, id=6564, stack(0x000000d240d00000,0x000000d240e00000)]
  0x000001d97e1c9d90 JavaThread "AWT-EventQueue-0" [_thread_blocked, id=10704, stack(0x000000d240e00000,0x000000d240f00000)]
  0x000001d97e1ca2a0 JavaThread "DestroyJavaVM" [_thread_blocked, id=1200, stack(0x000000d23f100000,0x000000d23f200000)]
  0x000001d97e1cb6e0 JavaThread "TimerQueue" daemon [_thread_blocked, id=11092, stack(0x000000d241200000,0x000000d241300000)]

Other Threads:
=>0x000001d97ca6f9b0 VMThread "VM Thread" [stack: 0x000000d23f700000,0x000000d23f800000] [id=5356]
  0x000001d97cce18a0 WatcherThread [stack: 0x000000d240400000,0x000000d240500000] [id=12588]
  0x000001d95d33cde0 GCTaskThread "GC Thread#0" [stack: 0x000000d23f200000,0x000000d23f300000] [id=1376]
  0x000001d97e1cfb60 GCTaskThread "GC Thread#1" [stack: 0x000000d240a00000,0x000000d240b00000] [id=5804]
  0x000001d97e171bf0 GCTaskThread "GC Thread#2" [stack: 0x000000d240b00000,0x000000d240c00000] [id=14504]
  0x000001d97e171eb0 GCTaskThread "GC Thread#3" [stack: 0x000000d240c00000,0x000000d240d00000] [id=14872]
  0x000001d95d34e850 ConcurrentGCThread "G1 Main Marker" [stack: 0x000000d23f300000,0x000000d23f400000] [id=2532]
  0x000001d95d34f170 ConcurrentGCThread "G1 Conc#0" [stack: 0x000000d23f400000,0x000000d23f500000] [id=9284]
  0x000001d95d3b7c10 ConcurrentGCThread "G1 Refine#0" [stack: 0x000000d23f500000,0x000000d23f600000] [id=4440]
  0x000001d97c9306e0 ConcurrentGCThread "G1 Service" [stack: 0x000000d23f600000,0x000000d23f700000] [id=9276]

Threads with active compile tasks:

VM state: at safepoint (normal execution)

VM Mutex/Monitor currently owned by a thread:  ([mutex/lock_event])
[0x000001d95d2e1670] Threads_lock - owner thread: 0x000001d97ca6f9b0
[0x000001d95d2dfa50] Heap_lock - owner thread: 0x000001d97e1c9d90

Heap address: 0x0000000082000000, size: 2016 MB, Compressed Oops mode: 32-bit

CDS archive(s) mapped at: [0x000001d900000000-0x000001d900bd0000-0x000001d900bd0000), size 12386304, SharedBaseAddress: 0x000001d900000000, ArchiveRelocationMode: 1.
Compressed class space mapped at: 0x000001d901000000-0x000001d941000000, reserved size: 1073741824
Narrow klass base: 0x000001d900000000, Narrow klass shift: 0, Narrow klass range: 0x100000000

GC Precious Log:
 CPUs: 4 total, 4 available
 Memory: 8059M
 Large Page Support: Disabled
 NUMA Support: Disabled
 Compressed Oops: Enabled (32-bit)
 Heap Region Size: 1M
 Heap Min Capacity: 8M
 Heap Initial Capacity: 126M
 Heap Max Capacity: 2016M
 Pre-touch: Disabled
 Parallel Workers: 4
 Concurrent Workers: 1
 Concurrent Refinement Workers: 4
 Periodic GC: Disabled

Heap:
 garbage-first heap   total 198656K, used 114156K [0x0000000082000000, 0x0000000100000000)
  region size 1024K, 1 young (1024K), 1 survivors (1024K)
 Metaspace       used 8962K, committed 9152K, reserved 1114112K
  class space    used 1034K, committed 1152K, reserved 1048576K

Heap Regions: E=young(eden), S=young(survivor), O=old, HS=humongous(starts), HC=humongous(continues), CS=collection set, F=free, OA=open archive, CA=closed archive, TAMS=top-at-mark-start (previous, next)
|   0|0x0000000082000000, 0x0000000082100000, 0x0000000082100000|100%|HS|  |TAMS 0x0000000082100000, 0x0000000082100000| Complete 
|   1|0x0000000082100000, 0x0000000082200000, 0x0000000082200000|100%|HC|  |TAMS 0x0000000082200000, 0x0000000082200000| Complete 
|   2|0x0000000082200000, 0x0000000082300000, 0x0000000082300000|100%|HC|  |TAMS 0x0000000082300000, 0x0000000082300000| Complete 
|   3|0x0000000082300000, 0x0000000082400000, 0x0000000082400000|100%|HC|  |TAMS 0x0000000082400000, 0x0000000082400000| Complete 
|   4|0x0000000082400000, 0x0000000082500000, 0x0000000082500000|100%|HC|  |TAMS 0x0000000082500000, 0x0000000082500000| Complete 
|   5|0x0000000082500000, 0x0000000082600000, 0x0000000082600000|100%|HC|  |TAMS 0x0000000082600000, 0x0000000082600000| Complete 
|   6|0x0000000082600000, 0x0000000082700000, 0x0000000082700000|100%|HC|  |TAMS 0x0000000082700000, 0x0000000082700000| Complete 
|   7|0x0000000082700000, 0x0000000082800000, 0x0000000082800000|100%|HC|  |TAMS 0x0000000082800000, 0x0000000082800000| Complete 
|   8|0x0000000082800000, 0x0000000082900000, 0x0000000082900000|100%|HC|  |TAMS 0x0000000082900000, 0x0000000082900000| Complete 
|   9|0x0000000082900000, 0x0000000082a00000, 0x0000000082a00000|100%|HC|  |TAMS 0x0000000082a00000, 0x0000000082a00000| Complete 
|  10|0x0000000082a00000, 0x0000000082b00000, 0x0000000082b00000|100%|HC|  |TAMS 0x0000000082b00000, 0x0000000082b00000| Complete 
|  11|0x0000000082b00000, 0x0000000082c00000, 0x0000000082c00000|100%|HC|  |TAMS 0x0000000082c00000, 0x0000000082c00000| Complete 
|  12|0x0000000082c00000, 0x0000000082d00000, 0x0000000082d00000|100%|HC|  |TAMS 0x0000000082d00000, 0x0000000082d00000| Complete 
|  13|0x0000000082d00000, 0x0000000082e00000, 0x0000000082e00000|100%|HC|  |TAMS 0x0000000082e00000, 0x0000000082e00000| Complete 
|  14|0x0000000082e00000, 0x0000000082f00000, 0x0000000082f00000|100%|HC|  |TAMS 0x0000000082f00000, 0x0000000082f00000| Complete 
|  15|0x0000000082f00000, 0x0000000083000000, 0x0000000083000000|100%|HC|  |TAMS 0x0000000083000000, 0x0000000083000000| Complete 
|  16|0x0000000083000000, 0x0000000083100000, 0x0000000083100000|100%|HC|  |TAMS 0x0000000083100000, 0x0000000083100000| Complete 
|  17|0x0000000083100000, 0x0000000083200000, 0x0000000083200000|100%|HC|  |TAMS 0x0000000083200000, 0x0000000083200000| Complete 
|  18|0x0000000083200000, 0x0000000083300000, 0x0000000083300000|100%|HC|  |TAMS 0x0000000083300000, 0x0000000083300000| Complete 
|  19|0x0000000083300000, 0x0000000083400000, 0x0000000083400000|100%|HC|  |TAMS 0x0000000083400000, 0x0000000083400000| Complete 
|  20|0x0000000083400000, 0x0000000083500000, 0x0000000083500000|100%|HC|  |TAMS 0x0000000083500000, 0x0000000083500000| Complete 
|  21|0x0000000083500000, 0x0000000083600000, 0x0000000083600000|100%|HC|  |TAMS 0x0000000083600000, 0x0000000083600000| Complete 
|  22|0x0000000083600000, 0x0000000083700000, 0x0000000083700000|100%|HC|  |TAMS 0x0000000083700000, 0x0000000083700000| Complete 
|  23|0x0000000083700000, 0x0000000083800000, 0x0000000083800000|100%|HC|  |TAMS 0x0000000083800000, 0x0000000083800000| Complete 
|  24|0x0000000083800000, 0x0000000083900000, 0x0000000083900000|100%|HC|  |TAMS 0x0000000083900000, 0x0000000083900000| Complete 
|  25|0x0000000083900000, 0x0000000083a00000, 0x0000000083a00000|100%|HC|  |TAMS 0x0000000083a00000, 0x0000000083a00000| Complete 
|  26|0x0000000083a00000, 0x0000000083b00000, 0x0000000083b00000|100%|HC|  |TAMS 0x0000000083b00000, 0x0000000083b00000| Complete 
|  27|0x0000000083b00000, 0x0000000083c00000, 0x0000000083c00000|100%|HC|  |TAMS 0x0000000083c00000, 0x0000000083c00000| Complete 
|  28|0x0000000083c00000, 0x0000000083d00000, 0x0000000083d00000|100%|HC|  |TAMS 0x0000000083d00000, 0x0000000083d00000| Complete 
|  29|0x0000000083d00000, 0x0000000083e00000, 0x0000000083e00000|100%|HC|  |TAMS 0x0000000083e00000, 0x0000000083e00000| Complete 
|  30|0x0000000083e00000, 0x0000000083f00000, 0x0000000083f00000|100%|HC|  |TAMS 0x0000000083f00000, 0x0000000083f00000| Complete 
|  31|0x0000000083f00000, 0x0000000084000000, 0x0000000084000000|100%|HC|  |TAMS 0x0000000084000000, 0x0000000084000000| Complete 
|  32|0x0000000084000000, 0x0000000084100000, 0x0000000084100000|100%|HC|  |TAMS 0x0000000084100000, 0x0000000084100000| Complete 
|  33|0x0000000084100000, 0x0000000084200000, 0x0000000084200000|100%|HC|  |TAMS 0x0000000084200000, 0x0000000084200000| Complete 
|  34|0x0000000084200000, 0x0000000084300000, 0x0000000084300000|100%|HC|  |TAMS 0x0000000084300000, 0x0000000084300000| Complete 
|  35|0x0000000084300000, 0x0000000084300000, 0x0000000084400000|  0%| F|  |TAMS 0x0000000084300000, 0x0000000084300000| Untracked 
|  36|0x0000000084400000, 0x0000000084500000, 0x0000000084500000|100%| O|  |TAMS 0x0000000084500000, 0x0000000084500000| Untracked 
|  37|0x0000000084500000, 0x0000000084600000, 0x0000000084600000|100%|HS|  |TAMS 0x0000000084600000, 0x0000000084600000| Complete 
|  38|0x0000000084600000, 0x0000000084700000, 0x0000000084700000|100%|HC|  |TAMS 0x0000000084700000, 0x0000000084700000| Complete 
|  39|0x0000000084700000, 0x0000000084800000, 0x0000000084800000|100%|HC|  |TAMS 0x0000000084800000, 0x0000000084800000| Complete 
|  40|0x0000000084800000, 0x0000000084900000, 0x0000000084900000|100%|HC|  |TAMS 0x0000000084900000, 0x0000000084900000| Complete 
|  41|0x0000000084900000, 0x0000000084a00000, 0x0000000084a00000|100%|HC|  |TAMS 0x0000000084a00000, 0x0000000084a00000| Complete 
|  42|0x0000000084a00000, 0x0000000084b00000, 0x0000000084b00000|100%|HC|  |TAMS 0x0000000084b00000, 0x0000000084b00000| Complete 
|  43|0x0000000084b00000, 0x0000000084c00000, 0x0000000084c00000|100%|HC|  |TAMS 0x0000000084c00000, 0x0000000084c00000| Complete 
|  44|0x0000000084c00000, 0x0000000084d00000, 0x0000000084d00000|100%|HC|  |TAMS 0x0000000084d00000, 0x0000000084d00000| Complete 
|  45|0x0000000084d00000, 0x0000000084e00000, 0x0000000084e00000|100%|HC|  |TAMS 0x0000000084e00000, 0x0000000084e00000| Complete 
|  46|0x0000000084e00000, 0x0000000084f00000, 0x0000000084f00000|100%|HC|  |TAMS 0x0000000084f00000, 0x0000000084f00000| Complete 
|  47|0x0000000084f00000, 0x0000000085000000, 0x0000000085000000|100%|HC|  |TAMS 0x0000000085000000, 0x0000000085000000| Complete 
|  48|0x0000000085000000, 0x0000000085100000, 0x0000000085100000|100%|HC|  |TAMS 0x0000000085100000, 0x0000000085100000| Complete 
|  49|0x0000000085100000, 0x0000000085200000, 0x0000000085200000|100%|HC|  |TAMS 0x0000000085200000, 0x0000000085200000| Complete 
|  50|0x0000000085200000, 0x0000000085300000, 0x0000000085300000|100%|HC|  |TAMS 0x0000000085300000, 0x0000000085300000| Complete 
|  51|0x0000000085300000, 0x0000000085400000, 0x0000000085400000|100%|HC|  |TAMS 0x0000000085400000, 0x0000000085400000| Complete 
|  52|0x0000000085400000, 0x0000000085500000, 0x0000000085500000|100%|HC|  |TAMS 0x0000000085500000, 0x0000000085500000| Complete 
|  53|0x0000000085500000, 0x0000000085600000, 0x0000000085600000|100%|HC|  |TAMS 0x0000000085600000, 0x0000000085600000| Complete 
|  54|0x0000000085600000, 0x0000000085700000, 0x0000000085700000|100%|HC|  |TAMS 0x0000000085700000, 0x0000000085700000| Complete 
|  55|0x0000000085700000, 0x0000000085800000, 0x0000000085800000|100%|HC|  |TAMS 0x0000000085800000, 0x0000000085800000| Complete 
|  56|0x0000000085800000, 0x0000000085900000, 0x0000000085900000|100%|HC|  |TAMS 0x0000000085900000, 0x0000000085900000| Complete 
|  57|0x0000000085900000, 0x0000000085a00000, 0x0000000085a00000|100%|HC|  |TAMS 0x0000000085a00000, 0x0000000085a00000| Complete 
|  58|0x0000000085a00000, 0x0000000085b00000, 0x0000000085b00000|100%|HC|  |TAMS 0x0000000085b00000, 0x0000000085b00000| Complete 
|  59|0x0000000085b00000, 0x0000000085c00000, 0x0000000085c00000|100%|HC|  |TAMS 0x0000000085c00000, 0x0000000085c00000| Complete 
|  60|0x0000000085c00000, 0x0000000085d00000, 0x0000000085d00000|100%|HC|  |TAMS 0x0000000085d00000, 0x0000000085d00000| Complete 
|  61|0x0000000085d00000, 0x0000000085e00000, 0x0000000085e00000|100%|HC|  |TAMS 0x0000000085e00000, 0x0000000085e00000| Complete 
|  62|0x0000000085e00000, 0x0000000085f00000, 0x0000000085f00000|100%|HC|  |TAMS 0x0000000085f00000, 0x0000000085f00000| Complete 
|  63|0x0000000085f00000, 0x0000000086000000, 0x0000000086000000|100%|HC|  |TAMS 0x0000000086000000, 0x0000000086000000| Complete 
|  64|0x0000000086000000, 0x0000000086100000, 0x0000000086100000|100%|HC|  |TAMS 0x0000000086100000, 0x0000000086100000| Complete 
|  65|0x0000000086100000, 0x0000000086200000, 0x0000000086200000|100%|HC|  |TAMS 0x0000000086200000, 0x0000000086200000| Complete 
|  66|0x0000000086200000, 0x0000000086300000, 0x0000000086300000|100%|HC|  |TAMS 0x0000000086300000, 0x0000000086300000| Complete 
|  67|0x0000000086300000, 0x0000000086400000, 0x0000000086400000|100%|HC|  |TAMS 0x0000000086400000, 0x0000000086400000| Complete 
|  68|0x0000000086400000, 0x0000000086500000, 0x0000000086500000|100%|HC|  |TAMS 0x0000000086500000, 0x0000000086500000| Complete 
|  69|0x0000000086500000, 0x0000000086600000, 0x0000000086600000|100%|HC|  |TAMS 0x0000000086600000, 0x0000000086600000| Complete 
|  70|0x0000000086600000, 0x0000000086700000, 0x0000000086700000|100%|HC|  |TAMS 0x0000000086700000, 0x0000000086700000| Complete 
|  71|0x0000000086700000, 0x0000000086800000, 0x0000000086800000|100%|HC|  |TAMS 0x0000000086800000, 0x0000000086800000| Complete 
|  72|0x0000000086800000, 0x0000000086900000, 0x0000000086900000|100%|HC|  |TAMS 0x0000000086900000, 0x0000000086900000| Complete 
|  73|0x0000000086900000, 0x0000000086a00000, 0x0000000086a00000|100%|HC|  |TAMS 0x0000000086a00000, 0x0000000086a00000| Complete 
|  74|0x0000000086a00000, 0x0000000086b00000, 0x0000000086b00000|100%|HC|  |TAMS 0x0000000086b00000, 0x0000000086b00000| Complete 
|  75|0x0000000086b00000, 0x0000000086c00000, 0x0000000086c00000|100%|HC|  |TAMS 0x0000000086c00000, 0x0000000086c00000| Complete 
|  76|0x0000000086c00000, 0x0000000086d00000, 0x0000000086d00000|100%|HC|  |TAMS 0x0000000086d00000, 0x0000000086d00000| Complete 
|  77|0x0000000086d00000, 0x0000000086e00000, 0x0000000086e00000|100%|HC|  |TAMS 0x0000000086e00000, 0x0000000086e00000| Complete 
|  78|0x0000000086e00000, 0x0000000086f00000, 0x0000000086f00000|100%|HC|  |TAMS 0x0000000086f00000, 0x0000000086f00000| Complete 
|  79|0x0000000086f00000, 0x0000000087000000, 0x0000000087000000|100%|HC|  |TAMS 0x0000000087000000, 0x0000000087000000| Complete 
|  80|0x0000000087000000, 0x0000000087100000, 0x0000000087100000|100%| O|  |TAMS 0x0000000087100000, 0x0000000087100000| Untracked 
|  81|0x0000000087100000, 0x0000000087175e00, 0x0000000087200000| 46%| O|  |TAMS 0x0000000087175e00, 0x0000000087175e00| Untracked 
|  82|0x0000000087200000, 0x0000000087200000, 0x0000000087300000|  0%| F|  |TAMS 0x0000000087200000, 0x0000000087200000| Untracked 
|  83|0x0000000087300000, 0x0000000087300000, 0x0000000087400000|  0%| F|  |TAMS 0x0000000087300000, 0x0000000087300000| Untracked 
|  84|0x0000000087400000, 0x0000000087500000, 0x0000000087500000|100%|HS|  |TAMS 0x0000000087500000, 0x0000000087500000| Complete 
|  85|0x0000000087500000, 0x0000000087600000, 0x0000000087600000|100%|HC|  |TAMS 0x0000000087600000, 0x0000000087600000| Complete 
|  86|0x0000000087600000, 0x0000000087700000, 0x0000000087700000|100%|HC|  |TAMS 0x0000000087700000, 0x0000000087700000| Complete 
|  87|0x0000000087700000, 0x0000000087700000, 0x0000000087800000|  0%| F|  |TAMS 0x0000000087700000, 0x0000000087700000| Untracked 
|  88|0x0000000087800000, 0x0000000087800000, 0x0000000087900000|  0%| F|  |TAMS 0x0000000087800000, 0x0000000087800000| Untracked 
|  89|0x0000000087900000, 0x0000000087900000, 0x0000000087a00000|  0%| F|  |TAMS 0x0000000087900000, 0x0000000087900000| Untracked 
|  90|0x0000000087a00000, 0x0000000087a00000, 0x0000000087b00000|  0%| F|  |TAMS 0x0000000087a00000, 0x0000000087a00000| Untracked 
|  91|0x0000000087b00000, 0x0000000087c00000, 0x0000000087c00000|100%|HS|  |TAMS 0x0000000087b00000, 0x0000000087c00000| Complete 
|  92|0x0000000087c00000, 0x0000000087d00000, 0x0000000087d00000|100%|HC|  |TAMS 0x0000000087c00000, 0x0000000087d00000| Complete 
|  93|0x0000000087d00000, 0x0000000087d00000, 0x0000000087e00000|  0%| F|  |TAMS 0x0000000087d00000, 0x0000000087d00000| Untracked 
|  94|0x0000000087e00000, 0x0000000087f00000, 0x0000000087f00000|100%|HS|  |TAMS 0x0000000087f00000, 0x0000000087f00000| Complete 
|  95|0x0000000087f00000, 0x0000000088000000, 0x0000000088000000|100%|HC|  |TAMS 0x0000000088000000, 0x0000000088000000| Complete 
|  96|0x0000000088000000, 0x0000000088100000, 0x0000000088100000|100%|HC|  |TAMS 0x0000000088100000, 0x0000000088100000| Complete 
|  97|0x0000000088100000, 0x0000000088100000, 0x0000000088200000|  0%| F|  |TAMS 0x0000000088100000, 0x0000000088100000| Untracked 
|  98|0x0000000088200000, 0x0000000088300000, 0x0000000088300000|100%|HS|  |TAMS 0x0000000088300000, 0x0000000088300000| Complete 
|  99|0x0000000088300000, 0x0000000088300000, 0x0000000088400000|  0%| F|  |TAMS 0x0000000088300000, 0x0000000088300000| Untracked 
| 100|0x0000000088400000, 0x0000000088400000, 0x0000000088500000|  0%| F|  |TAMS 0x0000000088400000, 0x0000000088400000| Untracked 
| 101|0x0000000088500000, 0x0000000088500000, 0x0000000088600000|  0%| F|  |TAMS 0x0000000088500000, 0x0000000088500000| Untracked 
| 102|0x0000000088600000, 0x0000000088700000, 0x0000000088700000|100%|HS|  |TAMS 0x0000000088700000, 0x0000000088700000| Complete 
| 103|0x0000000088700000, 0x0000000088800000, 0x0000000088800000|100%|HC|  |TAMS 0x0000000088800000, 0x0000000088800000| Complete 
| 104|0x0000000088800000, 0x0000000088900000, 0x0000000088900000|100%|HC|  |TAMS 0x0000000088900000, 0x0000000088900000| Complete 
| 105|0x0000000088900000, 0x0000000088900000, 0x0000000088a00000|  0%| F|  |TAMS 0x0000000088900000, 0x0000000088900000| Untracked 
| 106|0x0000000088a00000, 0x0000000088b00000, 0x0000000088b00000|100%|HS|  |TAMS 0x0000000088b00000, 0x0000000088b00000| Complete 
| 107|0x0000000088b00000, 0x0000000088c00000, 0x0000000088c00000|100%|HS|  |TAMS 0x0000000088c00000, 0x0000000088c00000| Complete 
| 108|0x0000000088c00000, 0x0000000088d00000, 0x0000000088d00000|100%|HC|  |TAMS 0x0000000088d00000, 0x0000000088d00000| Complete 
| 109|0x0000000088d00000, 0x0000000088d00000, 0x0000000088e00000|  0%| F|  |TAMS 0x0000000088d00000, 0x0000000088d00000| Untracked 
| 110|0x0000000088e00000, 0x0000000088e00000, 0x0000000088f00000|  0%| F|  |TAMS 0x0000000088e00000, 0x0000000088e00000| Untracked 
| 111|0x0000000088f00000, 0x0000000088f00000, 0x0000000089000000|  0%| F|  |TAMS 0x0000000088f00000, 0x0000000088f00000| Untracked 
| 112|0x0000000089000000, 0x0000000089100000, 0x0000000089100000|100%|HS|  |TAMS 0x0000000089100000, 0x0000000089100000| Complete 
| 113|0x0000000089100000, 0x0000000089200000, 0x0000000089200000|100%|HC|  |TAMS 0x0000000089200000, 0x0000000089200000| Complete 
| 114|0x0000000089200000, 0x0000000089300000, 0x0000000089300000|100%|HC|  |TAMS 0x0000000089300000, 0x0000000089300000| Complete 
| 115|0x0000000089300000, 0x0000000089300000, 0x0000000089400000|  0%| F|  |TAMS 0x0000000089300000, 0x0000000089300000| Untracked 
| 116|0x0000000089400000, 0x0000000089400000, 0x0000000089500000|  0%| F|  |TAMS 0x0000000089400000, 0x0000000089400000| Untracked 
| 117|0x0000000089500000, 0x0000000089500000, 0x0000000089600000|  0%| F|  |TAMS 0x0000000089500000, 0x0000000089500000| Untracked 
| 118|0x0000000089600000, 0x0000000089600000, 0x0000000089700000|  0%| F|  |TAMS 0x0000000089600000, 0x0000000089600000| Untracked 
| 119|0x0000000089700000, 0x0000000089700000, 0x0000000089800000|  0%| F|  |TAMS 0x0000000089700000, 0x0000000089700000| Untracked 
| 120|0x0000000089800000, 0x0000000089800000, 0x0000000089900000|  0%| F|  |TAMS 0x0000000089800000, 0x0000000089800000| Untracked 
| 121|0x0000000089900000, 0x0000000089900000, 0x0000000089a00000|  0%| F|  |TAMS 0x0000000089900000, 0x0000000089900000| Untracked 
| 122|0x0000000089a00000, 0x0000000089a00000, 0x0000000089b00000|  0%| F|  |TAMS 0x0000000089a00000, 0x0000000089a00000| Untracked 
| 123|0x0000000089b00000, 0x0000000089b00000, 0x0000000089c00000|  0%| F|  |TAMS 0x0000000089b00000, 0x0000000089b00000| Untracked 
| 124|0x0000000089c00000, 0x0000000089c00000, 0x0000000089d00000|  0%| F|  |TAMS 0x0000000089c00000, 0x0000000089c00000| Untracked 
| 125|0x0000000089d00000, 0x0000000089d00000, 0x0000000089e00000|  0%| F|  |TAMS 0x0000000089d00000, 0x0000000089d00000| Untracked 
| 126|0x0000000089e00000, 0x0000000089e00000, 0x0000000089f00000|  0%| F|  |TAMS 0x0000000089e00000, 0x0000000089e00000| Untracked 
| 127|0x0000000089f00000, 0x0000000089f00000, 0x000000008a000000|  0%| F|  |TAMS 0x0000000089f00000, 0x0000000089f00000| Untracked 
| 128|0x000000008a000000, 0x000000008a000000, 0x000000008a100000|  0%| F|  |TAMS 0x000000008a000000, 0x000000008a000000| Untracked 
| 129|0x000000008a100000, 0x000000008a100000, 0x000000008a200000|  0%| F|  |TAMS 0x000000008a100000, 0x000000008a100000| Untracked 
| 130|0x000000008a200000, 0x000000008a200000, 0x000000008a300000|  0%| F|  |TAMS 0x000000008a200000, 0x000000008a200000| Untracked 
| 131|0x000000008a300000, 0x000000008a300000, 0x000000008a400000|  0%| F|  |TAMS 0x000000008a300000, 0x000000008a300000| Untracked 
| 132|0x000000008a400000, 0x000000008a400000, 0x000000008a500000|  0%| F|  |TAMS 0x000000008a400000, 0x000000008a400000| Untracked 
| 133|0x000000008a500000, 0x000000008a500000, 0x000000008a600000|  0%| F|  |TAMS 0x000000008a500000, 0x000000008a500000| Untracked 
| 134|0x000000008a600000, 0x000000008a600000, 0x000000008a700000|  0%| F|  |TAMS 0x000000008a600000, 0x000000008a600000| Untracked 
| 135|0x000000008a700000, 0x000000008a700000, 0x000000008a800000|  0%| F|  |TAMS 0x000000008a700000, 0x000000008a700000| Untracked 
| 136|0x000000008a800000, 0x000000008a800000, 0x000000008a900000|  0%| F|  |TAMS 0x000000008a800000, 0x000000008a800000| Untracked 
| 137|0x000000008a900000, 0x000000008a900000, 0x000000008aa00000|  0%| F|  |TAMS 0x000000008a900000, 0x000000008a900000| Untracked 
| 138|0x000000008aa00000, 0x000000008aa00000, 0x000000008ab00000|  0%| F|  |TAMS 0x000000008aa00000, 0x000000008aa00000| Untracked 
| 139|0x000000008ab00000, 0x000000008ab00000, 0x000000008ac00000|  0%| F|  |TAMS 0x000000008ab00000, 0x000000008ab00000| Untracked 
| 140|0x000000008ac00000, 0x000000008ac00000, 0x000000008ad00000|  0%| F|  |TAMS 0x000000008ac00000, 0x000000008ac00000| Untracked 
| 141|0x000000008ad00000, 0x000000008ad00000, 0x000000008ae00000|  0%| F|  |TAMS 0x000000008ad00000, 0x000000008ad00000| Untracked 
| 142|0x000000008ae00000, 0x000000008ae00000, 0x000000008af00000|  0%| F|  |TAMS 0x000000008ae00000, 0x000000008ae00000| Untracked 
| 143|0x000000008af00000, 0x000000008af00000, 0x000000008b000000|  0%| F|  |TAMS 0x000000008af00000, 0x000000008af00000| Untracked 
| 144|0x000000008b000000, 0x000000008b100000, 0x000000008b100000|100%|HS|  |TAMS 0x000000008b100000, 0x000000008b100000| Complete 
| 145|0x000000008b100000, 0x000000008b200000, 0x000000008b200000|100%|HC|  |TAMS 0x000000008b200000, 0x000000008b200000| Complete 
| 146|0x000000008b200000, 0x000000008b300000, 0x000000008b300000|100%|HC|  |TAMS 0x000000008b300000, 0x000000008b300000| Complete 
| 147|0x000000008b300000, 0x000000008b400000, 0x000000008b400000|100%|HC|  |TAMS 0x000000008b400000, 0x000000008b400000| Complete 
| 148|0x000000008b400000, 0x000000008b500000, 0x000000008b500000|100%|HC|  |TAMS 0x000000008b500000, 0x000000008b500000| Complete 
| 149|0x000000008b500000, 0x000000008b600000, 0x000000008b600000|100%|HC|  |TAMS 0x000000008b600000, 0x000000008b600000| Complete 
| 150|0x000000008b600000, 0x000000008b700000, 0x000000008b700000|100%|HC|  |TAMS 0x000000008b700000, 0x000000008b700000| Complete 
| 151|0x000000008b700000, 0x000000008b800000, 0x000000008b800000|100%|HC|  |TAMS 0x000000008b800000, 0x000000008b800000| Complete 
| 152|0x000000008b800000, 0x000000008b900000, 0x000000008b900000|100%|HC|  |TAMS 0x000000008b900000, 0x000000008b900000| Complete 
| 153|0x000000008b900000, 0x000000008ba00000, 0x000000008ba00000|100%|HC|  |TAMS 0x000000008ba00000, 0x000000008ba00000| Complete 
| 154|0x000000008ba00000, 0x000000008bb00000, 0x000000008bb00000|100%|HC|  |TAMS 0x000000008bb00000, 0x000000008bb00000| Complete 
| 155|0x000000008bb00000, 0x000000008bc00000, 0x000000008bc00000|100%|HC|  |TAMS 0x000000008bc00000, 0x000000008bc00000| Complete 
| 156|0x000000008bc00000, 0x000000008bd00000, 0x000000008bd00000|100%|HC|  |TAMS 0x000000008bd00000, 0x000000008bd00000| Complete 
| 157|0x000000008bd00000, 0x000000008bd00000, 0x000000008be00000|  0%| F|  |TAMS 0x000000008bd00000, 0x000000008bd00000| Untracked 
| 158|0x000000008be00000, 0x000000008be00000, 0x000000008bf00000|  0%| F|  |TAMS 0x000000008be00000, 0x000000008be00000| Untracked 
| 159|0x000000008bf00000, 0x000000008bf00000, 0x000000008c000000|  0%| F|  |TAMS 0x000000008bf00000, 0x000000008bf00000| Untracked 
| 160|0x000000008c000000, 0x000000008c000000, 0x000000008c100000|  0%| F|  |TAMS 0x000000008c000000, 0x000000008c000000| Untracked 
| 161|0x000000008c100000, 0x000000008c100000, 0x000000008c200000|  0%| F|  |TAMS 0x000000008c100000, 0x000000008c100000| Untracked 
| 162|0x000000008c200000, 0x000000008c200000, 0x000000008c300000|  0%| F|  |TAMS 0x000000008c200000, 0x000000008c200000| Untracked 
| 163|0x000000008c300000, 0x000000008c300000, 0x000000008c400000|  0%| F|  |TAMS 0x000000008c300000, 0x000000008c300000| Untracked 
| 164|0x000000008c400000, 0x000000008c400000, 0x000000008c500000|  0%| F|  |TAMS 0x000000008c400000, 0x000000008c400000| Untracked 
| 165|0x000000008c500000, 0x000000008c500000, 0x000000008c600000|  0%| F|  |TAMS 0x000000008c500000, 0x000000008c500000| Untracked 
| 166|0x000000008c600000, 0x000000008c600000, 0x000000008c700000|  0%| F|  |TAMS 0x000000008c600000, 0x000000008c600000| Untracked 
| 167|0x000000008c700000, 0x000000008c700000, 0x000000008c800000|  0%| F|  |TAMS 0x000000008c700000, 0x000000008c700000| Untracked 
| 168|0x000000008c800000, 0x000000008c800000, 0x000000008c900000|  0%| F|  |TAMS 0x000000008c800000, 0x000000008c800000| Untracked 
| 169|0x000000008c900000, 0x000000008c900000, 0x000000008ca00000|  0%| F|  |TAMS 0x000000008c900000, 0x000000008c900000| Untracked 
| 170|0x000000008ca00000, 0x000000008ca00000, 0x000000008cb00000|  0%| F|  |TAMS 0x000000008ca00000, 0x000000008ca00000| Untracked 
| 171|0x000000008cb00000, 0x000000008cb00000, 0x000000008cc00000|  0%| F|  |TAMS 0x000000008cb00000, 0x000000008cb00000| Untracked 
| 172|0x000000008cc00000, 0x000000008cc00000, 0x000000008cd00000|  0%| F|  |TAMS 0x000000008cc00000, 0x000000008cc00000| Untracked 
| 173|0x000000008cd00000, 0x000000008cd00000, 0x000000008ce00000|  0%| F|  |TAMS 0x000000008cd00000, 0x000000008cd00000| Untracked 
| 174|0x000000008ce00000, 0x000000008ce00000, 0x000000008cf00000|  0%| F|  |TAMS 0x000000008ce00000, 0x000000008ce00000| Untracked 
| 175|0x000000008cf00000, 0x000000008cf00000, 0x000000008d000000|  0%| F|  |TAMS 0x000000008cf00000, 0x000000008cf00000| Untracked 
| 176|0x000000008d000000, 0x000000008d000000, 0x000000008d100000|  0%| F|  |TAMS 0x000000008d000000, 0x000000008d000000| Untracked 
| 177|0x000000008d100000, 0x000000008d100000, 0x000000008d200000|  0%| F|  |TAMS 0x000000008d100000, 0x000000008d100000| Untracked 
| 178|0x000000008d200000, 0x000000008d200000, 0x000000008d300000|  0%| F|  |TAMS 0x000000008d200000, 0x000000008d200000| Untracked 
| 179|0x000000008d300000, 0x000000008d300000, 0x000000008d400000|  0%| F|  |TAMS 0x000000008d300000, 0x000000008d300000| Untracked 
| 180|0x000000008d400000, 0x000000008d400000, 0x000000008d500000|  0%| F|  |TAMS 0x000000008d400000, 0x000000008d400000| Untracked 
| 181|0x000000008d500000, 0x000000008d500000, 0x000000008d600000|  0%| F|  |TAMS 0x000000008d500000, 0x000000008d500000| Untracked 
| 182|0x000000008d600000, 0x000000008d600000, 0x000000008d700000|  0%| F|  |TAMS 0x000000008d600000, 0x000000008d600000| Untracked 
| 183|0x000000008d700000, 0x000000008d700000, 0x000000008d800000|  0%| F|  |TAMS 0x000000008d700000, 0x000000008d700000| Untracked 
| 184|0x000000008d800000, 0x000000008d800000, 0x000000008d900000|  0%| F|  |TAMS 0x000000008d800000, 0x000000008d800000| Untracked 
| 185|0x000000008d900000, 0x000000008d900000, 0x000000008da00000|  0%| F|  |TAMS 0x000000008d900000, 0x000000008d900000| Untracked 
| 186|0x000000008da00000, 0x000000008da00000, 0x000000008db00000|  0%| F|  |TAMS 0x000000008da00000, 0x000000008da00000| Untracked 
| 187|0x000000008db00000, 0x000000008db00000, 0x000000008dc00000|  0%| F|  |TAMS 0x000000008db00000, 0x000000008db00000| Untracked 
| 188|0x000000008dc00000, 0x000000008dc00000, 0x000000008dd00000|  0%| F|  |TAMS 0x000000008dc00000, 0x000000008dc00000| Untracked 
| 189|0x000000008dd00000, 0x000000008dd00000, 0x000000008de00000|  0%| F|  |TAMS 0x000000008dd00000, 0x000000008dd00000| Untracked 
| 190|0x000000008de00000, 0x000000008de00000, 0x000000008df00000|  0%| F|  |TAMS 0x000000008de00000, 0x000000008de00000| Untracked 
| 191|0x000000008df00000, 0x000000008df00000, 0x000000008e000000|  0%| F|  |TAMS 0x000000008df00000, 0x000000008df00000| Untracked 
| 192|0x000000008e000000, 0x000000008e005230, 0x000000008e100000|  2%| S|CS|TAMS 0x000000008e000000, 0x000000008e000000| Complete 
| 193|0x000000008e100000, 0x000000008e100000, 0x000000008e200000|  0%| F|  |TAMS 0x000000008e100000, 0x000000008e100000| Untracked 

Card table byte_map: [0x000001d975da0000,0x000001d976190000] _byte_map_base: 0x000001d975990000

Marking Bits (Prev, Next): (CMBitMap*) 0x000001d95d33e320, (CMBitMap*) 0x000001d95d33e360
 Prev Bits: [0x000001d976580000, 0x000001d978500000)
 Next Bits: [0x000001d978500000, 0x000001d97a480000)

Polling page: 0x000001d95d180000

Metaspace:

Usage:
  Non-class:      7.74 MB used.
      Class:      1.01 MB used.
       Both:      8.75 MB used.

Virtual space:
  Non-class space:       64.00 MB reserved,       7.81 MB ( 12%) committed,  1 nodes.
      Class space:        1.00 GB reserved,       1.12 MB ( <1%) committed,  1 nodes.
             Both:        1.06 GB reserved,       8.94 MB ( <1%) committed. 

Chunk freelists:
   Non-Class:  8.19 MB
       Class:  14.72 MB
        Both:  22.91 MB

MaxMetaspaceSize: unlimited
CompressedClassSpaceSize: 1.00 GB
Initial GC threshold: 21.00 MB
Current GC threshold: 21.00 MB
CDS: on
MetaspaceReclaimPolicy: balanced
 - commit_granule_bytes: 65536.
 - commit_granule_words: 8192.
 - virtual_space_node_default_size: 8388608.
 - enlarge_chunks_in_place: 1.
 - new_chunks_are_fully_committed: 0.
 - uncommit_free_chunks: 1.
 - use_allocation_guard: 0.
 - handle_deallocations: 1.


Internal statistics:

num_allocs_failed_limit: 0.
num_arena_births: 120.
num_arena_deaths: 0.
num_vsnodes_births: 2.
num_vsnodes_deaths: 0.
num_space_committed: 143.
num_space_uncommitted: 0.
num_chunks_returned_to_freelist: 0.
num_chunks_taken_from_freelist: 184.
num_chunk_merges: 0.
num_chunk_splits: 97.
num_chunks_enlarged: 30.
num_inconsistent_stats: 0.

CodeHeap 'non-profiled nmethods': size=120000Kb used=792Kb max_used=792Kb free=119207Kb
 bounds [0x000001d96de60000, 0x000001d96e0d0000, 0x000001d975390000]
CodeHeap 'profiled nmethods': size=120000Kb used=2220Kb max_used=2220Kb free=117779Kb
 bounds [0x000001d966390000, 0x000001d966600000, 0x000001d96d8c0000]
CodeHeap 'non-nmethods': size=5760Kb used=1287Kb max_used=1370Kb free=4472Kb
 bounds [0x000001d96d8c0000, 0x000001d96db30000, 0x000001d96de60000]
 total_blobs=1883 nmethods=1262 adapters=534
 compilation: enabled
              stopped_count=0, restarted_count=0
 full_count=0

Compilation events (20 events):
Event: 9.402 Thread 0x000001d97ca8ea30 1254       1       javax.swing.JComponent::isManagingFocus (2 bytes)
Event: 9.402 Thread 0x000001d97ca8ea30 nmethod 1254 0x000001d96df24d90 code [0x000001d96df24f20, 0x000001d96df24ff8]
Event: 9.403 Thread 0x000001d97ca8d0c0 1255       4       java.lang.System::getSecurityManager (12 bytes)
Event: 9.403 Thread 0x000001d97ca8d0c0 nmethod 1255 0x000001d96df25090 code [0x000001d96df25200, 0x000001d96df25278]
Event: 9.404 Thread 0x000001d97ca8ea30 1256       3       java.awt.Component::updateGraphicsData (34 bytes)
Event: 9.404 Thread 0x000001d97ca8ea30 nmethod 1256 0x000001d9665b9e10 code [0x000001d9665b9fe0, 0x000001d9665ba328]
Event: 9.404 Thread 0x000001d97ca8ea30 1257       3       java.awt.Component::updateSelfGraphicsData (38 bytes)
Event: 9.404 Thread 0x000001d97ca8ea30 nmethod 1257 0x000001d9665ba410 code [0x000001d9665ba600, 0x000001d9665bab08]
Event: 9.407 Thread 0x000001d97ca8ea30 1258       3       java.awt.Container::hasHeavyweightDescendants (17 bytes)
Event: 9.408 Thread 0x000001d97ca8ea30 nmethod 1258 0x000001d9665bac90 code [0x000001d9665bae60, 0x000001d9665bb1b8]
Event: 9.408 Thread 0x000001d97ca8ea30 1259       1       java.awt.Component::isMinimumSizeSet (5 bytes)
Event: 9.408 Thread 0x000001d97ca8ea30 nmethod 1259 0x000001d96df25390 code [0x000001d96df25520, 0x000001d96df255f8]
Event: 9.408 Thread 0x000001d97ca8ea30 1260       1       java.awt.Window::getContainer (2 bytes)
Event: 9.408 Thread 0x000001d97ca8ea30 nmethod 1260 0x000001d96df25690 code [0x000001d96df25820, 0x000001d96df258f8]
Event: 9.408 Thread 0x000001d97ca8ea30 1261       1       java.awt.Component::isPreferredSizeSet (5 bytes)
Event: 9.408 Thread 0x000001d97ca8ea30 nmethod 1261 0x000001d96df25990 code [0x000001d96df25b20, 0x000001d96df25bf8]
Event: 9.408 Thread 0x000001d97ca8ea30 1262       1       java.awt.Component::isMaximumSizeSet (5 bytes)
Event: 9.408 Thread 0x000001d97ca8ea30 nmethod 1262 0x000001d96df25c90 code [0x000001d96df25e20, 0x000001d96df25ef8]
Event: 9.415 Thread 0x000001d97ca8ea30 1263       1       sun.util.locale.StringTokenIterator::current (5 bytes)
Event: 9.415 Thread 0x000001d97ca8ea30 nmethod 1263 0x000001d96df25f90 code [0x000001d96df26120, 0x000001d96df261f8]

GC Heap History (17 events):
Event: 0.657 GC heap before
{Heap before GC invocations=0 (full 0):
 garbage-first heap   total 129024K, used 48128K [0x0000000082000000, 0x0000000100000000)
  region size 1024K, 13 young (13312K), 0 survivors (0K)
 Metaspace       used 4859K, committed 5056K, reserved 1114112K
  class space    used 526K, committed 640K, reserved 1048576K
}
Event: 0.661 GC heap after
{Heap after GC invocations=1 (full 0):
 garbage-first heap   total 129024K, used 37539K [0x0000000082000000, 0x0000000100000000)
  region size 1024K, 2 young (2048K), 2 survivors (2048K)
 Metaspace       used 4859K, committed 5056K, reserved 1114112K
  class space    used 526K, committed 640K, reserved 1048576K
}
Event: 0.835 GC heap before
{Heap before GC invocations=1 (full 0):
 garbage-first heap   total 129024K, used 55971K [0x0000000082000000, 0x0000000100000000)
  region size 1024K, 20 young (20480K), 2 survivors (2048K)
 Metaspace       used 4860K, committed 5056K, reserved 1114112K
  class space    used 526K, committed 640K, reserved 1048576K
}
Event: 0.837 GC heap after
{Heap after GC invocations=2 (full 0):
 garbage-first heap   total 129024K, used 37483K [0x0000000082000000, 0x0000000100000000)
  region size 1024K, 0 young (0K), 0 survivors (0K)
 Metaspace       used 4860K, committed 5056K, reserved 1114112K
  class space    used 526K, committed 640K, reserved 1048576K
}
Event: 1.308 GC heap before
{Heap before GC invocations=2 (full 0):
 garbage-first heap   total 129024K, used 47723K [0x0000000082000000, 0x0000000100000000)
  region size 1024K, 11 young (11264K), 0 survivors (0K)
 Metaspace       used 4902K, committed 5056K, reserved 1114112K
  class space    used 530K, committed 640K, reserved 1048576K
}
Event: 1.309 GC heap after
{Heap after GC invocations=3 (full 0):
 garbage-first heap   total 129024K, used 37569K [0x0000000082000000, 0x0000000100000000)
  region size 1024K, 1 young (1024K), 1 survivors (1024K)
 Metaspace       used 4902K, committed 5056K, reserved 1114112K
  class space    used 530K, committed 640K, reserved 1048576K
}
Event: 1.495 GC heap before
{Heap before GC invocations=3 (full 0):
 garbage-first heap   total 129024K, used 123585K [0x0000000082000000, 0x0000000100000000)
  region size 1024K, 44 young (45056K), 1 survivors (1024K)
 Metaspace       used 4907K, committed 5056K, reserved 1114112K
  class space    used 531K, committed 640K, reserved 1048576K
}
Event: 1.496 GC heap after
{Heap after GC invocations=4 (full 0):
 garbage-first heap   total 129024K, used 81569K [0x0000000082000000, 0x0000000100000000)
  region size 1024K, 1 young (1024K), 1 survivors (1024K)
 Metaspace       used 4907K, committed 5056K, reserved 1114112K
  class space    used 531K, committed 640K, reserved 1048576K
}
Event: 1.506 GC heap before
{Heap before GC invocations=4 (full 0):
 garbage-first heap   total 129024K, used 82593K [0x0000000082000000, 0x0000000100000000)
  region size 1024K, 3 young (3072K), 1 survivors (1024K)
 Metaspace       used 4907K, committed 5056K, reserved 1114112K
  class space    used 531K, committed 640K, reserved 1048576K
}
Event: 1.507 GC heap after
{Heap after GC invocations=5 (full 0):
 garbage-first heap   total 129024K, used 81573K [0x0000000082000000, 0x0000000100000000)
  region size 1024K, 1 young (1024K), 1 survivors (1024K)
 Metaspace       used 4907K, committed 5056K, reserved 1114112K
  class space    used 531K, committed 640K, reserved 1048576K
}
Event: 9.190 GC heap before
{Heap before GC invocations=6 (full 0):
 garbage-first heap   total 160768K, used 156325K [0x0000000082000000, 0x0000000100000000)
  region size 1024K, 27 young (27648K), 1 survivors (1024K)
 Metaspace       used 8958K, committed 9152K, reserved 1114112K
  class space    used 1034K, committed 1152K, reserved 1048576K
}
Event: 9.193 GC heap after
{Heap after GC invocations=7 (full 0):
 garbage-first heap   total 160768K, used 117395K [0x0000000082000000, 0x0000000100000000)
  region size 1024K, 2 young (2048K), 2 survivors (2048K)
 Metaspace       used 8958K, committed 9152K, reserved 1114112K
  class space    used 1034K, committed 1152K, reserved 1048576K
}
Event: 9.212 GC heap before
{Heap before GC invocations=7 (full 0):
 garbage-first heap   total 160768K, used 121491K [0x0000000082000000, 0x0000000100000000)
  region size 1024K, 7 young (7168K), 2 survivors (2048K)
 Metaspace       used 8960K, committed 9152K, reserved 1114112K
  class space    used 1034K, committed 1152K, reserved 1048576K
}
Event: 9.215 GC heap after
{Heap after GC invocations=8 (full 0):
 garbage-first heap   total 160768K, used 115159K [0x0000000082000000, 0x0000000100000000)
  region size 1024K, 0 young (0K), 0 survivors (0K)
 Metaspace       used 8960K, committed 9152K, reserved 1114112K
  class space    used 1034K, committed 1152K, reserved 1048576K
}
Event: 9.239 GC heap before
{Heap before GC invocations=8 (full 0):
 garbage-first heap   total 160768K, used 117207K [0x0000000082000000, 0x0000000100000000)
  region size 1024K, 3 young (3072K), 0 survivors (0K)
 Metaspace       used 8960K, committed 9152K, reserved 1114112K
  class space    used 1034K, committed 1152K, reserved 1048576K
}
Event: 9.239 GC heap after
{Heap after GC invocations=9 (full 0):
 garbage-first heap   total 160768K, used 115196K [0x0000000082000000, 0x0000000100000000)
  region size 1024K, 1 young (1024K), 1 survivors (1024K)
 Metaspace       used 8960K, committed 9152K, reserved 1114112K
  class space    used 1034K, committed 1152K, reserved 1048576K
}
Event: 9.418 GC heap before
{Heap before GC invocations=10 (full 0):
 garbage-first heap   total 198656K, used 117244K [0x0000000082000000, 0x0000000100000000)
  region size 1024K, 3 young (3072K), 1 survivors (1024K)
 Metaspace       used 8962K, committed 9152K, reserved 1114112K
  class space    used 1034K, committed 1152K, reserved 1048576K
}

Deoptimization events (20 events):
Event: 5.773 Thread 0x000001d97e66aa60 DEOPT PACKING pc=0x000001d96deee660 sp=0x000000d2407fe110
Event: 5.773 Thread 0x000001d97e66aa60 DEOPT UNPACKING pc=0x000001d96d9123a3 sp=0x000000d2407fe0f8 mode 2
Event: 6.104 Thread 0x000001d97e66aa60 DEOPT PACKING pc=0x000001d96651b66c sp=0x000000d2407feee0
Event: 6.104 Thread 0x000001d97e66aa60 DEOPT UNPACKING pc=0x000001d96d912b43 sp=0x000000d2407fe3b0 mode 0
Event: 6.104 Thread 0x000001d97e66aa60 Uncommon trap: trap_request=0xffffffe4 fr.pc=0x000001d96def0cc8 relative=0x0000000000001688
Event: 6.104 Thread 0x000001d97e66aa60 Uncommon trap: reason=range_check action=make_not_entrant pc=0x000001d96def0cc8 method=java.awt.image.DirectColorModel.setFields()V @ 6 c2
Event: 6.104 Thread 0x000001d97e66aa60 DEOPT PACKING pc=0x000001d96def0cc8 sp=0x000000d2407fef00
Event: 6.104 Thread 0x000001d97e66aa60 DEOPT UNPACKING pc=0x000001d96d9123a3 sp=0x000000d2407fed38 mode 2
Event: 6.108 Thread 0x000001d97cfb2180 Uncommon trap: trap_request=0xffffffbe fr.pc=0x000001d96deee660 relative=0x00000000000018e0
Event: 6.108 Thread 0x000001d97cfb2180 Uncommon trap: reason=profile_predicate action=maybe_recompile pc=0x000001d96deee660 method=sun.awt.image.ImageRepresentation.convertToRGB()V @ 154 c2
Event: 6.108 Thread 0x000001d97cfb2180 DEOPT PACKING pc=0x000001d96deee660 sp=0x000000d2409fdff0
Event: 6.108 Thread 0x000001d97cfb2180 DEOPT UNPACKING pc=0x000001d96d9123a3 sp=0x000000d2409fdfd8 mode 2
Event: 7.203 Thread 0x000001d97e1c9d90 DEOPT PACKING pc=0x000001d9664e2f26 sp=0x000000d240efda60
Event: 7.203 Thread 0x000001d97e1c9d90 DEOPT UNPACKING pc=0x000001d96d912b43 sp=0x000000d240efceb0 mode 0
Event: 8.490 Thread 0x000001d97e66aa60 DEOPT PACKING pc=0x000001d96653df66 sp=0x000000d2407fef90
Event: 8.490 Thread 0x000001d97e66aa60 DEOPT UNPACKING pc=0x000001d96d912b43 sp=0x000000d2407fe4e0 mode 0
Event: 8.778 Thread 0x000001d97cfb2180 Uncommon trap: trap_request=0xffffffbe fr.pc=0x000001d96deee660 relative=0x00000000000018e0
Event: 8.778 Thread 0x000001d97cfb2180 Uncommon trap: reason=profile_predicate action=maybe_recompile pc=0x000001d96deee660 method=sun.awt.image.ImageRepresentation.convertToRGB()V @ 154 c2
Event: 8.778 Thread 0x000001d97cfb2180 DEOPT PACKING pc=0x000001d96deee660 sp=0x000000d2409fdff0
Event: 8.778 Thread 0x000001d97cfb2180 DEOPT UNPACKING pc=0x000001d96d9123a3 sp=0x000000d2409fdfd8 mode 2

Classes unloaded (0 events):
No events

Classes redefined (0 events):
No events

Internal exceptions (15 events):
Event: 0.179 Thread 0x000001d97cd51bc0 Exception <a 'java/lang/NoSuchMethodError'{0x0000000089cccc88}: 'java.lang.Object java.lang.invoke.DirectMethodHandle$Holder.invokeStaticInit(java.lang.Object)'> (0x0000000089cccc88) 
thrown [s\open\src\hotspot\share\interpreter\linkResolver.cpp, line 759]
Event: 0.189 Thread 0x000001d97cd51bc0 Exception <a 'java/lang/NoSuchMethodError'{0x0000000089cda948}: 'void java.lang.invoke.DirectMethodHandle$Holder.invokeStatic(java.lang.Object, java.lang.Object)'> (0x0000000089cda948) 
thrown [s\open\src\hotspot\share\interpreter\linkResolver.cpp, line 759]
Event: 0.203 Thread 0x000001d95d2e53f0 Exception <a 'java/lang/ClassNotFoundException'{0x0000000089b03f20}: sun/awt/resources/spi/awtProvider> (0x0000000089b03f20) 
thrown [s\open\src\hotspot\share\classfile\systemDictionary.cpp, line 256]
Event: 0.242 Thread 0x000001d95d2e53f0 Exception <a 'java/io/FileNotFoundException'{0x0000000089b57298}> (0x0000000089b57298) 
thrown [s\open\src\hotspot\share\prims\jni.cpp, line 516]
Event: 0.256 Thread 0x000001d95d2e53f0 Exception <a 'java/io/FileNotFoundException'{0x0000000089b841c0}> (0x0000000089b841c0) 
thrown [s\open\src\hotspot\share\prims\jni.cpp, line 516]
Event: 0.362 Thread 0x000001d95d2e53f0 Exception <a 'java/lang/NoSuchMethodError'{0x0000000089a531b0}: 'void java.lang.invoke.DirectMethodHandle$Holder.invokeSpecial(java.lang.Object, java.lang.Object, java.lang.Object)'> (0x0000000089a531b0) 
thrown [s\open\src\hotspot\share\interpreter\linkResolver.cpp, line 759]
Event: 0.374 Thread 0x000001d95d2e53f0 Exception <a 'java/lang/NoSuchMethodError'{0x0000000089a7d318}: 'java.lang.Object java.lang.invoke.DirectMethodHandle$Holder.newInvokeSpecial(java.lang.Object, java.lang.Object, java.lang.Object, java.lang.Object, java.lang.Object)'> (0x0000000089a7d318) 
thrown [s\open\src\hotspot\share\interpreter\linkResolver.cpp, line 759]
Event: 0.377 Thread 0x000001d95d2e53f0 Exception <a 'java/lang/NoSuchMethodError'{0x0000000089a88f30}: 'java.lang.Object java.lang.invoke.DirectMethodHandle$Holder.invokeStatic(java.lang.Object, int, java.lang.Object, java.lang.Object, java.lang.Object, java.lang.Object)'> (0x0000000089a88f30) 
thrown [s\open\src\hotspot\share\interpreter\linkResolver.cpp, line 759]
Event: 0.386 Thread 0x000001d95d2e53f0 Exception <a 'java/lang/NoSuchMethodError'{0x0000000089aae6f0}: 'java.lang.Object java.lang.invoke.DirectMethodHandle$Holder.invokeStatic(java.lang.Object, int, java.lang.Object)'> (0x0000000089aae6f0) 
thrown [s\open\src\hotspot\share\interpreter\linkResolver.cpp, line 759]
Event: 0.436 Thread 0x000001d95d2e53f0 Exception <a 'java/lang/ClassNotFoundException'{0x0000000089966b78}: com/sun/swing/internal/plaf/metal/resources/spi/metalProvider> (0x0000000089966b78) 
thrown [s\open\src\hotspot\share\classfile\systemDictionary.cpp, line 256]
Event: 0.437 Thread 0x000001d95d2e53f0 Exception <a 'java/lang/ClassNotFoundException'{0x000000008996a9d0}: com/sun/swing/internal/plaf/basic/resources/spi/basicProvider> (0x000000008996a9d0) 
thrown [s\open\src\hotspot\share\classfile\systemDictionary.cpp, line 256]
Event: 0.464 Thread 0x000001d97cfb2180 Exception <a 'java/lang/NoSuchMethodError'{0x00000000899ff510}: 'java.lang.Object java.lang.invoke.DirectMethodHandle$Holder.newInvokeSpecial(java.lang.Object, java.lang.Object, java.lang.Object, int, int, int, int, int)'> (0x00000000899ff510) 
thrown [s\open\src\hotspot\share\interpreter\linkResolver.cpp, line 759]
Event: 2.391 Thread 0x000001d95d2e53f0 Exception <a 'java/lang/NoSuchMethodError'{0x000000008aa3fa88}: 'void java.lang.invoke.DirectMethodHandle$Holder.invokeStaticInit(java.lang.Object)'> (0x000000008aa3fa88) 
thrown [s\open\src\hotspot\share\interpreter\linkResolver.cpp, line 759]
Event: 2.453 Thread 0x000001d97cf1e6f0 Exception <a 'java/lang/NoSuchMethodError'{0x000000008aa683a0}: 'void java.lang.invoke.DirectMethodHandle$Holder.invokeVirtual(java.lang.Object, java.lang.Object)'> (0x000000008aa683a0) 
thrown [s\open\src\hotspot\share\interpreter\linkResolver.cpp, line 759]
Event: 4.912 Thread 0x000001d97cfb2180 Implicit null exception at 0x000001d96deae386 to 0x000001d96deae4ec

VM Operations (20 events):
Event: 4.488 Executing VM operation: Cleanup done
Event: 5.494 Executing VM operation: Cleanup
Event: 5.494 Executing VM operation: Cleanup done
Event: 6.494 Executing VM operation: Cleanup
Event: 6.494 Executing VM operation: Cleanup done
Event: 7.497 Executing VM operation: Cleanup
Event: 7.497 Executing VM operation: Cleanup done
Event: 8.516 Executing VM operation: Cleanup
Event: 8.516 Executing VM operation: Cleanup done
Event: 9.190 Executing VM operation: G1CollectForAllocation
Event: 9.193 Executing VM operation: G1CollectForAllocation done
Event: 9.211 Executing VM operation: G1CollectForAllocation
Event: 9.215 Executing VM operation: G1CollectForAllocation done
Event: 9.239 Executing VM operation: G1TryInitiateConcMark
Event: 9.239 Executing VM operation: G1TryInitiateConcMark done
Event: 9.247 Executing VM operation: G1Concurrent
Event: 9.248 Executing VM operation: G1Concurrent done
Event: 9.251 Executing VM operation: G1Concurrent
Event: 9.251 Executing VM operation: G1Concurrent done
Event: 9.418 Executing VM operation: G1TryInitiateConcMark

Events (20 events):
Event: 6.105 loading class jdk/internal/reflect/ByteVectorFactory
Event: 6.105 loading class jdk/internal/reflect/ByteVectorFactory done
Event: 6.105 loading class jdk/internal/reflect/ByteVectorImpl
Event: 6.105 loading class jdk/internal/reflect/ByteVector
Event: 6.105 loading class jdk/internal/reflect/ByteVector done
Event: 6.105 loading class jdk/internal/reflect/ByteVectorImpl done
Event: 6.105 loading class jdk/internal/reflect/ClassFileAssembler
Event: 6.105 loading class jdk/internal/reflect/ClassFileAssembler done
Event: 6.106 loading class jdk/internal/reflect/UTF8
Event: 6.106 loading class jdk/internal/reflect/UTF8 done
Event: 6.106 loading class jdk/internal/reflect/Label
Event: 6.106 loading class jdk/internal/reflect/Label done
Event: 6.106 loading class jdk/internal/reflect/Label$PatchInfo
Event: 6.106 loading class jdk/internal/reflect/Label$PatchInfo done
Event: 6.106 loading class jdk/internal/reflect/MethodAccessorGenerator$1
Event: 6.106 loading class jdk/internal/reflect/MethodAccessorGenerator$1 done
Event: 6.106 loading class jdk/internal/reflect/ClassDefiner
Event: 6.106 loading class jdk/internal/reflect/ClassDefiner done
Event: 6.107 loading class jdk/internal/reflect/ClassDefiner$1
Event: 6.107 loading class jdk/internal/reflect/ClassDefiner$1 done


Dynamic libraries:
0x00007ff642350000 - 0x00007ff642360000 	C:\Program Files\Java\jdk-17\bin\java.exe
0x00007ffaf1f10000 - 0x00007ffaf2108000 	C:\Windows\SYSTEM32\ntdll.dll
0x00007ffaf0110000 - 0x00007ffaf01d1000 	C:\Windows\System32\KERNEL32.DLL
0x00007ffaef710000 - 0x00007ffaefa0d000 	C:\Windows\System32\KERNELBASE.dll
0x00007ffaefe10000 - 0x00007ffaeff10000 	C:\Windows\System32\ucrtbase.dll
0x00007ffae5260000 - 0x00007ffae527b000 	C:\Program Files\Java\jdk-17\bin\VCRUNTIME140.dll
0x00007ffae51d0000 - 0x00007ffae51e9000 	C:\Program Files\Java\jdk-17\bin\jli.dll
0x00007ffaf0a80000 - 0x00007ffaf0b30000 	C:\Windows\System32\ADVAPI32.dll
0x00007ffaf1d80000 - 0x00007ffaf1e1e000 	C:\Windows\System32\msvcrt.dll
0x00007ffaf09c0000 - 0x00007ffaf0a60000 	C:\Windows\System32\sechost.dll
0x00007ffaf1350000 - 0x00007ffaf1473000 	C:\Windows\System32\RPCRT4.dll
0x00007ffaeff10000 - 0x00007ffaeff37000 	C:\Windows\System32\bcrypt.dll
0x00007ffaf0200000 - 0x00007ffaf039d000 	C:\Windows\System32\USER32.dll
0x00007ffaefa80000 - 0x00007ffaefaa2000 	C:\Windows\System32\win32u.dll
0x00007ffaf1570000 - 0x00007ffaf159b000 	C:\Windows\System32\GDI32.dll
0x00007ffaefcf0000 - 0x00007ffaefe07000 	C:\Windows\System32\gdi32full.dll
0x00007ffaef670000 - 0x00007ffaef70d000 	C:\Windows\System32\msvcp_win.dll
0x00007ffadd4f0000 - 0x00007ffadd78a000 	C:\Windows\WinSxS\amd64_microsoft.windows.common-controls_6595b64144ccf1df_6.0.19041.4355_none_60b8b9eb71f62e16\COMCTL32.dll
0x00007ffae83d0000 - 0x00007ffae83da000 	C:\Windows\SYSTEM32\VERSION.dll
0x00007ffaf1e20000 - 0x00007ffaf1e4f000 	C:\Windows\System32\IMM32.DLL
0x00007ffae9680000 - 0x00007ffae968c000 	C:\Program Files\Java\jdk-17\bin\vcruntime140_1.dll
0x00007ffaca060000 - 0x00007ffaca0ee000 	C:\Program Files\Java\jdk-17\bin\msvcp140.dll
0x00007ffab53b0000 - 0x00007ffab5f90000 	C:\Program Files\Java\jdk-17\bin\server\jvm.dll
0x00007ffaf01f0000 - 0x00007ffaf01f8000 	C:\Windows\System32\PSAPI.DLL
0x00007ffae35f0000 - 0x00007ffae35f9000 	C:\Windows\SYSTEM32\WSOCK32.dll
0x00007ffaf1d10000 - 0x00007ffaf1d7b000 	C:\Windows\System32\WS2_32.dll
0x00007ffad7310000 - 0x00007ffad7337000 	C:\Windows\SYSTEM32\WINMM.dll
0x00007ffaed440000 - 0x00007ffaed452000 	C:\Windows\SYSTEM32\kernel.appcore.dll
0x00007ffae9470000 - 0x00007ffae947a000 	C:\Program Files\Java\jdk-17\bin\jimage.dll
0x00007ffad7ee0000 - 0x00007ffad80c4000 	C:\Windows\SYSTEM32\DBGHELP.DLL
0x00007ffad7100000 - 0x00007ffad7134000 	C:\Windows\SYSTEM32\dbgcore.DLL
0x00007ffaefb00000 - 0x00007ffaefb82000 	C:\Windows\System32\bcryptPrimitives.dll
0x00007ffadcb80000 - 0x00007ffadcb8e000 	C:\Program Files\Java\jdk-17\bin\instrument.dll
0x00007ffadb630000 - 0x00007ffadb655000 	C:\Program Files\Java\jdk-17\bin\java.dll
0x00007ffac9f80000 - 0x00007ffaca057000 	C:\Program Files\Java\jdk-17\bin\jsvml.dll
0x00007ffaf15a0000 - 0x00007ffaf1d0f000 	C:\Windows\System32\SHELL32.dll
0x00007ffaed640000 - 0x00007ffaedde3000 	C:\Windows\SYSTEM32\windows.storage.dll
0x00007ffaf0530000 - 0x00007ffaf0883000 	C:\Windows\System32\combase.dll
0x00007ffaeeff0000 - 0x00007ffaef01e000 	C:\Windows\SYSTEM32\Wldp.dll
0x00007ffaf0b30000 - 0x00007ffaf0bfd000 	C:\Windows\System32\OLEAUT32.dll
0x00007ffaf0480000 - 0x00007ffaf052d000 	C:\Windows\System32\SHCORE.dll
0x00007ffaf00b0000 - 0x00007ffaf0105000 	C:\Windows\System32\shlwapi.dll
0x00007ffaef4f0000 - 0x00007ffaef514000 	C:\Windows\SYSTEM32\profapi.dll
0x00007ffadc940000 - 0x00007ffadc958000 	C:\Program Files\Java\jdk-17\bin\zip.dll
0x00007ffadc790000 - 0x00007ffadc7a9000 	C:\Program Files\Java\jdk-17\bin\net.dll
0x00007ffae5510000 - 0x00007ffae561d000 	C:\Windows\SYSTEM32\WINHTTP.dll
0x00007ffaeed50000 - 0x00007ffaeedba000 	C:\Windows\system32\mswsock.dll
0x00007ffadc3e0000 - 0x00007ffadc3f6000 	C:\Program Files\Java\jdk-17\bin\nio.dll
0x00007ffad7580000 - 0x00007ffad759a000 	C:\Program Files\JetBrains\IntelliJ IDEA Community Edition 2024.2.3\bin\breakgen64.dll
0x00007ffabd480000 - 0x00007ffabd611000 	C:\Program Files\Java\jdk-17\bin\awt.dll
0x00007ffaeb950000 - 0x00007ffaeb9e4000 	C:\Windows\SYSTEM32\apphelp.dll
0x00007ffaed140000 - 0x00007ffaed16f000 	C:\Windows\system32\DWMAPI.DLL
0x00007ffaeceb0000 - 0x00007ffaecf4e000 	C:\Windows\system32\uxtheme.dll
0x00007ffacba90000 - 0x00007ffacbbb8000 	C:\Windows\system32\opengl32.dll
0x00007ffacc650000 - 0x00007ffacc67c000 	C:\Windows\SYSTEM32\GLU32.dll
0x00007ffaf0dc0000 - 0x00007ffaf0ed5000 	C:\Windows\System32\MSCTF.dll
0x00007ffaf0890000 - 0x00007ffaf09bb000 	C:\Windows\System32\ole32.dll
0x00007ffac9ea0000 - 0x00007ffac9ece000 	C:\Program Files\Java\jdk-17\bin\javajpeg.dll
0x00007ffabeac0000 - 0x00007ffabeb47000 	C:\Program Files\Java\jdk-17\bin\freetype.dll
0x00007ffabd7d0000 - 0x00007ffabd8b1000 	C:\Program Files\Java\jdk-17\bin\fontmanager.dll
0x00007ffaf0000000 - 0x00007ffaf00a9000 	C:\Windows\System32\clbcatq.dll
0x00007ffaecc60000 - 0x00007ffaece16000 	C:\Windows\SYSTEM32\WindowsCodecs.dll
0x00007ffacbf00000 - 0x00007ffacbf3e000 	C:\Windows\system32\dataexchange.dll
0x00007ffaea2e0000 - 0x00007ffaea543000 	C:\Windows\system32\d3d11.dll
0x00007ffaea9b0000 - 0x00007ffaeab94000 	C:\Windows\system32\dcomp.dll
0x00007ffaede50000 - 0x00007ffaedf46000 	C:\Windows\system32\dxgi.dll
0x00007ffae76b0000 - 0x00007ffae78b3000 	C:\Windows\system32\twinapi.appcore.dll
0x00007ffae3930000 - 0x00007ffae3a29000 	C:\Windows\SYSTEM32\textinputframework.dll
0x00007ffaeb2e0000 - 0x00007ffaeb3d2000 	C:\Windows\System32\CoreMessaging.dll
0x00007ffaeaba0000 - 0x00007ffaeaefb000 	C:\Windows\System32\CoreUIComponents.dll
0x00007ffaebcc0000 - 0x00007ffaebe17000 	C:\Windows\SYSTEM32\wintypes.dll
0x00007ffaee850000 - 0x00007ffaee883000 	C:\Windows\SYSTEM32\ntmarta.dll

dbghelp: loaded successfully - version: 4.0.5 - missing functions: none
symbol engine: initialized successfully - sym options: 0x614 - pdb path: .;C:\Program Files\Java\jdk-17\bin;C:\Windows\SYSTEM32;C:\Windows\WinSxS\amd64_microsoft.windows.common-controls_6595b64144ccf1df_6.0.19041.4355_none_60b8b9eb71f62e16;C:\Program Files\Java\jdk-17\bin\server;C:\Program Files\JetBrains\IntelliJ IDEA Community Edition 2024.2.3\bin

VM Arguments:
jvm_args: -javaagent:C:\Program Files\JetBrains\IntelliJ IDEA Community Edition 2024.2.3\lib\idea_rt.jar=62165:C:\Program Files\JetBrains\IntelliJ IDEA Community Edition 2024.2.3\bin -Dfile.encoding=UTF-8 
java_command: Main
java_class_path (initial): C:\Users\Admin\IdeaProjects\Gui1\out\production\Gui1
Launcher Type: SUN_STANDARD

[Global flags]
     intx CICompilerCount                          = 3                                         {product} {ergonomic}
     uint ConcGCThreads                            = 1                                         {product} {ergonomic}
     uint G1ConcRefinementThreads                  = 4                                         {product} {ergonomic}
   size_t G1HeapRegionSize                         = 1048576                                   {product} {ergonomic}
    uintx GCDrainStackTargetSize                   = 64                                        {product} {ergonomic}
   size_t InitialHeapSize                          = 132120576                                 {product} {ergonomic}
   size_t MarkStackSize                            = 4194304                                   {product} {ergonomic}
   size_t MaxHeapSize                              = 2113929216                                {product} {ergonomic}
   size_t MaxNewSize                               = 1267728384                                {product} {ergonomic}
   size_t MinHeapDeltaBytes                        = 1048576                                   {product} {ergonomic}
   size_t MinHeapSize                              = 8388608                                   {product} {ergonomic}
    uintx NonNMethodCodeHeapSize                   = 5832780                                {pd product} {ergonomic}
    uintx NonProfiledCodeHeapSize                  = 122912730                              {pd product} {ergonomic}
    uintx ProfiledCodeHeapSize                     = 122912730                              {pd product} {ergonomic}
    uintx ReservedCodeCacheSize                    = 251658240                              {pd product} {ergonomic}
     bool SegmentedCodeCache                       = true                                      {product} {ergonomic}
   size_t SoftMaxHeapSize                          = 2113929216                             {manageable} {ergonomic}
     bool UseCompressedClassPointers               = true                           {product lp64_product} {ergonomic}
     bool UseCompressedOops                        = true                           {product lp64_product} {ergonomic}
     bool UseG1GC                                  = true                                      {product} {ergonomic}
     bool UseLargePagesIndividualAllocation        = false                                  {pd product} {ergonomic}

Logging:
Log output configuration:
 #0: stdout all=warning uptime,level,tags
 #1: stderr all=off uptime,level,tags

Environment Variables:
PATH=C:\Users\Admin\Documents\node-v20.17.0;C:\Program Files\Common Files\Oracle\Java\javapath;C:\Windows\system32;C:\Windows;C:\Windows\System32\Wbem;C:\Windows\System32\WindowsPowerShell\v1.0\;C:\Windows\System32\OpenSSH\;C:\Program Files (x86)\Microsoft SQL Server\160\DTS\Binn\;C:\ProgramData\chocolatey\bin;C:\Program Files\Git\cmd;C:\Users\Admin\Downloads\;C:\Users\Admin\Documents\node-v20.17.0;C:\Users\Admin\AppData\Local\Microsoft\WindowsApps;C:\Users\Admin\AppData\Local\Programs\Microsoft VS Code\bin;C:\Users\Admin\AppData\Roaming\npm
USERNAME=Admin
OS=Windows_NT
PROCESSOR_IDENTIFIER=Intel64 Family 6 Model 78 Stepping 3, GenuineIntel



---------------  S Y S T E M  ---------------

OS:
 Windows 10 , 64 bit Build 19041 (10.0.19041.4842)
OS uptime: 2 days 3:14 hours

CPU: total 4 (initial active 4) (2 cores per cpu, 2 threads per core) family 6 model 78 stepping 3 microcode 0xcc, cx8, cmov, fxsr, ht, mmx, 3dnowpref, sse, sse2, sse3, ssse3, sse4.1, sse4.2, popcnt, lzcnt, tsc, tscinvbit, avx, avx2, aes, erms, clmul, bmi1, bmi2, rtm, adx, fma, vzeroupper, clflush, clflushopt

Memory: 4k page, system-wide physical 8059M (1615M free)
TotalPageFile size 23321M (AvailPageFile size 61M)
current process WorkingSet (physical memory assigned to process): 237M, peak: 246M
current process commit charge ("private bytes"): 304M, peak: 420M

vm_info: Java HotSpot(TM) 64-Bit Server VM (17.0.12+8-LTS-286) for windows-amd64 JRE (17.0.12+8-LTS-286), built on Jun  5 2024 06:46:59 by "mach5one" with MS VC++ 17.6 (VS2022)

END.
