#
# There is insufficient memory for the Java Runtime Environment to continue.
# Native memory allocation (mmap) failed to map 38797312 bytes for G1 virtual space
# Possible reasons:
#   The system is out of physical RAM or swap space
#   The process is running with CompressedOops enabled, and the Java Heap may be blocking the growth of the native heap
# Possible solutions:
#   Reduce memory load on the system
#   Increase physical memory or swap space
#   Check if swap backing store is full
#   Decrease Java heap size (-Xmx/-Xms)
#   Decrease number of Java threads
#   Decrease Java thread stack sizes (-Xss)
#   Set larger code cache with -XX:ReservedCodeCacheSize=
#   JVM is running with Unscaled Compressed Oops mode in which the Java heap is
#     placed in the first 4GB address space. The Java Heap base address is the
#     maximum limit for the native heap growth. Please use -XX:HeapBaseMinAddress
#     to set the Java Heap base and to place the Java Heap above 4GB virtual address.
# This output file may be truncated or incomplete.
#
#  Out of Memory Error (os_windows.cpp:3548), pid=11200, tid=5988
#
# JRE version: Java(TM) SE Runtime Environment (17.0.12+8) (build 17.0.12+8-LTS-286)
# Java VM: Java HotSpot(TM) 64-Bit Server VM (17.0.12+8-LTS-286, mixed mode, sharing, tiered, compressed oops, compressed class ptrs, g1 gc, windows-amd64)
# No core dump will be written. Minidumps are not enabled by default on client versions of Windows
#

---------------  S U M M A R Y ------------

Command Line: -javaagent:C:\Program Files\JetBrains\IntelliJ IDEA Community Edition 2024.2.3\lib\idea_rt.jar=62173:C:\Program Files\JetBrains\IntelliJ IDEA Community Edition 2024.2.3\bin -Dfile.encoding=UTF-8 Main

Host: Intel(R) Core(TM) i5-6300U CPU @ 2.40GHz, 4 cores, 7G,  Windows 10 , 64 bit Build 19041 (10.0.19041.4842)
Time: Mon Sep 30 22:14:47 2024 Pakistan Standard Time elapsed time: 9.927050 seconds (0d 0h 0m 9s)

---------------  T H R E A D  ---------------

Current thread (0x000002c27f0a1990):  VMThread "VM Thread" [stack: 0x000000ccf6700000,0x000000ccf6800000] [id=5988]

Stack: [0x000000ccf6700000,0x000000ccf6800000]
Native frames: (J=compiled Java code, j=interpreted, Vv=VM code, C=native code)
V  [jvm.dll+0x67a04a]
V  [jvm.dll+0x7da4ed]
V  [jvm.dll+0x7dbe33]
V  [jvm.dll+0x7dc4a3]
V  [jvm.dll+0x24508f]
V  [jvm.dll+0x677089]
V  [jvm.dll+0x66bd32]
V  [jvm.dll+0x301fa6]
V  [jvm.dll+0x309546]
V  [jvm.dll+0x359d2e]
V  [jvm.dll+0x359f5f]
V  [jvm.dll+0x2d9078]
V  [jvm.dll+0x2dc0e6]
V  [jvm.dll+0x2e67eb]
V  [jvm.dll+0x31a870]
V  [jvm.dll+0x7e0d9b]
V  [jvm.dll+0x7e1ad4]
V  [jvm.dll+0x7e1fed]
V  [jvm.dll+0x7e23c4]
V  [jvm.dll+0x7e2490]
V  [jvm.dll+0x78abea]
V  [jvm.dll+0x678f35]
C  [ucrtbase.dll+0x21bb2]
C  [KERNEL32.DLL+0x17374]
C  [ntdll.dll+0x4cc91]

VM_Operation (0x000000ccf63ff860): G1Concurrent, mode: safepoint, requested by thread 0x000002c2677ed580


---------------  P R O C E S S  ---------------

Threads class SMR info:
_java_thread_list=0x000002c24c8b5120, length=20, elements={
0x000002c27f0a6e60, 0x000002c27f0a7ce0, 0x000002c27f0b67d0, 0x000002c27f0b8bb0,
0x000002c27f0bb580, 0x000002c27f0bbf40, 0x000002c27f0bd440, 0x000002c27f0c13f0,
0x000002c27f0dc5d0, 0x000002c27f14e800, 0x000002c24b18ad50, 0x000002c24b143a90,
0x000002c24b2f3a40, 0x000002c24b3478e0, 0x000002c24b3b4010, 0x000002c24b346b70,
0x000002c24c7d4bc0, 0x000002c24c7d7e60, 0x000002c24c7d50d0, 0x000002c24c7d5af0
}

Java Threads: ( => current thread )
  0x000002c27f0a6e60 JavaThread "Reference Handler" daemon [_thread_blocked, id=1504, stack(0x000000ccf6800000,0x000000ccf6900000)]
  0x000002c27f0a7ce0 JavaThread "Finalizer" daemon [_thread_blocked, id=5196, stack(0x000000ccf6900000,0x000000ccf6a00000)]
  0x000002c27f0b67d0 JavaThread "Signal Dispatcher" daemon [_thread_blocked, id=13192, stack(0x000000ccf6a00000,0x000000ccf6b00000)]
  0x000002c27f0b8bb0 JavaThread "Attach Listener" daemon [_thread_blocked, id=6504, stack(0x000000ccf6b00000,0x000000ccf6c00000)]
  0x000002c27f0bb580 JavaThread "Service Thread" daemon [_thread_blocked, id=3448, stack(0x000000ccf6c00000,0x000000ccf6d00000)]
  0x000002c27f0bbf40 JavaThread "Monitor Deflation Thread" daemon [_thread_blocked, id=12920, stack(0x000000ccf6d00000,0x000000ccf6e00000)]
  0x000002c27f0bd440 JavaThread "C2 CompilerThread0" daemon [_thread_blocked, id=14624, stack(0x000000ccf6e00000,0x000000ccf6f00000)]
  0x000002c27f0c13f0 JavaThread "C1 CompilerThread0" daemon [_thread_blocked, id=9568, stack(0x000000ccf6f00000,0x000000ccf7000000)]
  0x000002c27f0dc5d0 JavaThread "Sweeper thread" daemon [_thread_blocked, id=12824, stack(0x000000ccf7000000,0x000000ccf7100000)]
  0x000002c27f14e800 JavaThread "Common-Cleaner" daemon [_thread_blocked, id=11016, stack(0x000000ccf7100000,0x000000ccf7200000)]
  0x000002c24b18ad50 JavaThread "Monitor Ctrl-Break" daemon [_thread_in_native, id=14684, stack(0x000000ccf7200000,0x000000ccf7300000)]
  0x000002c24b143a90 JavaThread "Notification Thread" daemon [_thread_blocked, id=6584, stack(0x000000ccf7300000,0x000000ccf7400000)]
  0x000002c24b2f3a40 JavaThread "Java2D Disposer" daemon [_thread_blocked, id=15060, stack(0x000000ccf7500000,0x000000ccf7600000)]
  0x000002c24b3478e0 JavaThread "AWT-Windows" daemon [_thread_in_native, id=14620, stack(0x000000ccf7700000,0x000000ccf7800000)]
  0x000002c24b3b4010 JavaThread "Image Fetcher 0" daemon [_thread_blocked, id=14816, stack(0x000000ccf7800000,0x000000ccf7900000)]
  0x000002c24b346b70 JavaThread "Image Fetcher 1" daemon [_thread_blocked, id=8180, stack(0x000000ccf7600000,0x000000ccf7700000)]
  0x000002c24c7d4bc0 JavaThread "AWT-Shutdown" [_thread_blocked, id=3296, stack(0x000000ccf7c00000,0x000000ccf7d00000)]
  0x000002c24c7d7e60 JavaThread "AWT-EventQueue-0" [_thread_blocked, id=14644, stack(0x000000ccf7d00000,0x000000ccf7e00000)]
  0x000002c24c7d50d0 JavaThread "DestroyJavaVM" [_thread_blocked, id=11648, stack(0x000000ccf6100000,0x000000ccf6200000)]
  0x000002c24c7d5af0 JavaThread "TimerQueue" daemon [_thread_blocked, id=14988, stack(0x000000ccf8100000,0x000000ccf8200000)]

Other Threads:
=>0x000002c27f0a1990 VMThread "VM Thread" [stack: 0x000000ccf6700000,0x000000ccf6800000] [id=5988]
  0x000002c24b18b230 WatcherThread [stack: 0x000000ccf7400000,0x000000ccf7500000] [id=8400]
  0x000002c2677dca30 GCTaskThread "GC Thread#0" [stack: 0x000000ccf6200000,0x000000ccf6300000] [id=10476]
  0x000002c24c4e1f90 GCTaskThread "GC Thread#1" [stack: 0x000000ccf7900000,0x000000ccf7a00000] [id=3560]
  0x000002c24c4fd350 GCTaskThread "GC Thread#2" [stack: 0x000000ccf7a00000,0x000000ccf7b00000] [id=7128]
  0x000002c24c4fd610 GCTaskThread "GC Thread#3" [stack: 0x000000ccf7b00000,0x000000ccf7c00000] [id=1272]
  0x000002c2677ed580 ConcurrentGCThread "G1 Main Marker" [stack: 0x000000ccf6300000,0x000000ccf6400000] [id=4692]
  0x000002c2677ee730 ConcurrentGCThread "G1 Conc#0" [stack: 0x000000ccf6400000,0x000000ccf6500000] [id=2924]
  0x000002c27ef60090 ConcurrentGCThread "G1 Refine#0" [stack: 0x000000ccf6500000,0x000000ccf6600000] [id=13248]
  0x000002c27ef60ac0 ConcurrentGCThread "G1 Service" [stack: 0x000000ccf6600000,0x000000ccf6700000] [id=7184]

Threads with active compile tasks:

VM state: at safepoint (normal execution)

VM Mutex/Monitor currently owned by a thread:  ([mutex/lock_event])
[0x000002c26777fd50] Threads_lock - owner thread: 0x000002c27f0a1990
[0x000002c2677816a0] Heap_lock - owner thread: 0x000002c2677ed580

Heap address: 0x0000000082000000, size: 2016 MB, Compressed Oops mode: 32-bit

CDS archive(s) mapped at: [0x000002c206000000-0x000002c206bd0000-0x000002c206bd0000), size 12386304, SharedBaseAddress: 0x000002c206000000, ArchiveRelocationMode: 1.
Compressed class space mapped at: 0x000002c207000000-0x000002c247000000, reserved size: 1073741824
Narrow klass base: 0x000002c206000000, Narrow klass shift: 0, Narrow klass range: 0x100000000

GC Precious Log:
 CPUs: 4 total, 4 available
 Memory: 8059M
 Large Page Support: Disabled
 NUMA Support: Disabled
 Compressed Oops: Enabled (32-bit)
 Heap Region Size: 1M
 Heap Min Capacity: 8M
 Heap Initial Capacity: 126M
 Heap Max Capacity: 2016M
 Pre-touch: Disabled
 Parallel Workers: 4
 Concurrent Workers: 1
 Concurrent Refinement Workers: 4
 Periodic GC: Disabled

Heap:
 garbage-first heap   total 160768K, used 116200K [0x0000000082000000, 0x0000000100000000)
  region size 1024K, 2 young (2048K), 1 survivors (1024K)
 Metaspace       used 8948K, committed 9152K, reserved 1114112K
  class space    used 1034K, committed 1152K, reserved 1048576K

Heap Regions: E=young(eden), S=young(survivor), O=old, HS=humongous(starts), HC=humongous(continues), CS=collection set, F=free, OA=open archive, CA=closed archive, TAMS=top-at-mark-start (previous, next)
|   0|0x0000000082000000, 0x0000000082100000, 0x0000000082100000|100%|HS|  |TAMS 0x0000000082100000, 0x0000000082000000| Complete 
|   1|0x0000000082100000, 0x0000000082200000, 0x0000000082200000|100%|HC|  |TAMS 0x0000000082200000, 0x0000000082100000| Complete 
|   2|0x0000000082200000, 0x0000000082300000, 0x0000000082300000|100%|HC|  |TAMS 0x0000000082300000, 0x0000000082200000| Complete 
|   3|0x0000000082300000, 0x0000000082400000, 0x0000000082400000|100%|HC|  |TAMS 0x0000000082400000, 0x0000000082300000| Complete 
|   4|0x0000000082400000, 0x0000000082500000, 0x0000000082500000|100%|HC|  |TAMS 0x0000000082500000, 0x0000000082400000| Complete 
|   5|0x0000000082500000, 0x0000000082600000, 0x0000000082600000|100%|HC|  |TAMS 0x0000000082600000, 0x0000000082500000| Complete 
|   6|0x0000000082600000, 0x0000000082700000, 0x0000000082700000|100%|HC|  |TAMS 0x0000000082700000, 0x0000000082600000| Complete 
|   7|0x0000000082700000, 0x0000000082800000, 0x0000000082800000|100%|HC|  |TAMS 0x0000000082800000, 0x0000000082700000| Complete 
|   8|0x0000000082800000, 0x0000000082900000, 0x0000000082900000|100%|HC|  |TAMS 0x0000000082900000, 0x0000000082800000| Complete 
|   9|0x0000000082900000, 0x0000000082a00000, 0x0000000082a00000|100%|HC|  |TAMS 0x0000000082a00000, 0x0000000082900000| Complete 
|  10|0x0000000082a00000, 0x0000000082b00000, 0x0000000082b00000|100%|HC|  |TAMS 0x0000000082b00000, 0x0000000082a00000| Complete 
|  11|0x0000000082b00000, 0x0000000082c00000, 0x0000000082c00000|100%|HC|  |TAMS 0x0000000082c00000, 0x0000000082b00000| Complete 
|  12|0x0000000082c00000, 0x0000000082d00000, 0x0000000082d00000|100%|HC|  |TAMS 0x0000000082d00000, 0x0000000082c00000| Complete 
|  13|0x0000000082d00000, 0x0000000082e00000, 0x0000000082e00000|100%|HC|  |TAMS 0x0000000082e00000, 0x0000000082d00000| Complete 
|  14|0x0000000082e00000, 0x0000000082f00000, 0x0000000082f00000|100%|HC|  |TAMS 0x0000000082f00000, 0x0000000082e00000| Complete 
|  15|0x0000000082f00000, 0x0000000083000000, 0x0000000083000000|100%|HC|  |TAMS 0x0000000083000000, 0x0000000082f00000| Complete 
|  16|0x0000000083000000, 0x0000000083100000, 0x0000000083100000|100%|HC|  |TAMS 0x0000000083100000, 0x0000000083000000| Complete 
|  17|0x0000000083100000, 0x0000000083200000, 0x0000000083200000|100%|HC|  |TAMS 0x0000000083200000, 0x0000000083100000| Complete 
|  18|0x0000000083200000, 0x0000000083300000, 0x0000000083300000|100%|HC|  |TAMS 0x0000000083300000, 0x0000000083200000| Complete 
|  19|0x0000000083300000, 0x0000000083400000, 0x0000000083400000|100%|HC|  |TAMS 0x0000000083400000, 0x0000000083300000| Complete 
|  20|0x0000000083400000, 0x0000000083500000, 0x0000000083500000|100%|HC|  |TAMS 0x0000000083500000, 0x0000000083400000| Complete 
|  21|0x0000000083500000, 0x0000000083600000, 0x0000000083600000|100%|HC|  |TAMS 0x0000000083600000, 0x0000000083500000| Complete 
|  22|0x0000000083600000, 0x0000000083700000, 0x0000000083700000|100%|HC|  |TAMS 0x0000000083700000, 0x0000000083600000| Complete 
|  23|0x0000000083700000, 0x0000000083800000, 0x0000000083800000|100%|HC|  |TAMS 0x0000000083800000, 0x0000000083700000| Complete 
|  24|0x0000000083800000, 0x0000000083900000, 0x0000000083900000|100%|HC|  |TAMS 0x0000000083900000, 0x0000000083800000| Complete 
|  25|0x0000000083900000, 0x0000000083a00000, 0x0000000083a00000|100%|HC|  |TAMS 0x0000000083a00000, 0x0000000083900000| Complete 
|  26|0x0000000083a00000, 0x0000000083b00000, 0x0000000083b00000|100%|HC|  |TAMS 0x0000000083b00000, 0x0000000083a00000| Complete 
|  27|0x0000000083b00000, 0x0000000083c00000, 0x0000000083c00000|100%|HC|  |TAMS 0x0000000083c00000, 0x0000000083b00000| Complete 
|  28|0x0000000083c00000, 0x0000000083d00000, 0x0000000083d00000|100%|HC|  |TAMS 0x0000000083d00000, 0x0000000083c00000| Complete 
|  29|0x0000000083d00000, 0x0000000083e00000, 0x0000000083e00000|100%|HC|  |TAMS 0x0000000083e00000, 0x0000000083d00000| Complete 
|  30|0x0000000083e00000, 0x0000000083f00000, 0x0000000083f00000|100%|HC|  |TAMS 0x0000000083f00000, 0x0000000083e00000| Complete 
|  31|0x0000000083f00000, 0x0000000084000000, 0x0000000084000000|100%|HC|  |TAMS 0x0000000084000000, 0x0000000083f00000| Complete 
|  32|0x0000000084000000, 0x0000000084100000, 0x0000000084100000|100%|HC|  |TAMS 0x0000000084100000, 0x0000000084000000| Complete 
|  33|0x0000000084100000, 0x0000000084200000, 0x0000000084200000|100%|HC|  |TAMS 0x0000000084200000, 0x0000000084100000| Complete 
|  34|0x0000000084200000, 0x0000000084300000, 0x0000000084300000|100%|HC|  |TAMS 0x0000000084300000, 0x0000000084200000| Complete 
|  35|0x0000000084300000, 0x0000000084300000, 0x0000000084400000|  0%| F|  |TAMS 0x0000000084300000, 0x0000000084300000| Untracked 
|  36|0x0000000084400000, 0x0000000084500000, 0x0000000084500000|100%| O|  |TAMS 0x0000000084500000, 0x0000000084400000| Untracked 
|  37|0x0000000084500000, 0x0000000084600000, 0x0000000084600000|100%|HS|  |TAMS 0x0000000084600000, 0x0000000084500000| Complete 
|  38|0x0000000084600000, 0x0000000084700000, 0x0000000084700000|100%|HC|  |TAMS 0x0000000084700000, 0x0000000084600000| Complete 
|  39|0x0000000084700000, 0x0000000084800000, 0x0000000084800000|100%|HC|  |TAMS 0x0000000084800000, 0x0000000084700000| Complete 
|  40|0x0000000084800000, 0x0000000084900000, 0x0000000084900000|100%|HC|  |TAMS 0x0000000084900000, 0x0000000084800000| Complete 
|  41|0x0000000084900000, 0x0000000084a00000, 0x0000000084a00000|100%|HC|  |TAMS 0x0000000084a00000, 0x0000000084900000| Complete 
|  42|0x0000000084a00000, 0x0000000084b00000, 0x0000000084b00000|100%|HC|  |TAMS 0x0000000084b00000, 0x0000000084a00000| Complete 
|  43|0x0000000084b00000, 0x0000000084c00000, 0x0000000084c00000|100%|HC|  |TAMS 0x0000000084c00000, 0x0000000084b00000| Complete 
|  44|0x0000000084c00000, 0x0000000084d00000, 0x0000000084d00000|100%|HC|  |TAMS 0x0000000084d00000, 0x0000000084c00000| Complete 
|  45|0x0000000084d00000, 0x0000000084e00000, 0x0000000084e00000|100%|HC|  |TAMS 0x0000000084e00000, 0x0000000084d00000| Complete 
|  46|0x0000000084e00000, 0x0000000084f00000, 0x0000000084f00000|100%|HC|  |TAMS 0x0000000084f00000, 0x0000000084e00000| Complete 
|  47|0x0000000084f00000, 0x0000000085000000, 0x0000000085000000|100%|HC|  |TAMS 0x0000000085000000, 0x0000000084f00000| Complete 
|  48|0x0000000085000000, 0x0000000085100000, 0x0000000085100000|100%|HC|  |TAMS 0x0000000085100000, 0x0000000085000000| Complete 
|  49|0x0000000085100000, 0x0000000085200000, 0x0000000085200000|100%|HC|  |TAMS 0x0000000085200000, 0x0000000085100000| Complete 
|  50|0x0000000085200000, 0x0000000085300000, 0x0000000085300000|100%|HC|  |TAMS 0x0000000085300000, 0x0000000085200000| Complete 
|  51|0x0000000085300000, 0x0000000085400000, 0x0000000085400000|100%|HC|  |TAMS 0x0000000085400000, 0x0000000085300000| Complete 
|  52|0x0000000085400000, 0x0000000085500000, 0x0000000085500000|100%|HC|  |TAMS 0x0000000085500000, 0x0000000085400000| Complete 
|  53|0x0000000085500000, 0x0000000085600000, 0x0000000085600000|100%|HC|  |TAMS 0x0000000085600000, 0x0000000085500000| Complete 
|  54|0x0000000085600000, 0x0000000085700000, 0x0000000085700000|100%|HC|  |TAMS 0x0000000085700000, 0x0000000085600000| Complete 
|  55|0x0000000085700000, 0x0000000085800000, 0x0000000085800000|100%|HC|  |TAMS 0x0000000085800000, 0x0000000085700000| Complete 
|  56|0x0000000085800000, 0x0000000085900000, 0x0000000085900000|100%|HC|  |TAMS 0x0000000085900000, 0x0000000085800000| Complete 
|  57|0x0000000085900000, 0x0000000085a00000, 0x0000000085a00000|100%|HC|  |TAMS 0x0000000085a00000, 0x0000000085900000| Complete 
|  58|0x0000000085a00000, 0x0000000085b00000, 0x0000000085b00000|100%|HC|  |TAMS 0x0000000085b00000, 0x0000000085a00000| Complete 
|  59|0x0000000085b00000, 0x0000000085c00000, 0x0000000085c00000|100%|HC|  |TAMS 0x0000000085c00000, 0x0000000085b00000| Complete 
|  60|0x0000000085c00000, 0x0000000085d00000, 0x0000000085d00000|100%|HC|  |TAMS 0x0000000085d00000, 0x0000000085c00000| Complete 
|  61|0x0000000085d00000, 0x0000000085e00000, 0x0000000085e00000|100%|HC|  |TAMS 0x0000000085e00000, 0x0000000085d00000| Complete 
|  62|0x0000000085e00000, 0x0000000085f00000, 0x0000000085f00000|100%|HC|  |TAMS 0x0000000085f00000, 0x0000000085e00000| Complete 
|  63|0x0000000085f00000, 0x0000000086000000, 0x0000000086000000|100%|HC|  |TAMS 0x0000000086000000, 0x0000000085f00000| Complete 
|  64|0x0000000086000000, 0x0000000086100000, 0x0000000086100000|100%|HC|  |TAMS 0x0000000086100000, 0x0000000086000000| Complete 
|  65|0x0000000086100000, 0x0000000086200000, 0x0000000086200000|100%|HC|  |TAMS 0x0000000086200000, 0x0000000086100000| Complete 
|  66|0x0000000086200000, 0x0000000086300000, 0x0000000086300000|100%|HC|  |TAMS 0x0000000086300000, 0x0000000086200000| Complete 
|  67|0x0000000086300000, 0x0000000086400000, 0x0000000086400000|100%|HC|  |TAMS 0x0000000086400000, 0x0000000086300000| Complete 
|  68|0x0000000086400000, 0x0000000086500000, 0x0000000086500000|100%|HC|  |TAMS 0x0000000086500000, 0x0000000086400000| Complete 
|  69|0x0000000086500000, 0x0000000086600000, 0x0000000086600000|100%|HC|  |TAMS 0x0000000086600000, 0x0000000086500000| Complete 
|  70|0x0000000086600000, 0x0000000086700000, 0x0000000086700000|100%|HC|  |TAMS 0x0000000086700000, 0x0000000086600000| Complete 
|  71|0x0000000086700000, 0x0000000086800000, 0x0000000086800000|100%|HC|  |TAMS 0x0000000086800000, 0x0000000086700000| Complete 
|  72|0x0000000086800000, 0x0000000086900000, 0x0000000086900000|100%|HC|  |TAMS 0x0000000086900000, 0x0000000086800000| Complete 
|  73|0x0000000086900000, 0x0000000086a00000, 0x0000000086a00000|100%|HC|  |TAMS 0x0000000086a00000, 0x0000000086900000| Complete 
|  74|0x0000000086a00000, 0x0000000086b00000, 0x0000000086b00000|100%|HC|  |TAMS 0x0000000086b00000, 0x0000000086a00000| Complete 
|  75|0x0000000086b00000, 0x0000000086c00000, 0x0000000086c00000|100%|HC|  |TAMS 0x0000000086c00000, 0x0000000086b00000| Complete 
|  76|0x0000000086c00000, 0x0000000086d00000, 0x0000000086d00000|100%|HC|  |TAMS 0x0000000086d00000, 0x0000000086c00000| Complete 
|  77|0x0000000086d00000, 0x0000000086e00000, 0x0000000086e00000|100%|HC|  |TAMS 0x0000000086e00000, 0x0000000086d00000| Complete 
|  78|0x0000000086e00000, 0x0000000086f00000, 0x0000000086f00000|100%|HC|  |TAMS 0x0000000086f00000, 0x0000000086e00000| Complete 
|  79|0x0000000086f00000, 0x0000000087000000, 0x0000000087000000|100%|HC|  |TAMS 0x0000000087000000, 0x0000000086f00000| Complete 
|  80|0x0000000087000000, 0x0000000087100000, 0x0000000087100000|100%| O|  |TAMS 0x0000000087100000, 0x0000000087000000| Untracked 
|  81|0x0000000087100000, 0x0000000087170800, 0x0000000087200000| 43%| O|  |TAMS 0x0000000087170800, 0x0000000087100000| Updating 
|  82|0x0000000087200000, 0x0000000087200000, 0x0000000087300000|  0%| F|  |TAMS 0x0000000087200000, 0x0000000087200000| Untracked 
|  83|0x0000000087300000, 0x0000000087300000, 0x0000000087400000|  0%| F|  |TAMS 0x0000000087300000, 0x0000000087300000| Untracked 
|  84|0x0000000087400000, 0x0000000087500000, 0x0000000087500000|100%|HS|  |TAMS 0x0000000087500000, 0x0000000087400000| Complete 
|  85|0x0000000087500000, 0x0000000087600000, 0x0000000087600000|100%|HC|  |TAMS 0x0000000087600000, 0x0000000087500000| Complete 
|  86|0x0000000087600000, 0x0000000087700000, 0x0000000087700000|100%|HC|  |TAMS 0x0000000087700000, 0x0000000087600000| Complete 
|  87|0x0000000087700000, 0x0000000087700000, 0x0000000087800000|  0%| F|  |TAMS 0x0000000087700000, 0x0000000087700000| Untracked 
|  88|0x0000000087800000, 0x0000000087800000, 0x0000000087900000|  0%| F|  |TAMS 0x0000000087800000, 0x0000000087800000| Untracked 
|  89|0x0000000087900000, 0x0000000087a00000, 0x0000000087a00000|100%|HS|  |TAMS 0x0000000087900000, 0x0000000087900000| Complete 
|  90|0x0000000087a00000, 0x0000000087b00000, 0x0000000087b00000|100%|HC|  |TAMS 0x0000000087a00000, 0x0000000087a00000| Complete 
|  91|0x0000000087b00000, 0x0000000087c00000, 0x0000000087c00000|100%|HS|  |TAMS 0x0000000087b00000, 0x0000000087b00000| Complete 
|  92|0x0000000087c00000, 0x0000000087d00000, 0x0000000087d00000|100%|HC|  |TAMS 0x0000000087c00000, 0x0000000087c00000| Complete 
|  93|0x0000000087d00000, 0x0000000087d00000, 0x0000000087e00000|  0%| F|  |TAMS 0x0000000087d00000, 0x0000000087d00000| Untracked 
|  94|0x0000000087e00000, 0x0000000087f00000, 0x0000000087f00000|100%|HS|  |TAMS 0x0000000087f00000, 0x0000000087e00000| Complete 
|  95|0x0000000087f00000, 0x0000000088000000, 0x0000000088000000|100%|HC|  |TAMS 0x0000000088000000, 0x0000000087f00000| Complete 
|  96|0x0000000088000000, 0x0000000088100000, 0x0000000088100000|100%|HC|  |TAMS 0x0000000088100000, 0x0000000088000000| Complete 
|  97|0x0000000088100000, 0x0000000088100000, 0x0000000088200000|  0%| F|  |TAMS 0x0000000088100000, 0x0000000088100000| Untracked 
|  98|0x0000000088200000, 0x0000000088300000, 0x0000000088300000|100%|HS|  |TAMS 0x0000000088300000, 0x0000000088200000| Complete 
|  99|0x0000000088300000, 0x0000000088300000, 0x0000000088400000|  0%| F|  |TAMS 0x0000000088300000, 0x0000000088300000| Untracked 
| 100|0x0000000088400000, 0x0000000088400000, 0x0000000088500000|  0%| F|  |TAMS 0x0000000088400000, 0x0000000088400000| Untracked 
| 101|0x0000000088500000, 0x0000000088500000, 0x0000000088600000|  0%| F|  |TAMS 0x0000000088500000, 0x0000000088500000| Untracked 
| 102|0x0000000088600000, 0x0000000088700000, 0x0000000088700000|100%|HS|  |TAMS 0x0000000088700000, 0x0000000088600000| Complete 
| 103|0x0000000088700000, 0x0000000088800000, 0x0000000088800000|100%|HC|  |TAMS 0x0000000088800000, 0x0000000088700000| Complete 
| 104|0x0000000088800000, 0x0000000088900000, 0x0000000088900000|100%|HC|  |TAMS 0x0000000088900000, 0x0000000088800000| Complete 
| 105|0x0000000088900000, 0x0000000088900000, 0x0000000088a00000|  0%| F|  |TAMS 0x0000000088900000, 0x0000000088900000| Untracked 
| 106|0x0000000088a00000, 0x0000000088b00000, 0x0000000088b00000|100%|HS|  |TAMS 0x0000000088b00000, 0x0000000088a00000| Complete 
| 107|0x0000000088b00000, 0x0000000088c00000, 0x0000000088c00000|100%|HS|  |TAMS 0x0000000088c00000, 0x0000000088b00000| Complete 
| 108|0x0000000088c00000, 0x0000000088d00000, 0x0000000088d00000|100%|HC|  |TAMS 0x0000000088d00000, 0x0000000088c00000| Complete 
| 109|0x0000000088d00000, 0x0000000088d00000, 0x0000000088e00000|  0%| F|  |TAMS 0x0000000088d00000, 0x0000000088d00000| Untracked 
| 110|0x0000000088e00000, 0x0000000088e00000, 0x0000000088f00000|  0%| F|  |TAMS 0x0000000088e00000, 0x0000000088e00000| Untracked 
| 111|0x0000000088f00000, 0x0000000088f00000, 0x0000000089000000|  0%| F|  |TAMS 0x0000000088f00000, 0x0000000088f00000| Untracked 
| 112|0x0000000089000000, 0x0000000089100000, 0x0000000089100000|100%|HS|  |TAMS 0x0000000089100000, 0x0000000089000000| Complete 
| 113|0x0000000089100000, 0x0000000089200000, 0x0000000089200000|100%|HC|  |TAMS 0x0000000089200000, 0x0000000089100000| Complete 
| 114|0x0000000089200000, 0x0000000089300000, 0x0000000089300000|100%|HC|  |TAMS 0x0000000089300000, 0x0000000089200000| Complete 
| 115|0x0000000089300000, 0x0000000089300000, 0x0000000089400000|  0%| F|  |TAMS 0x0000000089300000, 0x0000000089300000| Untracked 
| 116|0x0000000089400000, 0x0000000089400000, 0x0000000089500000|  0%| F|  |TAMS 0x0000000089400000, 0x0000000089400000| Untracked 
| 117|0x0000000089500000, 0x0000000089500000, 0x0000000089600000|  0%| F|  |TAMS 0x0000000089500000, 0x0000000089500000| Untracked 
| 118|0x0000000089600000, 0x0000000089600000, 0x0000000089700000|  0%| F|  |TAMS 0x0000000089600000, 0x0000000089600000| Untracked 
| 119|0x0000000089700000, 0x0000000089700000, 0x0000000089800000|  0%| F|  |TAMS 0x0000000089700000, 0x0000000089700000| Untracked 
| 120|0x0000000089800000, 0x0000000089800000, 0x0000000089900000|  0%| F|  |TAMS 0x0000000089800000, 0x0000000089800000| Untracked 
| 121|0x0000000089900000, 0x0000000089900000, 0x0000000089a00000|  0%| F|  |TAMS 0x0000000089900000, 0x0000000089900000| Untracked 
| 122|0x0000000089a00000, 0x0000000089a00000, 0x0000000089b00000|  0%| F|  |TAMS 0x0000000089a00000, 0x0000000089a00000| Untracked 
| 123|0x0000000089b00000, 0x0000000089b00000, 0x0000000089c00000|  0%| F|  |TAMS 0x0000000089b00000, 0x0000000089b00000| Untracked 
| 124|0x0000000089c00000, 0x0000000089c00000, 0x0000000089d00000|  0%| F|  |TAMS 0x0000000089c00000, 0x0000000089c00000| Untracked 
| 125|0x0000000089d00000, 0x0000000089d00000, 0x0000000089e00000|  0%| F|  |TAMS 0x0000000089d00000, 0x0000000089d00000| Untracked 
| 126|0x0000000089e00000, 0x0000000089e00000, 0x0000000089f00000|  0%| F|  |TAMS 0x0000000089e00000, 0x0000000089e00000| Untracked 
| 127|0x0000000089f00000, 0x0000000089f00000, 0x000000008a000000|  0%| F|  |TAMS 0x0000000089f00000, 0x0000000089f00000| Untracked 
| 128|0x000000008a000000, 0x000000008a000000, 0x000000008a100000|  0%| F|  |TAMS 0x000000008a000000, 0x000000008a000000| Untracked 
| 129|0x000000008a100000, 0x000000008a100000, 0x000000008a200000|  0%| F|  |TAMS 0x000000008a100000, 0x000000008a100000| Untracked 
| 130|0x000000008a200000, 0x000000008a200000, 0x000000008a300000|  0%| F|  |TAMS 0x000000008a200000, 0x000000008a200000| Untracked 
| 131|0x000000008a300000, 0x000000008a300000, 0x000000008a400000|  0%| F|  |TAMS 0x000000008a300000, 0x000000008a300000| Untracked 
| 132|0x000000008a400000, 0x000000008a400000, 0x000000008a500000|  0%| F|  |TAMS 0x000000008a400000, 0x000000008a400000| Untracked 
| 133|0x000000008a500000, 0x000000008a500000, 0x000000008a600000|  0%| F|  |TAMS 0x000000008a500000, 0x000000008a500000| Untracked 
| 134|0x000000008a600000, 0x000000008a600000, 0x000000008a700000|  0%| F|  |TAMS 0x000000008a600000, 0x000000008a600000| Untracked 
| 135|0x000000008a700000, 0x000000008a700000, 0x000000008a800000|  0%| F|  |TAMS 0x000000008a700000, 0x000000008a700000| Untracked 
| 136|0x000000008a800000, 0x000000008a800000, 0x000000008a900000|  0%| F|  |TAMS 0x000000008a800000, 0x000000008a800000| Untracked 
| 137|0x000000008a900000, 0x000000008a900000, 0x000000008aa00000|  0%| F|  |TAMS 0x000000008a900000, 0x000000008a900000| Untracked 
| 138|0x000000008aa00000, 0x000000008aa00000, 0x000000008ab00000|  0%| F|  |TAMS 0x000000008aa00000, 0x000000008aa00000| Untracked 
| 139|0x000000008ab00000, 0x000000008ab00000, 0x000000008ac00000|  0%| F|  |TAMS 0x000000008ab00000, 0x000000008ab00000| Untracked 
| 140|0x000000008ac00000, 0x000000008ac09b30, 0x000000008ad00000|  3%| S|CS|TAMS 0x000000008ac00000, 0x000000008ac00000| Complete 
| 141|0x000000008ad00000, 0x000000008ad00000, 0x000000008ae00000|  0%| F|  |TAMS 0x000000008ad00000, 0x000000008ad00000| Untracked 
| 142|0x000000008ae00000, 0x000000008ae00000, 0x000000008af00000|  0%| F|  |TAMS 0x000000008ae00000, 0x000000008ae00000| Untracked 
| 143|0x000000008af00000, 0x000000008af787c0, 0x000000008b000000| 47%| E|  |TAMS 0x000000008af00000, 0x000000008af00000| Complete 
| 144|0x000000008b000000, 0x000000008b100000, 0x000000008b100000|100%|HS|  |TAMS 0x000000008b100000, 0x000000008b000000| Complete 
| 145|0x000000008b100000, 0x000000008b200000, 0x000000008b200000|100%|HC|  |TAMS 0x000000008b200000, 0x000000008b100000| Complete 
| 146|0x000000008b200000, 0x000000008b300000, 0x000000008b300000|100%|HC|  |TAMS 0x000000008b300000, 0x000000008b200000| Complete 
| 147|0x000000008b300000, 0x000000008b400000, 0x000000008b400000|100%|HC|  |TAMS 0x000000008b400000, 0x000000008b300000| Complete 
| 148|0x000000008b400000, 0x000000008b500000, 0x000000008b500000|100%|HC|  |TAMS 0x000000008b500000, 0x000000008b400000| Complete 
| 149|0x000000008b500000, 0x000000008b600000, 0x000000008b600000|100%|HC|  |TAMS 0x000000008b600000, 0x000000008b500000| Complete 
| 150|0x000000008b600000, 0x000000008b700000, 0x000000008b700000|100%|HC|  |TAMS 0x000000008b700000, 0x000000008b600000| Complete 
| 151|0x000000008b700000, 0x000000008b800000, 0x000000008b800000|100%|HC|  |TAMS 0x000000008b800000, 0x000000008b700000| Complete 
| 152|0x000000008b800000, 0x000000008b900000, 0x000000008b900000|100%|HC|  |TAMS 0x000000008b900000, 0x000000008b800000| Complete 
| 153|0x000000008b900000, 0x000000008ba00000, 0x000000008ba00000|100%|HC|  |TAMS 0x000000008ba00000, 0x000000008b900000| Complete 
| 154|0x000000008ba00000, 0x000000008bb00000, 0x000000008bb00000|100%|HC|  |TAMS 0x000000008bb00000, 0x000000008ba00000| Complete 
| 155|0x000000008bb00000, 0x000000008bc00000, 0x000000008bc00000|100%|HC|  |TAMS 0x000000008bc00000, 0x000000008bb00000| Complete 
| 156|0x000000008bc00000, 0x000000008bd00000, 0x000000008bd00000|100%|HC|  |TAMS 0x000000008bd00000, 0x000000008bc00000| Complete 

Card table byte_map: [0x000002c27e440000,0x000002c27e830000] _byte_map_base: 0x000002c27e030000

Marking Bits (Prev, Next): (CMBitMap*) 0x000002c2677dd050, (CMBitMap*) 0x000002c2677dd090
 Prev Bits: [0x000002c200000000, 0x000002c201f80000)
 Next Bits: [0x000002c201f80000, 0x000002c203f00000)

Polling page: 0x000002c265720000

Metaspace:

Usage:
  Non-class:      7.73 MB used.
      Class:      1.01 MB used.
       Both:      8.74 MB used.

Virtual space:
  Non-class space:       64.00 MB reserved,       7.81 MB ( 12%) committed,  1 nodes.
      Class space:        1.00 GB reserved,       1.12 MB ( <1%) committed,  1 nodes.
             Both:        1.06 GB reserved,       8.94 MB ( <1%) committed. 

Chunk freelists:
   Non-Class:  8.20 MB
       Class:  14.72 MB
        Both:  22.92 MB

MaxMetaspaceSize: unlimited
CompressedClassSpaceSize: 1.00 GB
Initial GC threshold: 21.00 MB
Current GC threshold: 21.00 MB
CDS: on
MetaspaceReclaimPolicy: balanced
 - commit_granule_bytes: 65536.
 - commit_granule_words: 8192.
 - virtual_space_node_default_size: 8388608.
 - enlarge_chunks_in_place: 1.
 - new_chunks_are_fully_committed: 0.
 - uncommit_free_chunks: 1.
 - use_allocation_guard: 0.
 - handle_deallocations: 1.


Internal statistics:

num_allocs_failed_limit: 0.
num_arena_births: 120.
num_arena_deaths: 0.
num_vsnodes_births: 2.
num_vsnodes_deaths: 0.
num_space_committed: 143.
num_space_uncommitted: 0.
num_chunks_returned_to_freelist: 0.
num_chunks_taken_from_freelist: 183.
num_chunk_merges: 0.
num_chunk_splits: 97.
num_chunks_enlarged: 30.
num_inconsistent_stats: 0.

CodeHeap 'non-profiled nmethods': size=120000Kb used=759Kb max_used=759Kb free=119240Kb
 bounds [0x000002c276b20000, 0x000002c276d90000, 0x000002c27e050000]
CodeHeap 'profiled nmethods': size=120000Kb used=2132Kb max_used=2132Kb free=117867Kb
 bounds [0x000002c26f050000, 0x000002c26f2c0000, 0x000002c276580000]
CodeHeap 'non-nmethods': size=5760Kb used=1286Kb max_used=1368Kb free=4473Kb
 bounds [0x000002c276580000, 0x000002c2767f0000, 0x000002c276b20000]
 total_blobs=1869 nmethods=1248 adapters=534
 compilation: enabled
              stopped_count=0, restarted_count=0
 full_count=0

Compilation events (20 events):
Event: 9.147 Thread 0x000002c27f0c13f0 1237       3       sun.awt.SunToolkit::getSystemEventQueueImpl (4 bytes)
Event: 9.147 Thread 0x000002c27f0c13f0 nmethod 1237 0x000002c26f262690 code [0x000002c26f262860, 0x000002c26f262b98]
Event: 9.147 Thread 0x000002c27f0c13f0 1238       3       sun.awt.SunToolkit::getSystemEventQueueImplPP (7 bytes)
Event: 9.147 Thread 0x000002c27f0c13f0 nmethod 1238 0x000002c26f262d10 code [0x000002c26f262ee0, 0x000002c26f263198]
Event: 9.158 Thread 0x000002c27f0bd440 1239   !   4       sun.awt.image.PNGImageDecoder::produceImage (1917 bytes)
Event: 9.292 Thread 0x000002c27f0bd440 nmethod 1239 0x000002c276bd4110 code [0x000002c276bd44c0, 0x000002c276bd8ef0]
Event: 9.457 Thread 0x000002c27f0bd440 1240       4       sun.awt.image.ImageRepresentation::convertToRGB (294 bytes)
Event: 9.512 Thread 0x000002c27f0bd440 nmethod 1240 0x000002c276bdae90 code [0x000002c276bdb100, 0x000002c276bdcd90]
Event: 9.794 Thread 0x000002c27f0c13f0 1241       3       java.awt.RenderingHints$Key::hashCode (5 bytes)
Event: 9.794 Thread 0x000002c27f0c13f0 nmethod 1241 0x000002c26f263290 code [0x000002c26f263420, 0x000002c26f263568]
Event: 9.802 Thread 0x000002c27f0c13f0 1243       3       java.io.FileInputStream::available (5 bytes)
Event: 9.802 Thread 0x000002c27f0c13f0 nmethod 1243 0x000002c26f263610 code [0x000002c26f2637a0, 0x000002c26f2638e8]
Event: 9.802 Thread 0x000002c27f0c13f0 1244  s    3       java.io.BufferedInputStream::available (35 bytes)
Event: 9.802 Thread 0x000002c27f0c13f0 nmethod 1244 0x000002c26f263990 code [0x000002c26f263b60, 0x000002c26f263fb8]
Event: 9.875 Thread 0x000002c27f0c13f0 1245       3       java.lang.ref.Reference::enqueueFromPending (19 bytes)
Event: 9.876 Thread 0x000002c27f0c13f0 nmethod 1245 0x000002c26f264110 code [0x000002c26f2642c0, 0x000002c26f2644e8]
Event: 9.876 Thread 0x000002c27f0c13f0 1246   !   3       java.lang.ref.ReferenceQueue::enqueue (119 bytes)
Event: 9.876 Thread 0x000002c27f0c13f0 nmethod 1246 0x000002c26f264590 code [0x000002c26f264780, 0x000002c26f264e48]
Event: 9.876 Thread 0x000002c27f0c13f0 1248       3       java.lang.ref.Reference::clear (5 bytes)
Event: 9.876 Thread 0x000002c27f0c13f0 nmethod 1248 0x000002c26f265010 code [0x000002c26f2651a0, 0x000002c26f2652e8]

GC Heap History (16 events):
Event: 0.598 GC heap before
{Heap before GC invocations=0 (full 0):
 garbage-first heap   total 129024K, used 48128K [0x0000000082000000, 0x0000000100000000)
  region size 1024K, 13 young (13312K), 0 survivors (0K)
 Metaspace       used 4854K, committed 5056K, reserved 1114112K
  class space    used 526K, committed 640K, reserved 1048576K
}
Event: 0.602 GC heap after
{Heap after GC invocations=1 (full 0):
 garbage-first heap   total 129024K, used 37528K [0x0000000082000000, 0x0000000100000000)
  region size 1024K, 2 young (2048K), 2 survivors (2048K)
 Metaspace       used 4854K, committed 5056K, reserved 1114112K
  class space    used 526K, committed 640K, reserved 1048576K
}
Event: 0.774 GC heap before
{Heap before GC invocations=1 (full 0):
 garbage-first heap   total 129024K, used 55960K [0x0000000082000000, 0x0000000100000000)
  region size 1024K, 20 young (20480K), 2 survivors (2048K)
 Metaspace       used 4856K, committed 5056K, reserved 1114112K
  class space    used 526K, committed 640K, reserved 1048576K
}
Event: 0.777 GC heap after
{Heap after GC invocations=2 (full 0):
 garbage-first heap   total 129024K, used 37485K [0x0000000082000000, 0x0000000100000000)
  region size 1024K, 0 young (0K), 0 survivors (0K)
 Metaspace       used 4856K, committed 5056K, reserved 1114112K
  class space    used 526K, committed 640K, reserved 1048576K
}
Event: 1.281 GC heap before
{Heap before GC invocations=2 (full 0):
 garbage-first heap   total 129024K, used 47725K [0x0000000082000000, 0x0000000100000000)
  region size 1024K, 11 young (11264K), 0 survivors (0K)
 Metaspace       used 4898K, committed 5056K, reserved 1114112K
  class space    used 530K, committed 640K, reserved 1048576K
}
Event: 1.281 GC heap after
{Heap after GC invocations=3 (full 0):
 garbage-first heap   total 129024K, used 37556K [0x0000000082000000, 0x0000000100000000)
  region size 1024K, 1 young (1024K), 1 survivors (1024K)
 Metaspace       used 4898K, committed 5056K, reserved 1114112K
  class space    used 530K, committed 640K, reserved 1048576K
}
Event: 1.502 GC heap before
{Heap before GC invocations=3 (full 0):
 garbage-first heap   total 129024K, used 123572K [0x0000000082000000, 0x0000000100000000)
  region size 1024K, 44 young (45056K), 1 survivors (1024K)
 Metaspace       used 4902K, committed 5056K, reserved 1114112K
  class space    used 531K, committed 640K, reserved 1048576K
}
Event: 1.503 GC heap after
{Heap after GC invocations=4 (full 0):
 garbage-first heap   total 129024K, used 81564K [0x0000000082000000, 0x0000000100000000)
  region size 1024K, 1 young (1024K), 1 survivors (1024K)
 Metaspace       used 4902K, committed 5056K, reserved 1114112K
  class space    used 531K, committed 640K, reserved 1048576K
}
Event: 1.514 GC heap before
{Heap before GC invocations=4 (full 0):
 garbage-first heap   total 129024K, used 82588K [0x0000000082000000, 0x0000000100000000)
  region size 1024K, 3 young (3072K), 1 survivors (1024K)
 Metaspace       used 4903K, committed 5056K, reserved 1114112K
  class space    used 531K, committed 640K, reserved 1048576K
}
Event: 1.514 GC heap after
{Heap after GC invocations=5 (full 0):
 garbage-first heap   total 129024K, used 81574K [0x0000000082000000, 0x0000000100000000)
  region size 1024K, 1 young (1024K), 1 survivors (1024K)
 Metaspace       used 4903K, committed 5056K, reserved 1114112K
  class space    used 531K, committed 640K, reserved 1048576K
}
Event: 9.873 GC heap before
{Heap before GC invocations=6 (full 0):
 garbage-first heap   total 160768K, used 156326K [0x0000000082000000, 0x0000000100000000)
  region size 1024K, 27 young (27648K), 1 survivors (1024K)
 Metaspace       used 8947K, committed 9152K, reserved 1114112K
  class space    used 1034K, committed 1152K, reserved 1048576K
}
Event: 9.875 GC heap after
{Heap after GC invocations=7 (full 0):
 garbage-first heap   total 160768K, used 117398K [0x0000000082000000, 0x0000000100000000)
  region size 1024K, 2 young (2048K), 2 survivors (2048K)
 Metaspace       used 8947K, committed 9152K, reserved 1114112K
  class space    used 1034K, committed 1152K, reserved 1048576K
}
Event: 9.889 GC heap before
{Heap before GC invocations=7 (full 0):
 garbage-first heap   total 160768K, used 121494K [0x0000000082000000, 0x0000000100000000)
  region size 1024K, 7 young (7168K), 2 survivors (2048K)
 Metaspace       used 8948K, committed 9152K, reserved 1114112K
  class space    used 1034K, committed 1152K, reserved 1048576K
}
Event: 9.892 GC heap after
{Heap after GC invocations=8 (full 0):
 garbage-first heap   total 160768K, used 115138K [0x0000000082000000, 0x0000000100000000)
  region size 1024K, 0 young (0K), 0 survivors (0K)
 Metaspace       used 8948K, committed 9152K, reserved 1114112K
  class space    used 1034K, committed 1152K, reserved 1048576K
}
Event: 9.913 GC heap before
{Heap before GC invocations=8 (full 0):
 garbage-first heap   total 160768K, used 117186K [0x0000000082000000, 0x0000000100000000)
  region size 1024K, 3 young (3072K), 0 survivors (0K)
 Metaspace       used 8948K, committed 9152K, reserved 1114112K
  class space    used 1034K, committed 1152K, reserved 1048576K
}
Event: 9.914 GC heap after
{Heap after GC invocations=9 (full 0):
 garbage-first heap   total 160768K, used 115176K [0x0000000082000000, 0x0000000100000000)
  region size 1024K, 1 young (1024K), 1 survivors (1024K)
 Metaspace       used 8948K, committed 9152K, reserved 1114112K
  class space    used 1034K, committed 1152K, reserved 1048576K
}

Deoptimization events (20 events):
Event: 6.985 Thread 0x000002c24b346b70 Uncommon trap: trap_request=0xffffffbe fr.pc=0x000002c276bbbeb4 relative=0x00000000000018b4
Event: 6.985 Thread 0x000002c24b346b70 Uncommon trap: reason=profile_predicate action=maybe_recompile pc=0x000002c276bbbeb4 method=sun.awt.image.ImageRepresentation.convertToRGB()V @ 154 c2
Event: 6.985 Thread 0x000002c24b346b70 DEOPT PACKING pc=0x000002c276bbbeb4 sp=0x000000ccf76fe110
Event: 6.985 Thread 0x000002c24b346b70 DEOPT UNPACKING pc=0x000002c2765d23a3 sp=0x000000ccf76fe0f8 mode 2
Event: 7.317 Thread 0x000002c24b3b4010 Uncommon trap: trap_request=0xffffffbe fr.pc=0x000002c276bbbeb4 relative=0x00000000000018b4
Event: 7.317 Thread 0x000002c24b3b4010 Uncommon trap: reason=profile_predicate action=maybe_recompile pc=0x000002c276bbbeb4 method=sun.awt.image.ImageRepresentation.convertToRGB()V @ 154 c2
Event: 7.317 Thread 0x000002c24b3b4010 DEOPT PACKING pc=0x000002c276bbbeb4 sp=0x000000ccf78fe280
Event: 7.317 Thread 0x000002c24b3b4010 DEOPT UNPACKING pc=0x000002c2765d23a3 sp=0x000000ccf78fe268 mode 2
Event: 8.004 Thread 0x000002c24c7d7e60 Uncommon trap: trap_request=0xffffff45 fr.pc=0x000002c276bcd234 relative=0x00000000000000b4
Event: 8.004 Thread 0x000002c24c7d7e60 Uncommon trap: reason=unstable_if action=reinterpret pc=0x000002c276bcd234 method=java.awt.Component.inside(II)Z @ 1 c2
Event: 8.004 Thread 0x000002c24c7d7e60 DEOPT PACKING pc=0x000002c276bcd234 sp=0x000000ccf7dfe870
Event: 8.004 Thread 0x000002c24c7d7e60 DEOPT UNPACKING pc=0x000002c2765d23a3 sp=0x000000ccf7dfe710 mode 2
Event: 9.157 Thread 0x000002c24b346b70 Uncommon trap: trap_request=0xffffff6e fr.pc=0x000002c276bc685c relative=0x000000000000359c
Event: 9.157 Thread 0x000002c24b346b70 Uncommon trap: reason=loop_limit_check action=maybe_recompile pc=0x000002c276bc685c method=sun.awt.image.PNGImageDecoder.produceImage()V @ 731 c2
Event: 9.157 Thread 0x000002c24b346b70 DEOPT PACKING pc=0x000002c276bc685c sp=0x000000ccf76ff010
Event: 9.157 Thread 0x000002c24b346b70 DEOPT UNPACKING pc=0x000002c2765d23a3 sp=0x000000ccf76fef80 mode 2
Event: 9.457 Thread 0x000002c24b3b4010 Uncommon trap: trap_request=0xffffffbe fr.pc=0x000002c276bbbeb4 relative=0x00000000000018b4
Event: 9.457 Thread 0x000002c24b3b4010 Uncommon trap: reason=profile_predicate action=maybe_recompile pc=0x000002c276bbbeb4 method=sun.awt.image.ImageRepresentation.convertToRGB()V @ 154 c2
Event: 9.457 Thread 0x000002c24b3b4010 DEOPT PACKING pc=0x000002c276bbbeb4 sp=0x000000ccf78fe280
Event: 9.457 Thread 0x000002c24b3b4010 DEOPT UNPACKING pc=0x000002c2765d23a3 sp=0x000000ccf78fe268 mode 2

Classes unloaded (0 events):
No events

Classes redefined (0 events):
No events

Internal exceptions (15 events):
Event: 0.153 Thread 0x000002c24b18ad50 Exception <a 'java/lang/NoSuchMethodError'{0x0000000089ccca98}: 'java.lang.Object java.lang.invoke.DirectMethodHandle$Holder.invokeStaticInit(java.lang.Object)'> (0x0000000089ccca98) 
thrown [s\open\src\hotspot\share\interpreter\linkResolver.cpp, line 759]
Event: 0.163 Thread 0x000002c24b18ad50 Exception <a 'java/lang/NoSuchMethodError'{0x0000000089cda758}: 'void java.lang.invoke.DirectMethodHandle$Holder.invokeStatic(java.lang.Object, java.lang.Object)'> (0x0000000089cda758) 
thrown [s\open\src\hotspot\share\interpreter\linkResolver.cpp, line 759]
Event: 0.183 Thread 0x000002c267785660 Exception <a 'java/lang/ClassNotFoundException'{0x0000000089b03ed8}: sun/awt/resources/spi/awtProvider> (0x0000000089b03ed8) 
thrown [s\open\src\hotspot\share\classfile\systemDictionary.cpp, line 256]
Event: 0.217 Thread 0x000002c267785660 Exception <a 'java/io/FileNotFoundException'{0x0000000089b57240}> (0x0000000089b57240) 
thrown [s\open\src\hotspot\share\prims\jni.cpp, line 516]
Event: 0.229 Thread 0x000002c267785660 Exception <a 'java/io/FileNotFoundException'{0x0000000089b84168}> (0x0000000089b84168) 
thrown [s\open\src\hotspot\share\prims\jni.cpp, line 516]
Event: 0.327 Thread 0x000002c267785660 Exception <a 'java/lang/NoSuchMethodError'{0x0000000089a531b0}: 'void java.lang.invoke.DirectMethodHandle$Holder.invokeSpecial(java.lang.Object, java.lang.Object, java.lang.Object)'> (0x0000000089a531b0) 
thrown [s\open\src\hotspot\share\interpreter\linkResolver.cpp, line 759]
Event: 0.343 Thread 0x000002c267785660 Exception <a 'java/lang/NoSuchMethodError'{0x0000000089a7d318}: 'java.lang.Object java.lang.invoke.DirectMethodHandle$Holder.newInvokeSpecial(java.lang.Object, java.lang.Object, java.lang.Object, java.lang.Object, java.lang.Object)'> (0x0000000089a7d318) 
thrown [s\open\src\hotspot\share\interpreter\linkResolver.cpp, line 759]
Event: 0.346 Thread 0x000002c267785660 Exception <a 'java/lang/NoSuchMethodError'{0x0000000089a88f30}: 'java.lang.Object java.lang.invoke.DirectMethodHandle$Holder.invokeStatic(java.lang.Object, int, java.lang.Object, java.lang.Object, java.lang.Object, java.lang.Object)'> (0x0000000089a88f30) 
thrown [s\open\src\hotspot\share\interpreter\linkResolver.cpp, line 759]
Event: 0.354 Thread 0x000002c267785660 Exception <a 'java/lang/NoSuchMethodError'{0x0000000089aae6f0}: 'java.lang.Object java.lang.invoke.DirectMethodHandle$Holder.invokeStatic(java.lang.Object, int, java.lang.Object)'> (0x0000000089aae6f0) 
thrown [s\open\src\hotspot\share\interpreter\linkResolver.cpp, line 759]
Event: 0.395 Thread 0x000002c267785660 Exception <a 'java/lang/ClassNotFoundException'{0x0000000089966c50}: com/sun/swing/internal/plaf/metal/resources/spi/metalProvider> (0x0000000089966c50) 
thrown [s\open\src\hotspot\share\classfile\systemDictionary.cpp, line 256]
Event: 0.396 Thread 0x000002c267785660 Exception <a 'java/lang/ClassNotFoundException'{0x000000008996aaa8}: com/sun/swing/internal/plaf/basic/resources/spi/basicProvider> (0x000000008996aaa8) 
thrown [s\open\src\hotspot\share\classfile\systemDictionary.cpp, line 256]
Event: 0.423 Thread 0x000002c24b3b4010 Exception <a 'java/lang/NoSuchMethodError'{0x00000000899ff580}: 'java.lang.Object java.lang.invoke.DirectMethodHandle$Holder.newInvokeSpecial(java.lang.Object, java.lang.Object, java.lang.Object, int, int, int, int, int)'> (0x00000000899ff580) 
thrown [s\open\src\hotspot\share\interpreter\linkResolver.cpp, line 759]
Event: 2.133 Thread 0x000002c24b3b4010 Implicit null exception at 0x000002c276b6fd06 to 0x000002c276b6fe6c
Event: 2.294 Thread 0x000002c267785660 Exception <a 'java/lang/NoSuchMethodError'{0x000000008aa3fd60}: 'void java.lang.invoke.DirectMethodHandle$Holder.invokeStaticInit(java.lang.Object)'> (0x000000008aa3fd60) 
thrown [s\open\src\hotspot\share\interpreter\linkResolver.cpp, line 759]
Event: 2.350 Thread 0x000002c24b3478e0 Exception <a 'java/lang/NoSuchMethodError'{0x000000008aa683a0}: 'void java.lang.invoke.DirectMethodHandle$Holder.invokeVirtual(java.lang.Object, java.lang.Object)'> (0x000000008aa683a0) 
thrown [s\open\src\hotspot\share\interpreter\linkResolver.cpp, line 759]

VM Operations (20 events):
Event: 2.355 Executing VM operation: HandshakeAllThreads done
Event: 3.368 Executing VM operation: Cleanup
Event: 3.368 Executing VM operation: Cleanup done
Event: 4.379 Executing VM operation: Cleanup
Event: 4.380 Executing VM operation: Cleanup done
Event: 5.397 Executing VM operation: Cleanup
Event: 5.398 Executing VM operation: Cleanup done
Event: 6.413 Executing VM operation: Cleanup
Event: 6.413 Executing VM operation: Cleanup done
Event: 8.417 Executing VM operation: Cleanup
Event: 8.417 Executing VM operation: Cleanup done
Event: 9.419 Executing VM operation: Cleanup
Event: 9.419 Executing VM operation: Cleanup done
Event: 9.873 Executing VM operation: G1CollectForAllocation
Event: 9.875 Executing VM operation: G1CollectForAllocation done
Event: 9.889 Executing VM operation: G1CollectForAllocation
Event: 9.892 Executing VM operation: G1CollectForAllocation done
Event: 9.913 Executing VM operation: G1TryInitiateConcMark
Event: 9.914 Executing VM operation: G1TryInitiateConcMark done
Event: 9.922 Executing VM operation: G1Concurrent

Events (20 events):
Event: 7.314 loading class jdk/internal/reflect/ByteVectorFactory
Event: 7.314 loading class jdk/internal/reflect/ByteVectorFactory done
Event: 7.314 loading class jdk/internal/reflect/ByteVectorImpl
Event: 7.314 loading class jdk/internal/reflect/ByteVector
Event: 7.314 loading class jdk/internal/reflect/ByteVector done
Event: 7.314 loading class jdk/internal/reflect/ByteVectorImpl done
Event: 7.314 loading class jdk/internal/reflect/ClassFileAssembler
Event: 7.314 loading class jdk/internal/reflect/ClassFileAssembler done
Event: 7.315 loading class jdk/internal/reflect/UTF8
Event: 7.315 loading class jdk/internal/reflect/UTF8 done
Event: 7.315 loading class jdk/internal/reflect/Label
Event: 7.315 loading class jdk/internal/reflect/Label done
Event: 7.315 loading class jdk/internal/reflect/Label$PatchInfo
Event: 7.315 loading class jdk/internal/reflect/Label$PatchInfo done
Event: 7.315 loading class jdk/internal/reflect/MethodAccessorGenerator$1
Event: 7.315 loading class jdk/internal/reflect/MethodAccessorGenerator$1 done
Event: 7.315 loading class jdk/internal/reflect/ClassDefiner
Event: 7.315 loading class jdk/internal/reflect/ClassDefiner done
Event: 7.315 loading class jdk/internal/reflect/ClassDefiner$1
Event: 7.315 loading class jdk/internal/reflect/ClassDefiner$1 done


Dynamic libraries:
0x00007ff642350000 - 0x00007ff642360000 	C:\Program Files\Java\jdk-17\bin\java.exe
0x00007ffaf1f10000 - 0x00007ffaf2108000 	C:\Windows\SYSTEM32\ntdll.dll
0x00007ffaf0110000 - 0x00007ffaf01d1000 	C:\Windows\System32\KERNEL32.DLL
0x00007ffaef710000 - 0x00007ffaefa0d000 	C:\Windows\System32\KERNELBASE.dll
0x00007ffaefe10000 - 0x00007ffaeff10000 	C:\Windows\System32\ucrtbase.dll
0x00007ffae5260000 - 0x00007ffae527b000 	C:\Program Files\Java\jdk-17\bin\VCRUNTIME140.dll
0x00007ffae51d0000 - 0x00007ffae51e9000 	C:\Program Files\Java\jdk-17\bin\jli.dll
0x00007ffaf0a80000 - 0x00007ffaf0b30000 	C:\Windows\System32\ADVAPI32.dll
0x00007ffaf1d80000 - 0x00007ffaf1e1e000 	C:\Windows\System32\msvcrt.dll
0x00007ffaf09c0000 - 0x00007ffaf0a60000 	C:\Windows\System32\sechost.dll
0x00007ffaf1350000 - 0x00007ffaf1473000 	C:\Windows\System32\RPCRT4.dll
0x00007ffaeff10000 - 0x00007ffaeff37000 	C:\Windows\System32\bcrypt.dll
0x00007ffaf0200000 - 0x00007ffaf039d000 	C:\Windows\System32\USER32.dll
0x00007ffaefa80000 - 0x00007ffaefaa2000 	C:\Windows\System32\win32u.dll
0x00007ffaf1570000 - 0x00007ffaf159b000 	C:\Windows\System32\GDI32.dll
0x00007ffaefcf0000 - 0x00007ffaefe07000 	C:\Windows\System32\gdi32full.dll
0x00007ffaef670000 - 0x00007ffaef70d000 	C:\Windows\System32\msvcp_win.dll
0x00007ffadd4f0000 - 0x00007ffadd78a000 	C:\Windows\WinSxS\amd64_microsoft.windows.common-controls_6595b64144ccf1df_6.0.19041.4355_none_60b8b9eb71f62e16\COMCTL32.dll
0x00007ffae83d0000 - 0x00007ffae83da000 	C:\Windows\SYSTEM32\VERSION.dll
0x00007ffaf1e20000 - 0x00007ffaf1e4f000 	C:\Windows\System32\IMM32.DLL
0x00007ffae9680000 - 0x00007ffae968c000 	C:\Program Files\Java\jdk-17\bin\vcruntime140_1.dll
0x00007ffaca060000 - 0x00007ffaca0ee000 	C:\Program Files\Java\jdk-17\bin\msvcp140.dll
0x00007ffab53b0000 - 0x00007ffab5f90000 	C:\Program Files\Java\jdk-17\bin\server\jvm.dll
0x00007ffaf01f0000 - 0x00007ffaf01f8000 	C:\Windows\System32\PSAPI.DLL
0x00007ffae35f0000 - 0x00007ffae35f9000 	C:\Windows\SYSTEM32\WSOCK32.dll
0x00007ffaf1d10000 - 0x00007ffaf1d7b000 	C:\Windows\System32\WS2_32.dll
0x00007ffad7310000 - 0x00007ffad7337000 	C:\Windows\SYSTEM32\WINMM.dll
0x00007ffaed440000 - 0x00007ffaed452000 	C:\Windows\SYSTEM32\kernel.appcore.dll
0x00007ffae9470000 - 0x00007ffae947a000 	C:\Program Files\Java\jdk-17\bin\jimage.dll
0x00007ffad7ee0000 - 0x00007ffad80c4000 	C:\Windows\SYSTEM32\DBGHELP.DLL
0x00007ffad7100000 - 0x00007ffad7134000 	C:\Windows\SYSTEM32\dbgcore.DLL
0x00007ffaefb00000 - 0x00007ffaefb82000 	C:\Windows\System32\bcryptPrimitives.dll
0x00007ffadcb80000 - 0x00007ffadcb8e000 	C:\Program Files\Java\jdk-17\bin\instrument.dll
0x00007ffadb630000 - 0x00007ffadb655000 	C:\Program Files\Java\jdk-17\bin\java.dll
0x00007ffac9f80000 - 0x00007ffaca057000 	C:\Program Files\Java\jdk-17\bin\jsvml.dll
0x00007ffaf15a0000 - 0x00007ffaf1d0f000 	C:\Windows\System32\SHELL32.dll
0x00007ffaed640000 - 0x00007ffaedde3000 	C:\Windows\SYSTEM32\windows.storage.dll
0x00007ffaf0530000 - 0x00007ffaf0883000 	C:\Windows\System32\combase.dll
0x00007ffaeeff0000 - 0x00007ffaef01e000 	C:\Windows\SYSTEM32\Wldp.dll
0x00007ffaf0b30000 - 0x00007ffaf0bfd000 	C:\Windows\System32\OLEAUT32.dll
0x00007ffaf0480000 - 0x00007ffaf052d000 	C:\Windows\System32\SHCORE.dll
0x00007ffaf00b0000 - 0x00007ffaf0105000 	C:\Windows\System32\shlwapi.dll
0x00007ffaef4f0000 - 0x00007ffaef514000 	C:\Windows\SYSTEM32\profapi.dll
0x00007ffadc940000 - 0x00007ffadc958000 	C:\Program Files\Java\jdk-17\bin\zip.dll
0x00007ffadc790000 - 0x00007ffadc7a9000 	C:\Program Files\Java\jdk-17\bin\net.dll
0x00007ffae5510000 - 0x00007ffae561d000 	C:\Windows\SYSTEM32\WINHTTP.dll
0x00007ffaeed50000 - 0x00007ffaeedba000 	C:\Windows\system32\mswsock.dll
0x00007ffadc3e0000 - 0x00007ffadc3f6000 	C:\Program Files\Java\jdk-17\bin\nio.dll
0x00007ffad7580000 - 0x00007ffad759a000 	C:\Program Files\JetBrains\IntelliJ IDEA Community Edition 2024.2.3\bin\breakgen64.dll
0x00007ffabd480000 - 0x00007ffabd611000 	C:\Program Files\Java\jdk-17\bin\awt.dll
0x00007ffaeb950000 - 0x00007ffaeb9e4000 	C:\Windows\SYSTEM32\apphelp.dll
0x00007ffaed140000 - 0x00007ffaed16f000 	C:\Windows\system32\DWMAPI.DLL
0x00007ffaeceb0000 - 0x00007ffaecf4e000 	C:\Windows\system32\uxtheme.dll
0x00007ffacba90000 - 0x00007ffacbbb8000 	C:\Windows\system32\opengl32.dll
0x00007ffacc650000 - 0x00007ffacc67c000 	C:\Windows\SYSTEM32\GLU32.dll
0x00007ffaf0dc0000 - 0x00007ffaf0ed5000 	C:\Windows\System32\MSCTF.dll
0x00007ffaf0890000 - 0x00007ffaf09bb000 	C:\Windows\System32\ole32.dll
0x00007ffac9ea0000 - 0x00007ffac9ece000 	C:\Program Files\Java\jdk-17\bin\javajpeg.dll
0x00007ffabeac0000 - 0x00007ffabeb47000 	C:\Program Files\Java\jdk-17\bin\freetype.dll
0x00007ffabd7d0000 - 0x00007ffabd8b1000 	C:\Program Files\Java\jdk-17\bin\fontmanager.dll
0x00007ffaf0000000 - 0x00007ffaf00a9000 	C:\Windows\System32\clbcatq.dll
0x00007ffaecc60000 - 0x00007ffaece16000 	C:\Windows\SYSTEM32\WindowsCodecs.dll
0x00007ffacbf00000 - 0x00007ffacbf3e000 	C:\Windows\system32\dataexchange.dll
0x00007ffaea2e0000 - 0x00007ffaea543000 	C:\Windows\system32\d3d11.dll
0x00007ffaea9b0000 - 0x00007ffaeab94000 	C:\Windows\system32\dcomp.dll
0x00007ffaede50000 - 0x00007ffaedf46000 	C:\Windows\system32\dxgi.dll
0x00007ffae76b0000 - 0x00007ffae78b3000 	C:\Windows\system32\twinapi.appcore.dll
0x00007ffae3930000 - 0x00007ffae3a29000 	C:\Windows\SYSTEM32\textinputframework.dll
0x00007ffaeaba0000 - 0x00007ffaeaefb000 	C:\Windows\System32\CoreUIComponents.dll
0x00007ffaeb2e0000 - 0x00007ffaeb3d2000 	C:\Windows\System32\CoreMessaging.dll
0x00007ffaee850000 - 0x00007ffaee883000 	C:\Windows\SYSTEM32\ntmarta.dll
0x00007ffaebcc0000 - 0x00007ffaebe17000 	C:\Windows\SYSTEM32\wintypes.dll

dbghelp: loaded successfully - version: 4.0.5 - missing functions: none
symbol engine: initialized successfully - sym options: 0x614 - pdb path: .;C:\Program Files\Java\jdk-17\bin;C:\Windows\SYSTEM32;C:\Windows\WinSxS\amd64_microsoft.windows.common-controls_6595b64144ccf1df_6.0.19041.4355_none_60b8b9eb71f62e16;C:\Program Files\Java\jdk-17\bin\server;C:\Program Files\JetBrains\IntelliJ IDEA Community Edition 2024.2.3\bin

VM Arguments:
jvm_args: -javaagent:C:\Program Files\JetBrains\IntelliJ IDEA Community Edition 2024.2.3\lib\idea_rt.jar=62173:C:\Program Files\JetBrains\IntelliJ IDEA Community Edition 2024.2.3\bin -Dfile.encoding=UTF-8 
java_command: Main
java_class_path (initial): C:\Users\Admin\IdeaProjects\Gui1\out\production\Gui1
Launcher Type: SUN_STANDARD

[Global flags]
     intx CICompilerCount                          = 3                                         {product} {ergonomic}
     uint ConcGCThreads                            = 1                                         {product} {ergonomic}
     uint G1ConcRefinementThreads                  = 4                                         {product} {ergonomic}
   size_t G1HeapRegionSize                         = 1048576                                   {product} {ergonomic}
    uintx GCDrainStackTargetSize                   = 64                                        {product} {ergonomic}
   size_t InitialHeapSize                          = 132120576                                 {product} {ergonomic}
   size_t MarkStackSize                            = 4194304                                   {product} {ergonomic}
   size_t MaxHeapSize                              = 2113929216                                {product} {ergonomic}
   size_t MaxNewSize                               = 1267728384                                {product} {ergonomic}
   size_t MinHeapDeltaBytes                        = 1048576                                   {product} {ergonomic}
   size_t MinHeapSize                              = 8388608                                   {product} {ergonomic}
    uintx NonNMethodCodeHeapSize                   = 5832780                                {pd product} {ergonomic}
    uintx NonProfiledCodeHeapSize                  = 122912730                              {pd product} {ergonomic}
    uintx ProfiledCodeHeapSize                     = 122912730                              {pd product} {ergonomic}
    uintx ReservedCodeCacheSize                    = 251658240                              {pd product} {ergonomic}
     bool SegmentedCodeCache                       = true                                      {product} {ergonomic}
   size_t SoftMaxHeapSize                          = 2113929216                             {manageable} {ergonomic}
     bool UseCompressedClassPointers               = true                           {product lp64_product} {ergonomic}
     bool UseCompressedOops                        = true                           {product lp64_product} {ergonomic}
     bool UseG1GC                                  = true                                      {product} {ergonomic}
     bool UseLargePagesIndividualAllocation        = false                                  {pd product} {ergonomic}

Logging:
Log output configuration:
 #0: stdout all=warning uptime,level,tags
 #1: stderr all=off uptime,level,tags

Environment Variables:
PATH=C:\Users\Admin\Documents\node-v20.17.0;C:\Program Files\Common Files\Oracle\Java\javapath;C:\Windows\system32;C:\Windows;C:\Windows\System32\Wbem;C:\Windows\System32\WindowsPowerShell\v1.0\;C:\Windows\System32\OpenSSH\;C:\Program Files (x86)\Microsoft SQL Server\160\DTS\Binn\;C:\ProgramData\chocolatey\bin;C:\Program Files\Git\cmd;C:\Users\Admin\Downloads\;C:\Users\Admin\Documents\node-v20.17.0;C:\Users\Admin\AppData\Local\Microsoft\WindowsApps;C:\Users\Admin\AppData\Local\Programs\Microsoft VS Code\bin;C:\Users\Admin\AppData\Roaming\npm
USERNAME=Admin
OS=Windows_NT
PROCESSOR_IDENTIFIER=Intel64 Family 6 Model 78 Stepping 3, GenuineIntel



---------------  S Y S T E M  ---------------

OS:
 Windows 10 , 64 bit Build 19041 (10.0.19041.4842)
OS uptime: 2 days 3:15 hours

CPU: total 4 (initial active 4) (2 cores per cpu, 2 threads per core) family 6 model 78 stepping 3 microcode 0xcc, cx8, cmov, fxsr, ht, mmx, 3dnowpref, sse, sse2, sse3, ssse3, sse4.1, sse4.2, popcnt, lzcnt, tsc, tscinvbit, avx, avx2, aes, erms, clmul, bmi1, bmi2, rtm, adx, fma, vzeroupper, clflush, clflushopt

Memory: 4k page, system-wide physical 8059M (1621M free)
TotalPageFile size 23321M (AvailPageFile size 30M)
current process WorkingSet (physical memory assigned to process): 249M, peak: 249M
current process commit charge ("private bytes"): 279M, peak: 316M

vm_info: Java HotSpot(TM) 64-Bit Server VM (17.0.12+8-LTS-286) for windows-amd64 JRE (17.0.12+8-LTS-286), built on Jun  5 2024 06:46:59 by "mach5one" with MS VC++ 17.6 (VS2022)

END.
