#
# There is insufficient memory for the Java Runtime Environment to continue.
# Native memory allocation (malloc) failed to allocate 147616 bytes for Chunk::new
# Possible reasons:
#   The system is out of physical RAM or swap space
#   The process is running with CompressedOops enabled, and the Java Heap may be blocking the growth of the native heap
# Possible solutions:
#   Reduce memory load on the system
#   Increase physical memory or swap space
#   Check if swap backing store is full
#   Decrease Java heap size (-Xmx/-Xms)
#   Decrease number of Java threads
#   Decrease Java thread stack sizes (-Xss)
#   Set larger code cache with -XX:ReservedCodeCacheSize=
#   JVM is running with Unscaled Compressed Oops mode in which the Java heap is
#     placed in the first 4GB address space. The Java Heap base address is the
#     maximum limit for the native heap growth. Please use -XX:HeapBaseMinAddress
#     to set the Java Heap base and to place the Java Heap above 4GB virtual address.
# This output file may be truncated or incomplete.
#
#  Out of Memory Error (arena.cpp:189), pid=2844, tid=7736
#
# JRE version: Java(TM) SE Runtime Environment (17.0.12+8) (build 17.0.12+8-LTS-286)
# Java VM: Java HotSpot(TM) 64-Bit Server VM (17.0.12+8-LTS-286, mixed mode, sharing, tiered, compressed oops, compressed class ptrs, g1 gc, windows-amd64)
# No core dump will be written. Minidumps are not enabled by default on client versions of Windows
#

---------------  S U M M A R Y ------------

Command Line: -javaagent:C:\Program Files\JetBrains\IntelliJ IDEA Community Edition 2024.2.3\lib\idea_rt.jar=61928:C:\Program Files\JetBrains\IntelliJ IDEA Community Edition 2024.2.3\bin -Dfile.encoding=UTF-8 Main

Host: Intel(R) Core(TM) i5-6300U CPU @ 2.40GHz, 4 cores, 7G,  Windows 10 , 64 bit Build 19041 (10.0.19041.4842)
Time: Mon Sep 30 21:33:37 2024 Pakistan Standard Time elapsed time: 0.565878 seconds (0d 0h 0m 0s)

---------------  T H R E A D  ---------------

Current thread (0x0000014fa602bc50):  JavaThread "C2 CompilerThread0" daemon [_thread_in_native, id=7736, stack(0x0000002a74000000,0x0000002a74100000)]


Current CompileTask:
C2:    566  536 %     4       sun.awt.image.PNGImageDecoder::filterRow @ 79 (460 bytes)

Stack: [0x0000002a74000000,0x0000002a74100000]
Native frames: (J=compiled Java code, j=interpreted, Vv=VM code, C=native code)
V  [jvm.dll+0x67a04a]
V  [jvm.dll+0x7da4ed]
V  [jvm.dll+0x7dbe33]
V  [jvm.dll+0x7dc4a3]
V  [jvm.dll+0x24508f]
V  [jvm.dll+0xab773]
V  [jvm.dll+0xabd3c]
V  [jvm.dll+0x2aa52f]
V  [jvm.dll+0x581eb9]
V  [jvm.dll+0x21f422]
V  [jvm.dll+0x21f81f]
V  [jvm.dll+0x218aa0]
V  [jvm.dll+0x215b65]
V  [jvm.dll+0x1a2960]
V  [jvm.dll+0x22610b]
V  [jvm.dll+0x2242ab]
V  [jvm.dll+0x79075c]
V  [jvm.dll+0x78abea]
V  [jvm.dll+0x678f35]
C  [ucrtbase.dll+0x21bb2]
C  [KERNEL32.DLL+0x17374]
C  [ntdll.dll+0x4cc91]


---------------  P R O C E S S  ---------------

Threads class SMR info:
_java_thread_list=0x0000014fa6474510, length=17, elements={
0x0000014f887f35c0, 0x0000014fa6013e50, 0x0000014fa6014be0, 0x0000014fa6025580,
0x0000014fa6028f70, 0x0000014fa6029fe0, 0x0000014fa602a8b0, 0x0000014fa602bc50,
0x0000014fa6030200, 0x0000014fa60649d0, 0x0000014fa5ffbae0, 0x0000014fa62ca550,
0x0000014fa62caeb0, 0x0000014fa647cc70, 0x0000014fa649b150, 0x0000014fa64f6590,
0x0000014fa6539000
}

Java Threads: ( => current thread )
  0x0000014f887f35c0 JavaThread "main" [_thread_blocked, id=12344, stack(0x0000002a73300000,0x0000002a73400000)]
  0x0000014fa6013e50 JavaThread "Reference Handler" daemon [_thread_blocked, id=7912, stack(0x0000002a73a00000,0x0000002a73b00000)]
  0x0000014fa6014be0 JavaThread "Finalizer" daemon [_thread_blocked, id=9264, stack(0x0000002a73b00000,0x0000002a73c00000)]
  0x0000014fa6025580 JavaThread "Signal Dispatcher" daemon [_thread_blocked, id=12204, stack(0x0000002a73c00000,0x0000002a73d00000)]
  0x0000014fa6028f70 JavaThread "Attach Listener" daemon [_thread_blocked, id=14948, stack(0x0000002a73d00000,0x0000002a73e00000)]
  0x0000014fa6029fe0 JavaThread "Service Thread" daemon [_thread_blocked, id=8996, stack(0x0000002a73e00000,0x0000002a73f00000)]
  0x0000014fa602a8b0 JavaThread "Monitor Deflation Thread" daemon [_thread_blocked, id=11432, stack(0x0000002a73f00000,0x0000002a74000000)]
=>0x0000014fa602bc50 JavaThread "C2 CompilerThread0" daemon [_thread_in_native, id=7736, stack(0x0000002a74000000,0x0000002a74100000)]
  0x0000014fa6030200 JavaThread "C1 CompilerThread0" daemon [_thread_blocked, id=11340, stack(0x0000002a74100000,0x0000002a74200000)]
  0x0000014fa60649d0 JavaThread "Sweeper thread" daemon [_thread_blocked, id=13824, stack(0x0000002a74200000,0x0000002a74300000)]
  0x0000014fa5ffbae0 JavaThread "Common-Cleaner" daemon [_thread_blocked, id=9280, stack(0x0000002a74300000,0x0000002a74400000)]
  0x0000014fa62ca550 JavaThread "Monitor Ctrl-Break" daemon [_thread_in_native, id=11792, stack(0x0000002a74400000,0x0000002a74500000)]
  0x0000014fa62caeb0 JavaThread "Notification Thread" daemon [_thread_blocked, id=8408, stack(0x0000002a74500000,0x0000002a74600000)]
  0x0000014fa647cc70 JavaThread "Java2D Disposer" daemon [_thread_blocked, id=13816, stack(0x0000002a74700000,0x0000002a74800000)]
  0x0000014fa649b150 JavaThread "AWT-Shutdown" [_thread_blocked, id=8452, stack(0x0000002a74800000,0x0000002a74900000)]
  0x0000014fa64f6590 JavaThread "AWT-Windows" daemon [_thread_in_native, id=10488, stack(0x0000002a74900000,0x0000002a74a00000)]
  0x0000014fa6539000 JavaThread "Image Fetcher 0" daemon [_thread_in_Java, id=15128, stack(0x0000002a74a00000,0x0000002a74b00000)]

Other Threads:
  0x0000014fa600ded0 VMThread "VM Thread" [stack: 0x0000002a73900000,0x0000002a73a00000] [id=3960]
  0x0000014fa62c3a20 WatcherThread [stack: 0x0000002a74600000,0x0000002a74700000] [id=11980]
  0x0000014f8884c2b0 GCTaskThread "GC Thread#0" [stack: 0x0000002a73400000,0x0000002a73500000] [id=8128]
  0x0000014f8885dd20 ConcurrentGCThread "G1 Main Marker" [stack: 0x0000002a73500000,0x0000002a73600000] [id=5668]
  0x0000014f8885e640 ConcurrentGCThread "G1 Conc#0" [stack: 0x0000002a73600000,0x0000002a73700000] [id=12852]
  0x0000014fa5ed0090 ConcurrentGCThread "G1 Refine#0" [stack: 0x0000002a73700000,0x0000002a73800000] [id=2688]
  0x0000014fa5ed09d0 ConcurrentGCThread "G1 Service" [stack: 0x0000002a73800000,0x0000002a73900000] [id=14120]

Threads with active compile tasks:
C2 CompilerThread0      627  536 %     4       sun.awt.image.PNGImageDecoder::filterRow @ 79 (460 bytes)

VM state: not at safepoint (normal execution)

VM Mutex/Monitor currently owned by a thread: None

Heap address: 0x0000000082000000, size: 2016 MB, Compressed Oops mode: 32-bit

CDS archive(s) mapped at: [0x0000014fa7000000-0x0000014fa7bd0000-0x0000014fa7bd0000), size 12386304, SharedBaseAddress: 0x0000014fa7000000, ArchiveRelocationMode: 1.
Compressed class space mapped at: 0x0000014fa8000000-0x0000014fe8000000, reserved size: 1073741824
Narrow klass base: 0x0000014fa7000000, Narrow klass shift: 0, Narrow klass range: 0x100000000

GC Precious Log:
 CPUs: 4 total, 4 available
 Memory: 8059M
 Large Page Support: Disabled
 NUMA Support: Disabled
 Compressed Oops: Enabled (32-bit)
 Heap Region Size: 1M
 Heap Min Capacity: 8M
 Heap Initial Capacity: 126M
 Heap Max Capacity: 2016M
 Pre-touch: Disabled
 Parallel Workers: 4
 Concurrent Workers: 1
 Concurrent Refinement Workers: 4
 Periodic GC: Disabled

Heap:
 garbage-first heap   total 129024K, used 44032K [0x0000000082000000, 0x0000000100000000)
  region size 1024K, 10 young (10240K), 0 survivors (0K)
 Metaspace       used 4850K, committed 5056K, reserved 1114112K
  class space    used 526K, committed 640K, reserved 1048576K

Heap Regions: E=young(eden), S=young(survivor), O=old, HS=humongous(starts), HC=humongous(continues), CS=collection set, F=free, OA=open archive, CA=closed archive, TAMS=top-at-mark-start (previous, next)
|   0|0x0000000082000000, 0x0000000082100000, 0x0000000082100000|100%|HS|  |TAMS 0x0000000082000000, 0x0000000082000000| Complete 
|   1|0x0000000082100000, 0x0000000082200000, 0x0000000082200000|100%|HC|  |TAMS 0x0000000082100000, 0x0000000082100000| Complete 
|   2|0x0000000082200000, 0x0000000082300000, 0x0000000082300000|100%|HC|  |TAMS 0x0000000082200000, 0x0000000082200000| Complete 
|   3|0x0000000082300000, 0x0000000082400000, 0x0000000082400000|100%|HC|  |TAMS 0x0000000082300000, 0x0000000082300000| Complete 
|   4|0x0000000082400000, 0x0000000082500000, 0x0000000082500000|100%|HC|  |TAMS 0x0000000082400000, 0x0000000082400000| Complete 
|   5|0x0000000082500000, 0x0000000082600000, 0x0000000082600000|100%|HC|  |TAMS 0x0000000082500000, 0x0000000082500000| Complete 
|   6|0x0000000082600000, 0x0000000082700000, 0x0000000082700000|100%|HC|  |TAMS 0x0000000082600000, 0x0000000082600000| Complete 
|   7|0x0000000082700000, 0x0000000082800000, 0x0000000082800000|100%|HC|  |TAMS 0x0000000082700000, 0x0000000082700000| Complete 
|   8|0x0000000082800000, 0x0000000082900000, 0x0000000082900000|100%|HC|  |TAMS 0x0000000082800000, 0x0000000082800000| Complete 
|   9|0x0000000082900000, 0x0000000082a00000, 0x0000000082a00000|100%|HC|  |TAMS 0x0000000082900000, 0x0000000082900000| Complete 
|  10|0x0000000082a00000, 0x0000000082b00000, 0x0000000082b00000|100%|HC|  |TAMS 0x0000000082a00000, 0x0000000082a00000| Complete 
|  11|0x0000000082b00000, 0x0000000082c00000, 0x0000000082c00000|100%|HC|  |TAMS 0x0000000082b00000, 0x0000000082b00000| Complete 
|  12|0x0000000082c00000, 0x0000000082d00000, 0x0000000082d00000|100%|HC|  |TAMS 0x0000000082c00000, 0x0000000082c00000| Complete 
|  13|0x0000000082d00000, 0x0000000082e00000, 0x0000000082e00000|100%|HC|  |TAMS 0x0000000082d00000, 0x0000000082d00000| Complete 
|  14|0x0000000082e00000, 0x0000000082f00000, 0x0000000082f00000|100%|HC|  |TAMS 0x0000000082e00000, 0x0000000082e00000| Complete 
|  15|0x0000000082f00000, 0x0000000083000000, 0x0000000083000000|100%|HC|  |TAMS 0x0000000082f00000, 0x0000000082f00000| Complete 
|  16|0x0000000083000000, 0x0000000083100000, 0x0000000083100000|100%|HC|  |TAMS 0x0000000083000000, 0x0000000083000000| Complete 
|  17|0x0000000083100000, 0x0000000083200000, 0x0000000083200000|100%|HC|  |TAMS 0x0000000083100000, 0x0000000083100000| Complete 
|  18|0x0000000083200000, 0x0000000083300000, 0x0000000083300000|100%|HC|  |TAMS 0x0000000083200000, 0x0000000083200000| Complete 
|  19|0x0000000083300000, 0x0000000083400000, 0x0000000083400000|100%|HC|  |TAMS 0x0000000083300000, 0x0000000083300000| Complete 
|  20|0x0000000083400000, 0x0000000083500000, 0x0000000083500000|100%|HC|  |TAMS 0x0000000083400000, 0x0000000083400000| Complete 
|  21|0x0000000083500000, 0x0000000083600000, 0x0000000083600000|100%|HC|  |TAMS 0x0000000083500000, 0x0000000083500000| Complete 
|  22|0x0000000083600000, 0x0000000083700000, 0x0000000083700000|100%|HC|  |TAMS 0x0000000083600000, 0x0000000083600000| Complete 
|  23|0x0000000083700000, 0x0000000083800000, 0x0000000083800000|100%|HC|  |TAMS 0x0000000083700000, 0x0000000083700000| Complete 
|  24|0x0000000083800000, 0x0000000083900000, 0x0000000083900000|100%|HC|  |TAMS 0x0000000083800000, 0x0000000083800000| Complete 
|  25|0x0000000083900000, 0x0000000083a00000, 0x0000000083a00000|100%|HC|  |TAMS 0x0000000083900000, 0x0000000083900000| Complete 
|  26|0x0000000083a00000, 0x0000000083b00000, 0x0000000083b00000|100%|HC|  |TAMS 0x0000000083a00000, 0x0000000083a00000| Complete 
|  27|0x0000000083b00000, 0x0000000083c00000, 0x0000000083c00000|100%|HC|  |TAMS 0x0000000083b00000, 0x0000000083b00000| Complete 
|  28|0x0000000083c00000, 0x0000000083d00000, 0x0000000083d00000|100%|HC|  |TAMS 0x0000000083c00000, 0x0000000083c00000| Complete 
|  29|0x0000000083d00000, 0x0000000083e00000, 0x0000000083e00000|100%|HC|  |TAMS 0x0000000083d00000, 0x0000000083d00000| Complete 
|  30|0x0000000083e00000, 0x0000000083f00000, 0x0000000083f00000|100%|HC|  |TAMS 0x0000000083e00000, 0x0000000083e00000| Complete 
|  31|0x0000000083f00000, 0x0000000084000000, 0x0000000084000000|100%|HC|  |TAMS 0x0000000083f00000, 0x0000000083f00000| Complete 
|  32|0x0000000084000000, 0x0000000084100000, 0x0000000084100000|100%|HC|  |TAMS 0x0000000084000000, 0x0000000084000000| Complete 
|  33|0x0000000084100000, 0x0000000084200000, 0x0000000084200000|100%|HC|  |TAMS 0x0000000084100000, 0x0000000084100000| Complete 
|  34|0x0000000084200000, 0x0000000084300000, 0x0000000084300000|100%|HC|  |TAMS 0x0000000084200000, 0x0000000084200000| Complete 
|  35|0x0000000084300000, 0x0000000084300000, 0x0000000084400000|  0%| F|  |TAMS 0x0000000084300000, 0x0000000084300000| Untracked 
|  36|0x0000000084400000, 0x0000000084400000, 0x0000000084500000|  0%| F|  |TAMS 0x0000000084400000, 0x0000000084400000| Untracked 
|  37|0x0000000084500000, 0x0000000084500000, 0x0000000084600000|  0%| F|  |TAMS 0x0000000084500000, 0x0000000084500000| Untracked 
|  38|0x0000000084600000, 0x0000000084600000, 0x0000000084700000|  0%| F|  |TAMS 0x0000000084600000, 0x0000000084600000| Untracked 
|  39|0x0000000084700000, 0x0000000084700000, 0x0000000084800000|  0%| F|  |TAMS 0x0000000084700000, 0x0000000084700000| Untracked 
|  40|0x0000000084800000, 0x0000000084800000, 0x0000000084900000|  0%| F|  |TAMS 0x0000000084800000, 0x0000000084800000| Untracked 
|  41|0x0000000084900000, 0x0000000084900000, 0x0000000084a00000|  0%| F|  |TAMS 0x0000000084900000, 0x0000000084900000| Untracked 
|  42|0x0000000084a00000, 0x0000000084a00000, 0x0000000084b00000|  0%| F|  |TAMS 0x0000000084a00000, 0x0000000084a00000| Untracked 
|  43|0x0000000084b00000, 0x0000000084b00000, 0x0000000084c00000|  0%| F|  |TAMS 0x0000000084b00000, 0x0000000084b00000| Untracked 
|  44|0x0000000084c00000, 0x0000000084c00000, 0x0000000084d00000|  0%| F|  |TAMS 0x0000000084c00000, 0x0000000084c00000| Untracked 
|  45|0x0000000084d00000, 0x0000000084d00000, 0x0000000084e00000|  0%| F|  |TAMS 0x0000000084d00000, 0x0000000084d00000| Untracked 
|  46|0x0000000084e00000, 0x0000000084e00000, 0x0000000084f00000|  0%| F|  |TAMS 0x0000000084e00000, 0x0000000084e00000| Untracked 
|  47|0x0000000084f00000, 0x0000000084f00000, 0x0000000085000000|  0%| F|  |TAMS 0x0000000084f00000, 0x0000000084f00000| Untracked 
|  48|0x0000000085000000, 0x0000000085000000, 0x0000000085100000|  0%| F|  |TAMS 0x0000000085000000, 0x0000000085000000| Untracked 
|  49|0x0000000085100000, 0x0000000085100000, 0x0000000085200000|  0%| F|  |TAMS 0x0000000085100000, 0x0000000085100000| Untracked 
|  50|0x0000000085200000, 0x0000000085200000, 0x0000000085300000|  0%| F|  |TAMS 0x0000000085200000, 0x0000000085200000| Untracked 
|  51|0x0000000085300000, 0x0000000085300000, 0x0000000085400000|  0%| F|  |TAMS 0x0000000085300000, 0x0000000085300000| Untracked 
|  52|0x0000000085400000, 0x0000000085400000, 0x0000000085500000|  0%| F|  |TAMS 0x0000000085400000, 0x0000000085400000| Untracked 
|  53|0x0000000085500000, 0x0000000085500000, 0x0000000085600000|  0%| F|  |TAMS 0x0000000085500000, 0x0000000085500000| Untracked 
|  54|0x0000000085600000, 0x0000000085600000, 0x0000000085700000|  0%| F|  |TAMS 0x0000000085600000, 0x0000000085600000| Untracked 
|  55|0x0000000085700000, 0x0000000085700000, 0x0000000085800000|  0%| F|  |TAMS 0x0000000085700000, 0x0000000085700000| Untracked 
|  56|0x0000000085800000, 0x0000000085800000, 0x0000000085900000|  0%| F|  |TAMS 0x0000000085800000, 0x0000000085800000| Untracked 
|  57|0x0000000085900000, 0x0000000085900000, 0x0000000085a00000|  0%| F|  |TAMS 0x0000000085900000, 0x0000000085900000| Untracked 
|  58|0x0000000085a00000, 0x0000000085a00000, 0x0000000085b00000|  0%| F|  |TAMS 0x0000000085a00000, 0x0000000085a00000| Untracked 
|  59|0x0000000085b00000, 0x0000000085b00000, 0x0000000085c00000|  0%| F|  |TAMS 0x0000000085b00000, 0x0000000085b00000| Untracked 
|  60|0x0000000085c00000, 0x0000000085c00000, 0x0000000085d00000|  0%| F|  |TAMS 0x0000000085c00000, 0x0000000085c00000| Untracked 
|  61|0x0000000085d00000, 0x0000000085d00000, 0x0000000085e00000|  0%| F|  |TAMS 0x0000000085d00000, 0x0000000085d00000| Untracked 
|  62|0x0000000085e00000, 0x0000000085e00000, 0x0000000085f00000|  0%| F|  |TAMS 0x0000000085e00000, 0x0000000085e00000| Untracked 
|  63|0x0000000085f00000, 0x0000000085f00000, 0x0000000086000000|  0%| F|  |TAMS 0x0000000085f00000, 0x0000000085f00000| Untracked 
|  64|0x0000000086000000, 0x0000000086000000, 0x0000000086100000|  0%| F|  |TAMS 0x0000000086000000, 0x0000000086000000| Untracked 
|  65|0x0000000086100000, 0x0000000086100000, 0x0000000086200000|  0%| F|  |TAMS 0x0000000086100000, 0x0000000086100000| Untracked 
|  66|0x0000000086200000, 0x0000000086200000, 0x0000000086300000|  0%| F|  |TAMS 0x0000000086200000, 0x0000000086200000| Untracked 
|  67|0x0000000086300000, 0x0000000086300000, 0x0000000086400000|  0%| F|  |TAMS 0x0000000086300000, 0x0000000086300000| Untracked 
|  68|0x0000000086400000, 0x0000000086400000, 0x0000000086500000|  0%| F|  |TAMS 0x0000000086400000, 0x0000000086400000| Untracked 
|  69|0x0000000086500000, 0x0000000086500000, 0x0000000086600000|  0%| F|  |TAMS 0x0000000086500000, 0x0000000086500000| Untracked 
|  70|0x0000000086600000, 0x0000000086600000, 0x0000000086700000|  0%| F|  |TAMS 0x0000000086600000, 0x0000000086600000| Untracked 
|  71|0x0000000086700000, 0x0000000086700000, 0x0000000086800000|  0%| F|  |TAMS 0x0000000086700000, 0x0000000086700000| Untracked 
|  72|0x0000000086800000, 0x0000000086800000, 0x0000000086900000|  0%| F|  |TAMS 0x0000000086800000, 0x0000000086800000| Untracked 
|  73|0x0000000086900000, 0x0000000086900000, 0x0000000086a00000|  0%| F|  |TAMS 0x0000000086900000, 0x0000000086900000| Untracked 
|  74|0x0000000086a00000, 0x0000000086a00000, 0x0000000086b00000|  0%| F|  |TAMS 0x0000000086a00000, 0x0000000086a00000| Untracked 
|  75|0x0000000086b00000, 0x0000000086b00000, 0x0000000086c00000|  0%| F|  |TAMS 0x0000000086b00000, 0x0000000086b00000| Untracked 
|  76|0x0000000086c00000, 0x0000000086c00000, 0x0000000086d00000|  0%| F|  |TAMS 0x0000000086c00000, 0x0000000086c00000| Untracked 
|  77|0x0000000086d00000, 0x0000000086d00000, 0x0000000086e00000|  0%| F|  |TAMS 0x0000000086d00000, 0x0000000086d00000| Untracked 
|  78|0x0000000086e00000, 0x0000000086e00000, 0x0000000086f00000|  0%| F|  |TAMS 0x0000000086e00000, 0x0000000086e00000| Untracked 
|  79|0x0000000086f00000, 0x0000000086f00000, 0x0000000087000000|  0%| F|  |TAMS 0x0000000086f00000, 0x0000000086f00000| Untracked 
|  80|0x0000000087000000, 0x0000000087000000, 0x0000000087100000|  0%| F|  |TAMS 0x0000000087000000, 0x0000000087000000| Untracked 
|  81|0x0000000087100000, 0x0000000087100000, 0x0000000087200000|  0%| F|  |TAMS 0x0000000087100000, 0x0000000087100000| Untracked 
|  82|0x0000000087200000, 0x0000000087200000, 0x0000000087300000|  0%| F|  |TAMS 0x0000000087200000, 0x0000000087200000| Untracked 
|  83|0x0000000087300000, 0x0000000087300000, 0x0000000087400000|  0%| F|  |TAMS 0x0000000087300000, 0x0000000087300000| Untracked 
|  84|0x0000000087400000, 0x0000000087400000, 0x0000000087500000|  0%| F|  |TAMS 0x0000000087400000, 0x0000000087400000| Untracked 
|  85|0x0000000087500000, 0x0000000087500000, 0x0000000087600000|  0%| F|  |TAMS 0x0000000087500000, 0x0000000087500000| Untracked 
|  86|0x0000000087600000, 0x0000000087600000, 0x0000000087700000|  0%| F|  |TAMS 0x0000000087600000, 0x0000000087600000| Untracked 
|  87|0x0000000087700000, 0x0000000087700000, 0x0000000087800000|  0%| F|  |TAMS 0x0000000087700000, 0x0000000087700000| Untracked 
|  88|0x0000000087800000, 0x0000000087800000, 0x0000000087900000|  0%| F|  |TAMS 0x0000000087800000, 0x0000000087800000| Untracked 
|  89|0x0000000087900000, 0x0000000087900000, 0x0000000087a00000|  0%| F|  |TAMS 0x0000000087900000, 0x0000000087900000| Untracked 
|  90|0x0000000087a00000, 0x0000000087a00000, 0x0000000087b00000|  0%| F|  |TAMS 0x0000000087a00000, 0x0000000087a00000| Untracked 
|  91|0x0000000087b00000, 0x0000000087b00000, 0x0000000087c00000|  0%| F|  |TAMS 0x0000000087b00000, 0x0000000087b00000| Untracked 
|  92|0x0000000087c00000, 0x0000000087c00000, 0x0000000087d00000|  0%| F|  |TAMS 0x0000000087c00000, 0x0000000087c00000| Untracked 
|  93|0x0000000087d00000, 0x0000000087d00000, 0x0000000087e00000|  0%| F|  |TAMS 0x0000000087d00000, 0x0000000087d00000| Untracked 
|  94|0x0000000087e00000, 0x0000000087e00000, 0x0000000087f00000|  0%| F|  |TAMS 0x0000000087e00000, 0x0000000087e00000| Untracked 
|  95|0x0000000087f00000, 0x0000000087f00000, 0x0000000088000000|  0%| F|  |TAMS 0x0000000087f00000, 0x0000000087f00000| Untracked 
|  96|0x0000000088000000, 0x0000000088000000, 0x0000000088100000|  0%| F|  |TAMS 0x0000000088000000, 0x0000000088000000| Untracked 
|  97|0x0000000088100000, 0x0000000088100000, 0x0000000088200000|  0%| F|  |TAMS 0x0000000088100000, 0x0000000088100000| Untracked 
|  98|0x0000000088200000, 0x0000000088200000, 0x0000000088300000|  0%| F|  |TAMS 0x0000000088200000, 0x0000000088200000| Untracked 
|  99|0x0000000088300000, 0x0000000088300000, 0x0000000088400000|  0%| F|  |TAMS 0x0000000088300000, 0x0000000088300000| Untracked 
| 100|0x0000000088400000, 0x0000000088400000, 0x0000000088500000|  0%| F|  |TAMS 0x0000000088400000, 0x0000000088400000| Untracked 
| 101|0x0000000088500000, 0x0000000088500000, 0x0000000088600000|  0%| F|  |TAMS 0x0000000088500000, 0x0000000088500000| Untracked 
| 102|0x0000000088600000, 0x0000000088600000, 0x0000000088700000|  0%| F|  |TAMS 0x0000000088600000, 0x0000000088600000| Untracked 
| 103|0x0000000088700000, 0x0000000088700000, 0x0000000088800000|  0%| F|  |TAMS 0x0000000088700000, 0x0000000088700000| Untracked 
| 104|0x0000000088800000, 0x0000000088800000, 0x0000000088900000|  0%| F|  |TAMS 0x0000000088800000, 0x0000000088800000| Untracked 
| 105|0x0000000088900000, 0x0000000088900000, 0x0000000088a00000|  0%| F|  |TAMS 0x0000000088900000, 0x0000000088900000| Untracked 
| 106|0x0000000088a00000, 0x0000000088a00000, 0x0000000088b00000|  0%| F|  |TAMS 0x0000000088a00000, 0x0000000088a00000| Untracked 
| 107|0x0000000088b00000, 0x0000000088b00000, 0x0000000088c00000|  0%| F|  |TAMS 0x0000000088b00000, 0x0000000088b00000| Untracked 
| 108|0x0000000088c00000, 0x0000000088c00000, 0x0000000088d00000|  0%| F|  |TAMS 0x0000000088c00000, 0x0000000088c00000| Untracked 
| 109|0x0000000088d00000, 0x0000000088d00000, 0x0000000088e00000|  0%| F|  |TAMS 0x0000000088d00000, 0x0000000088d00000| Untracked 
| 110|0x0000000088e00000, 0x0000000088e00000, 0x0000000088f00000|  0%| F|  |TAMS 0x0000000088e00000, 0x0000000088e00000| Untracked 
| 111|0x0000000088f00000, 0x0000000088f00000, 0x0000000089000000|  0%| F|  |TAMS 0x0000000088f00000, 0x0000000088f00000| Untracked 
| 112|0x0000000089000000, 0x0000000089000000, 0x0000000089100000|  0%| F|  |TAMS 0x0000000089000000, 0x0000000089000000| Untracked 
| 113|0x0000000089100000, 0x0000000089100000, 0x0000000089200000|  0%| F|  |TAMS 0x0000000089100000, 0x0000000089100000| Untracked 
| 114|0x0000000089200000, 0x0000000089200000, 0x0000000089300000|  0%| F|  |TAMS 0x0000000089200000, 0x0000000089200000| Untracked 
| 115|0x0000000089300000, 0x000000008939a910, 0x0000000089400000| 61%| E|  |TAMS 0x0000000089300000, 0x0000000089300000| Complete 
| 116|0x0000000089400000, 0x00000000894fe4f0, 0x0000000089500000| 99%| E|  |TAMS 0x0000000089400000, 0x0000000089400000| Complete 
| 117|0x0000000089500000, 0x0000000089600000, 0x0000000089600000|100%| E|CS|TAMS 0x0000000089500000, 0x0000000089500000| Complete 
| 118|0x0000000089600000, 0x0000000089700000, 0x0000000089700000|100%| E|CS|TAMS 0x0000000089600000, 0x0000000089600000| Complete 
| 119|0x0000000089700000, 0x0000000089800000, 0x0000000089800000|100%| E|CS|TAMS 0x0000000089700000, 0x0000000089700000| Complete 
| 120|0x0000000089800000, 0x0000000089900000, 0x0000000089900000|100%| E|CS|TAMS 0x0000000089800000, 0x0000000089800000| Complete 
| 121|0x0000000089900000, 0x0000000089a00000, 0x0000000089a00000|100%| E|CS|TAMS 0x0000000089900000, 0x0000000089900000| Complete 
| 122|0x0000000089a00000, 0x0000000089b00000, 0x0000000089b00000|100%| E|CS|TAMS 0x0000000089a00000, 0x0000000089a00000| Complete 
| 123|0x0000000089b00000, 0x0000000089c00000, 0x0000000089c00000|100%| E|CS|TAMS 0x0000000089b00000, 0x0000000089b00000| Complete 
| 124|0x0000000089c00000, 0x0000000089d00000, 0x0000000089d00000|100%| E|CS|TAMS 0x0000000089c00000, 0x0000000089c00000| Complete 
| 125|0x0000000089d00000, 0x0000000089e00000, 0x0000000089e00000|100%| E|CS|TAMS 0x0000000089d00000, 0x0000000089d00000| Complete 

Card table byte_map: [0x0000014f9f4b0000,0x0000014f9f8a0000] _byte_map_base: 0x0000014f9f0a0000

Marking Bits (Prev, Next): (CMBitMap*) 0x0000014f8884d7f0, (CMBitMap*) 0x0000014f8884d830
 Prev Bits: [0x0000014f9fc90000, 0x0000014fa1c10000)
 Next Bits: [0x0000014fa1c10000, 0x0000014fa3b90000)

Polling page: 0x0000014f86660000

Metaspace:

Usage:
  Non-class:      4.22 MB used.
      Class:    526.84 KB used.
       Both:      4.74 MB used.

Virtual space:
  Non-class space:       64.00 MB reserved,       4.31 MB (  7%) committed,  1 nodes.
      Class space:        1.00 GB reserved,     640.00 KB ( <1%) committed,  1 nodes.
             Both:        1.06 GB reserved,       4.94 MB ( <1%) committed. 

Chunk freelists:
   Non-Class:  10.88 MB
       Class:  15.25 MB
        Both:  26.13 MB

MaxMetaspaceSize: unlimited
CompressedClassSpaceSize: 1.00 GB
Initial GC threshold: 21.00 MB
Current GC threshold: 21.00 MB
CDS: on
MetaspaceReclaimPolicy: balanced
 - commit_granule_bytes: 65536.
 - commit_granule_words: 8192.
 - virtual_space_node_default_size: 8388608.
 - enlarge_chunks_in_place: 1.
 - new_chunks_are_fully_committed: 0.
 - uncommit_free_chunks: 1.
 - use_allocation_guard: 0.
 - handle_deallocations: 1.


Internal statistics:

num_allocs_failed_limit: 0.
num_arena_births: 98.
num_arena_deaths: 0.
num_vsnodes_births: 2.
num_vsnodes_deaths: 0.
num_space_committed: 79.
num_space_uncommitted: 0.
num_chunks_returned_to_freelist: 0.
num_chunks_taken_from_freelist: 136.
num_chunk_merges: 0.
num_chunk_splits: 77.
num_chunks_enlarged: 26.
num_inconsistent_stats: 0.

CodeHeap 'non-profiled nmethods': size=120000Kb used=161Kb max_used=161Kb free=119838Kb
 bounds [0x0000014f97b90000, 0x0000014f97e00000, 0x0000014f9f0c0000]
CodeHeap 'profiled nmethods': size=120000Kb used=882Kb max_used=882Kb free=119117Kb
 bounds [0x0000014f900c0000, 0x0000014f90330000, 0x0000014f975f0000]
CodeHeap 'non-nmethods': size=5760Kb used=1206Kb max_used=1220Kb free=4553Kb
 bounds [0x0000014f975f0000, 0x0000014f97860000, 0x0000014f97b90000]
 total_blobs=1084 nmethods=571 adapters=426
 compilation: enabled
              stopped_count=0, restarted_count=0
 full_count=0

Compilation events (20 events):
Event: 0.501 Thread 0x0000014fa6030200  531       3       java.lang.invoke.LambdaForm$NamedFunction::member (26 bytes)
Event: 0.501 Thread 0x0000014fa602bc50 nmethod 522% 0x0000014f97bb5d10 code [0x0000014f97bb5e80, 0x0000014f97bb5fb8]
Event: 0.502 Thread 0x0000014fa602bc50  527       4       java.lang.StringLatin1::replace (198 bytes)
Event: 0.502 Thread 0x0000014fa6030200 nmethod 531 0x0000014f9017d590 code [0x0000014f9017d720, 0x0000014f9017d838]
Event: 0.518 Thread 0x0000014fa602bc50 nmethod 527 0x0000014f97bb6110 code [0x0000014f97bb62c0, 0x0000014f97bb68c8]
Event: 0.539 Thread 0x0000014fa6030200  534 %     3       sun.awt.image.PNGImageDecoder::filterRow @ 79 (460 bytes)
Event: 0.541 Thread 0x0000014fa6030200 nmethod 534% 0x0000014f9017d910 code [0x0000014f9017dba0, 0x0000014f9017ec48]
Event: 0.541 Thread 0x0000014fa6030200  535       3       sun.awt.image.PNGImageDecoder::filterRow (460 bytes)
Event: 0.542 Thread 0x0000014fa6030200 nmethod 535 0x0000014f9017f490 code [0x0000014f9017f720, 0x0000014f90180568]
Event: 0.542 Thread 0x0000014fa602bc50  536 %     4       sun.awt.image.PNGImageDecoder::filterRow @ 79 (460 bytes)
Event: 0.547 Thread 0x0000014fa6030200  537 % !   3       sun.awt.image.PNGImageDecoder::produceImage @ 960 (1917 bytes)
Event: 0.558 Thread 0x0000014fa6030200 nmethod 537% 0x0000014f90180d10 code [0x0000014f901814e0, 0x0000014f90187c28]
Event: 0.558 Thread 0x0000014fa6030200  538       3       java.io.BufferedInputStream::getBufIfOpen (21 bytes)
Event: 0.558 Thread 0x0000014fa6030200 nmethod 538 0x0000014f9018c690 code [0x0000014f9018c840, 0x0000014f9018ca48]
Event: 0.559 Thread 0x0000014fa6030200  540       1       java.util.zip.Inflater$InflaterZStreamRef::address (5 bytes)
Event: 0.559 Thread 0x0000014fa6030200 nmethod 540 0x0000014f97bb6c10 code [0x0000014f97bb6da0, 0x0000014f97bb6e78]
Event: 0.559 Thread 0x0000014fa6030200  541       3       java.security.AccessController::executePrivileged (65 bytes)
Event: 0.560 Thread 0x0000014fa6030200 nmethod 541 0x0000014f9018cb10 code [0x0000014f9018cce0, 0x0000014f9018cfd8]
Event: 0.563 Thread 0x0000014fa6030200  542       1       java.lang.Boolean::booleanValue (5 bytes)
Event: 0.563 Thread 0x0000014fa6030200 nmethod 542 0x0000014f97bb6f10 code [0x0000014f97bb70a0, 0x0000014f97bb7178]

GC Heap History (0 events):
No events

Deoptimization events (0 events):
No events

Classes unloaded (0 events):
No events

Classes redefined (0 events):
No events

Internal exceptions (12 events):
Event: 0.168 Thread 0x0000014fa62ca550 Exception <a 'java/lang/NoSuchMethodError'{0x0000000089ccca78}: 'java.lang.Object java.lang.invoke.DirectMethodHandle$Holder.invokeStaticInit(java.lang.Object)'> (0x0000000089ccca78) 
thrown [s\open\src\hotspot\share\interpreter\linkResolver.cpp, line 759]
Event: 0.179 Thread 0x0000014fa62ca550 Exception <a 'java/lang/NoSuchMethodError'{0x0000000089cda738}: 'void java.lang.invoke.DirectMethodHandle$Holder.invokeStatic(java.lang.Object, java.lang.Object)'> (0x0000000089cda738) 
thrown [s\open\src\hotspot\share\interpreter\linkResolver.cpp, line 759]
Event: 0.194 Thread 0x0000014f887f35c0 Exception <a 'java/lang/ClassNotFoundException'{0x0000000089b03eb0}: sun/awt/resources/spi/awtProvider> (0x0000000089b03eb0) 
thrown [s\open\src\hotspot\share\classfile\systemDictionary.cpp, line 256]
Event: 0.227 Thread 0x0000014f887f35c0 Exception <a 'java/io/FileNotFoundException'{0x0000000089b571b0}> (0x0000000089b571b0) 
thrown [s\open\src\hotspot\share\prims\jni.cpp, line 516]
Event: 0.262 Thread 0x0000014f887f35c0 Exception <a 'java/io/FileNotFoundException'{0x0000000089b84140}> (0x0000000089b84140) 
thrown [s\open\src\hotspot\share\prims\jni.cpp, line 516]
Event: 0.402 Thread 0x0000014f887f35c0 Exception <a 'java/lang/NoSuchMethodError'{0x0000000089a531b0}: 'void java.lang.invoke.DirectMethodHandle$Holder.invokeSpecial(java.lang.Object, java.lang.Object, java.lang.Object)'> (0x0000000089a531b0) 
thrown [s\open\src\hotspot\share\interpreter\linkResolver.cpp, line 759]
Event: 0.416 Thread 0x0000014f887f35c0 Exception <a 'java/lang/NoSuchMethodError'{0x0000000089a7d318}: 'java.lang.Object java.lang.invoke.DirectMethodHandle$Holder.newInvokeSpecial(java.lang.Object, java.lang.Object, java.lang.Object, java.lang.Object, java.lang.Object)'> (0x0000000089a7d318) 
thrown [s\open\src\hotspot\share\interpreter\linkResolver.cpp, line 759]
Event: 0.419 Thread 0x0000014f887f35c0 Exception <a 'java/lang/NoSuchMethodError'{0x0000000089a88f30}: 'java.lang.Object java.lang.invoke.DirectMethodHandle$Holder.invokeStatic(java.lang.Object, int, java.lang.Object, java.lang.Object, java.lang.Object, java.lang.Object)'> (0x0000000089a88f30) 
thrown [s\open\src\hotspot\share\interpreter\linkResolver.cpp, line 759]
Event: 0.428 Thread 0x0000014f887f35c0 Exception <a 'java/lang/NoSuchMethodError'{0x0000000089aae6f0}: 'java.lang.Object java.lang.invoke.DirectMethodHandle$Holder.invokeStatic(java.lang.Object, int, java.lang.Object)'> (0x0000000089aae6f0) 
thrown [s\open\src\hotspot\share\interpreter\linkResolver.cpp, line 759]
Event: 0.473 Thread 0x0000014f887f35c0 Exception <a 'java/lang/ClassNotFoundException'{0x0000000089966b78}: com/sun/swing/internal/plaf/metal/resources/spi/metalProvider> (0x0000000089966b78) 
thrown [s\open\src\hotspot\share\classfile\systemDictionary.cpp, line 256]
Event: 0.474 Thread 0x0000014f887f35c0 Exception <a 'java/lang/ClassNotFoundException'{0x000000008996a9d0}: com/sun/swing/internal/plaf/basic/resources/spi/basicProvider> (0x000000008996a9d0) 
thrown [s\open\src\hotspot\share\classfile\systemDictionary.cpp, line 256]
Event: 0.501 Thread 0x0000014fa6539000 Exception <a 'java/lang/NoSuchMethodError'{0x00000000899ff510}: 'java.lang.Object java.lang.invoke.DirectMethodHandle$Holder.newInvokeSpecial(java.lang.Object, java.lang.Object, java.lang.Object, int, int, int, int, int)'> (0x00000000899ff510) 
thrown [s\open\src\hotspot\share\interpreter\linkResolver.cpp, line 759]

VM Operations (4 events):
Event: 0.116 Executing VM operation: HandshakeAllThreads
Event: 0.117 Executing VM operation: HandshakeAllThreads done
Event: 0.166 Executing VM operation: HandshakeAllThreads
Event: 0.167 Executing VM operation: HandshakeAllThreads done

Events (20 events):
Event: 0.505 loading class sun/awt/image/SunWritableRaster
Event: 0.505 loading class java/awt/image/WritableRaster
Event: 0.505 loading class java/awt/image/WritableRaster done
Event: 0.505 loading class sun/awt/image/SunWritableRaster done
Event: 0.534 loading class java/awt/image/SinglePixelPackedSampleModel
Event: 0.534 loading class java/awt/image/SampleModel
Event: 0.534 loading class java/awt/image/SampleModel done
Event: 0.534 loading class java/awt/image/SinglePixelPackedSampleModel done
Event: 0.535 loading class sun/awt/image/IntegerInterleavedRaster
Event: 0.535 loading class sun/awt/image/IntegerComponentRaster
Event: 0.535 loading class sun/awt/image/IntegerComponentRaster done
Event: 0.535 loading class sun/awt/image/IntegerInterleavedRaster done
Event: 0.535 loading class java/awt/image/BufferedImage
Event: 0.536 loading class java/awt/image/WritableRenderedImage
Event: 0.536 loading class java/awt/image/RenderedImage
Event: 0.536 loading class java/awt/image/RenderedImage done
Event: 0.536 loading class java/awt/image/WritableRenderedImage done
Event: 0.536 loading class java/awt/image/BufferedImage done
Event: 0.536 loading class java/awt/image/BufferedImage$1
Event: 0.536 loading class java/awt/image/BufferedImage$1 done


Dynamic libraries:
0x00007ff642350000 - 0x00007ff642360000 	C:\Program Files\Java\jdk-17\bin\java.exe
0x00007ffaf1f10000 - 0x00007ffaf2108000 	C:\Windows\SYSTEM32\ntdll.dll
0x00007ffaf0110000 - 0x00007ffaf01d1000 	C:\Windows\System32\KERNEL32.DLL
0x00007ffaef710000 - 0x00007ffaefa0d000 	C:\Windows\System32\KERNELBASE.dll
0x00007ffaefe10000 - 0x00007ffaeff10000 	C:\Windows\System32\ucrtbase.dll
0x00007ffae9200000 - 0x00007ffae921b000 	C:\Program Files\Java\jdk-17\bin\VCRUNTIME140.dll
0x00007ffae91e0000 - 0x00007ffae91f9000 	C:\Program Files\Java\jdk-17\bin\jli.dll
0x00007ffaf0a80000 - 0x00007ffaf0b30000 	C:\Windows\System32\ADVAPI32.dll
0x00007ffaf1d80000 - 0x00007ffaf1e1e000 	C:\Windows\System32\msvcrt.dll
0x00007ffaf09c0000 - 0x00007ffaf0a60000 	C:\Windows\System32\sechost.dll
0x00007ffaf1350000 - 0x00007ffaf1473000 	C:\Windows\System32\RPCRT4.dll
0x00007ffaeff10000 - 0x00007ffaeff37000 	C:\Windows\System32\bcrypt.dll
0x00007ffaf0200000 - 0x00007ffaf039d000 	C:\Windows\System32\USER32.dll
0x00007ffaefa80000 - 0x00007ffaefaa2000 	C:\Windows\System32\win32u.dll
0x00007ffaf1570000 - 0x00007ffaf159b000 	C:\Windows\System32\GDI32.dll
0x00007ffaefcf0000 - 0x00007ffaefe07000 	C:\Windows\System32\gdi32full.dll
0x00007ffaef670000 - 0x00007ffaef70d000 	C:\Windows\System32\msvcp_win.dll
0x00007ffadd4f0000 - 0x00007ffadd78a000 	C:\Windows\WinSxS\amd64_microsoft.windows.common-controls_6595b64144ccf1df_6.0.19041.4355_none_60b8b9eb71f62e16\COMCTL32.dll
0x00007ffae83d0000 - 0x00007ffae83da000 	C:\Windows\SYSTEM32\VERSION.dll
0x00007ffaf1e20000 - 0x00007ffaf1e4f000 	C:\Windows\System32\IMM32.DLL
0x00007ffae51e0000 - 0x00007ffae51ec000 	C:\Program Files\Java\jdk-17\bin\vcruntime140_1.dll
0x00007ffabd440000 - 0x00007ffabd4ce000 	C:\Program Files\Java\jdk-17\bin\msvcp140.dll
0x00007ffab3b30000 - 0x00007ffab4710000 	C:\Program Files\Java\jdk-17\bin\server\jvm.dll
0x00007ffaf01f0000 - 0x00007ffaf01f8000 	C:\Windows\System32\PSAPI.DLL
0x00007ffae35f0000 - 0x00007ffae35f9000 	C:\Windows\SYSTEM32\WSOCK32.dll
0x00007ffaf1d10000 - 0x00007ffaf1d7b000 	C:\Windows\System32\WS2_32.dll
0x00007ffad7310000 - 0x00007ffad7337000 	C:\Windows\SYSTEM32\WINMM.dll
0x00007ffaed440000 - 0x00007ffaed452000 	C:\Windows\SYSTEM32\kernel.appcore.dll
0x00007ffae51d0000 - 0x00007ffae51da000 	C:\Program Files\Java\jdk-17\bin\jimage.dll
0x00007ffad7ee0000 - 0x00007ffad80c4000 	C:\Windows\SYSTEM32\DBGHELP.DLL
0x00007ffad7100000 - 0x00007ffad7134000 	C:\Windows\SYSTEM32\dbgcore.DLL
0x00007ffaefb00000 - 0x00007ffaefb82000 	C:\Windows\System32\bcryptPrimitives.dll
0x00007ffadc5e0000 - 0x00007ffadc5ee000 	C:\Program Files\Java\jdk-17\bin\instrument.dll
0x00007ffac0a20000 - 0x00007ffac0a45000 	C:\Program Files\Java\jdk-17\bin\java.dll
0x00007ffabc630000 - 0x00007ffabc707000 	C:\Program Files\Java\jdk-17\bin\jsvml.dll
0x00007ffaf15a0000 - 0x00007ffaf1d0f000 	C:\Windows\System32\SHELL32.dll
0x00007ffaed640000 - 0x00007ffaedde3000 	C:\Windows\SYSTEM32\windows.storage.dll
0x00007ffaf0530000 - 0x00007ffaf0883000 	C:\Windows\System32\combase.dll
0x00007ffaeeff0000 - 0x00007ffaef01e000 	C:\Windows\SYSTEM32\Wldp.dll
0x00007ffaf0b30000 - 0x00007ffaf0bfd000 	C:\Windows\System32\OLEAUT32.dll
0x00007ffaf0480000 - 0x00007ffaf052d000 	C:\Windows\System32\SHCORE.dll
0x00007ffaf00b0000 - 0x00007ffaf0105000 	C:\Windows\System32\shlwapi.dll
0x00007ffaef4f0000 - 0x00007ffaef514000 	C:\Windows\SYSTEM32\profapi.dll
0x00007ffadc3e0000 - 0x00007ffadc3f8000 	C:\Program Files\Java\jdk-17\bin\zip.dll
0x00007ffadb940000 - 0x00007ffadb959000 	C:\Program Files\Java\jdk-17\bin\net.dll
0x00007ffae5510000 - 0x00007ffae561d000 	C:\Windows\SYSTEM32\WINHTTP.dll
0x00007ffaeed50000 - 0x00007ffaeedba000 	C:\Windows\system32\mswsock.dll
0x00007ffad7580000 - 0x00007ffad7596000 	C:\Program Files\Java\jdk-17\bin\nio.dll
0x00007ffac5840000 - 0x00007ffac585a000 	C:\Program Files\JetBrains\IntelliJ IDEA Community Edition 2024.2.3\bin\breakgen64.dll
0x00007ffab3750000 - 0x00007ffab38e1000 	C:\Program Files\Java\jdk-17\bin\awt.dll
0x00007ffaeb950000 - 0x00007ffaeb9e4000 	C:\Windows\SYSTEM32\apphelp.dll
0x00007ffaed140000 - 0x00007ffaed16f000 	C:\Windows\system32\DWMAPI.DLL
0x00007ffaeceb0000 - 0x00007ffaecf4e000 	C:\Windows\system32\uxtheme.dll
0x00007ffacba90000 - 0x00007ffacbbb8000 	C:\Windows\system32\opengl32.dll
0x00007ffacc650000 - 0x00007ffacc67c000 	C:\Windows\SYSTEM32\GLU32.dll
0x00007ffaf0dc0000 - 0x00007ffaf0ed5000 	C:\Windows\System32\MSCTF.dll
0x00007ffaf0890000 - 0x00007ffaf09bb000 	C:\Windows\System32\ole32.dll

dbghelp: loaded successfully - version: 4.0.5 - missing functions: none
symbol engine: initialized successfully - sym options: 0x614 - pdb path: .;C:\Program Files\Java\jdk-17\bin;C:\Windows\SYSTEM32;C:\Windows\WinSxS\amd64_microsoft.windows.common-controls_6595b64144ccf1df_6.0.19041.4355_none_60b8b9eb71f62e16;C:\Program Files\Java\jdk-17\bin\server;C:\Program Files\JetBrains\IntelliJ IDEA Community Edition 2024.2.3\bin

VM Arguments:
jvm_args: -javaagent:C:\Program Files\JetBrains\IntelliJ IDEA Community Edition 2024.2.3\lib\idea_rt.jar=61928:C:\Program Files\JetBrains\IntelliJ IDEA Community Edition 2024.2.3\bin -Dfile.encoding=UTF-8 
java_command: Main
java_class_path (initial): C:\Users\Admin\IdeaProjects\Gui1\out\production\Gui1
Launcher Type: SUN_STANDARD

[Global flags]
     intx CICompilerCount                          = 3                                         {product} {ergonomic}
     uint ConcGCThreads                            = 1                                         {product} {ergonomic}
     uint G1ConcRefinementThreads                  = 4                                         {product} {ergonomic}
   size_t G1HeapRegionSize                         = 1048576                                   {product} {ergonomic}
    uintx GCDrainStackTargetSize                   = 64                                        {product} {ergonomic}
   size_t InitialHeapSize                          = 132120576                                 {product} {ergonomic}
   size_t MarkStackSize                            = 4194304                                   {product} {ergonomic}
   size_t MaxHeapSize                              = 2113929216                                {product} {ergonomic}
   size_t MaxNewSize                               = 1267728384                                {product} {ergonomic}
   size_t MinHeapDeltaBytes                        = 1048576                                   {product} {ergonomic}
   size_t MinHeapSize                              = 8388608                                   {product} {ergonomic}
    uintx NonNMethodCodeHeapSize                   = 5832780                                {pd product} {ergonomic}
    uintx NonProfiledCodeHeapSize                  = 122912730                              {pd product} {ergonomic}
    uintx ProfiledCodeHeapSize                     = 122912730                              {pd product} {ergonomic}
    uintx ReservedCodeCacheSize                    = 251658240                              {pd product} {ergonomic}
     bool SegmentedCodeCache                       = true                                      {product} {ergonomic}
   size_t SoftMaxHeapSize                          = 2113929216                             {manageable} {ergonomic}
     bool UseCompressedClassPointers               = true                           {product lp64_product} {ergonomic}
     bool UseCompressedOops                        = true                           {product lp64_product} {ergonomic}
     bool UseG1GC                                  = true                                      {product} {ergonomic}
     bool UseLargePagesIndividualAllocation        = false                                  {pd product} {ergonomic}

Logging:
Log output configuration:
 #0: stdout all=warning uptime,level,tags
 #1: stderr all=off uptime,level,tags

Environment Variables:
PATH=C:\Users\Admin\Documents\node-v20.17.0;C:\Program Files\Common Files\Oracle\Java\javapath;C:\Windows\system32;C:\Windows;C:\Windows\System32\Wbem;C:\Windows\System32\WindowsPowerShell\v1.0\;C:\Windows\System32\OpenSSH\;C:\Program Files (x86)\Microsoft SQL Server\160\DTS\Binn\;C:\ProgramData\chocolatey\bin;C:\Program Files\Git\cmd;C:\Users\Admin\Downloads\;C:\Users\Admin\Documents\node-v20.17.0;C:\Users\Admin\AppData\Local\Microsoft\WindowsApps;C:\Users\Admin\AppData\Local\Programs\Microsoft VS Code\bin;C:\Users\Admin\AppData\Roaming\npm
USERNAME=Admin
OS=Windows_NT
PROCESSOR_IDENTIFIER=Intel64 Family 6 Model 78 Stepping 3, GenuineIntel



---------------  S Y S T E M  ---------------

OS:
 Windows 10 , 64 bit Build 19041 (10.0.19041.4842)
OS uptime: 2 days 2:34 hours

CPU: total 4 (initial active 4) (2 cores per cpu, 2 threads per core) family 6 model 78 stepping 3 microcode 0xcc, cx8, cmov, fxsr, ht, mmx, 3dnowpref, sse, sse2, sse3, ssse3, sse4.1, sse4.2, popcnt, lzcnt, tsc, tscinvbit, avx, avx2, aes, erms, clmul, bmi1, bmi2, rtm, adx, fma, vzeroupper, clflush, clflushopt

Memory: 4k page, system-wide physical 8059M (1286M free)
TotalPageFile size 23321M (AvailPageFile size 4M)
current process WorkingSet (physical memory assigned to process): 91M, peak: 91M
current process commit charge ("private bytes"): 209M, peak: 209M

vm_info: Java HotSpot(TM) 64-Bit Server VM (17.0.12+8-LTS-286) for windows-amd64 JRE (17.0.12+8-LTS-286), built on Jun  5 2024 06:46:59 by "mach5one" with MS VC++ 17.6 (VS2022)

END.
